[2025-03-06 09:00:34](00:00:00) Strat ensemble training...
[2025-03-06 09:00:34](00:00:00) PyTorch Version: 2.4.0+cu121
[2025-03-06 09:00:34](00:00:00) Max epochs: 200, Seed: 234054
[2025-03-06 09:00:35](00:00:01) Database path: /expanse/lustre/scratch/omamun/temp_project/final_exp_catunc/CatUncertainty/data/open_catalyst_20/eagle_split
[2025-03-06 09:00:35](00:00:01) Setting up data module...
[2025-03-06 09:00:35](00:00:01) Data module setup complete!
[2025-03-06 09:00:36](00:00:01) Feature extractor created!
[2025-03-06 09:01:11](00:00:36) Inducing points created!
[2025-03-06 09:01:11](00:00:36) Optimizer created!
[2025-03-06 09:01:11](00:00:36) Scheduler created!
[2025-03-06 09:01:11](00:00:36) Starting training...
[2025-03-06 09:03:28](00:02:54) Epoch: 0 |Train Loss: 1.6483 |Train R²: 0.3372 |Train Speed: 4.01 iter/s |Val Loss: 1.5850 |Val R²: 0.4166 |Val Speed: 5.45 iter/s |FE LR: 1.00e-05 |SVGP LR: 1.00e-02 |Likelihood LR: 1.00e-02
[2025-03-06 09:03:28](00:02:54) Saving best model to checkpoints/best_model_epoch=0_val_loss=1.5850.pt...
[2025-03-06 09:03:28](00:02:54) ★ New best validation metrics!
[2025-03-06 09:05:46](00:05:11) Epoch: 1 |Train Loss: 1.4971 |Train R²: 0.4836 |Train Speed: 4.00 iter/s |Val Loss: 1.4475 |Val R²: 0.5269 |Val Speed: 5.50 iter/s |FE LR: 1.00e-05 |SVGP LR: 1.00e-02 |Likelihood LR: 1.00e-02
[2025-03-06 09:05:46](00:05:11) Saving best model to checkpoints/best_model_epoch=1_val_loss=1.4475.pt...
[2025-03-06 09:05:46](00:05:12) ★ New best validation metrics!
[2025-03-06 09:08:03](00:07:29) Epoch: 2 |Train Loss: 1.4619 |Train R²: 0.5078 |Train Speed: 4.01 iter/s |Val Loss: 1.4556 |Val R²: 0.5198 |Val Speed: 5.48 iter/s |FE LR: 1.00e-05 |SVGP LR: 1.00e-02 |Likelihood LR: 1.00e-02
[2025-03-06 09:08:03](00:07:29) Early stopping counter: 1/5 (Best val_loss: 1.4475)
[2025-03-06 09:10:21](00:09:46) Epoch: 3 |Train Loss: 1.4384 |Train R²: 0.5239 |Train Speed: 4.01 iter/s |Val Loss: 1.4639 |Val R²: 0.4900 |Val Speed: 5.48 iter/s |FE LR: 1.00e-05 |SVGP LR: 1.00e-02 |Likelihood LR: 1.00e-02
[2025-03-06 09:10:21](00:09:46) Early stopping counter: 2/5 (Best val_loss: 1.4475)
[2025-03-06 09:12:38](00:12:03) Epoch: 4 |Train Loss: 1.4352 |Train R²: 0.5262 |Train Speed: 4.01 iter/s |Val Loss: 1.4569 |Val R²: 0.5498 |Val Speed: 5.52 iter/s |FE LR: 1.00e-05 |SVGP LR: 1.00e-02 |Likelihood LR: 1.00e-02
[2025-03-06 09:12:38](00:12:03) Early stopping counter: 3/5 (Best val_loss: 1.4475)
[2025-03-06 09:14:56](00:14:22) Epoch: 5 |Train Loss: 1.4206 |Train R²: 0.5352 |Train Speed: 3.98 iter/s |Val Loss: 1.3896 |Val R²: 0.5646 |Val Speed: 5.49 iter/s |FE LR: 1.00e-05 |SVGP LR: 1.00e-02 |Likelihood LR: 1.00e-02
[2025-03-06 09:14:56](00:14:22) Saving best model to checkpoints/best_model_epoch=5_val_loss=1.3896.pt...
[2025-03-06 09:14:56](00:14:22) ★ New best validation metrics!
[2025-03-06 09:17:14](00:16:40) Epoch: 6 |Train Loss: 1.4061 |Train R²: 0.5432 |Train Speed: 3.99 iter/s |Val Loss: 1.3715 |Val R²: 0.5742 |Val Speed: 5.50 iter/s |FE LR: 1.00e-05 |SVGP LR: 1.00e-02 |Likelihood LR: 1.00e-02
[2025-03-06 09:17:14](00:16:40) Saving best model to checkpoints/best_model_epoch=6_val_loss=1.3715.pt...
[2025-03-06 09:17:14](00:16:40) ★ New best validation metrics!
[2025-03-06 09:19:32](00:18:57) Epoch: 7 |Train Loss: 1.3828 |Train R²: 0.5560 |Train Speed: 4.00 iter/s |Val Loss: 1.3557 |Val R²: 0.5770 |Val Speed: 5.49 iter/s |FE LR: 1.00e-05 |SVGP LR: 1.00e-02 |Likelihood LR: 1.00e-02
[2025-03-06 09:19:32](00:18:57) Saving best model to checkpoints/best_model_epoch=7_val_loss=1.3557.pt...
[2025-03-06 09:19:32](00:18:57) ★ New best validation metrics!
[2025-03-06 09:21:49](00:21:15) Epoch: 8 |Train Loss: 1.3596 |Train R²: 0.5665 |Train Speed: 4.00 iter/s |Val Loss: 1.3475 |Val R²: 0.5835 |Val Speed: 5.49 iter/s |FE LR: 1.00e-05 |SVGP LR: 1.00e-02 |Likelihood LR: 1.00e-02
[2025-03-06 09:21:50](00:21:15) Saving best model to checkpoints/best_model_epoch=8_val_loss=1.3475.pt...
[2025-03-06 09:21:50](00:21:15) ★ New best validation metrics!
[2025-03-06 09:24:07](00:23:33) Epoch: 9 |Train Loss: 1.3493 |Train R²: 0.5734 |Train Speed: 4.00 iter/s |Val Loss: 1.3214 |Val R²: 0.5871 |Val Speed: 5.49 iter/s |FE LR: 1.00e-05 |SVGP LR: 1.00e-02 |Likelihood LR: 1.00e-02
[2025-03-06 09:24:07](00:23:33) Saving best model to checkpoints/best_model_epoch=9_val_loss=1.3214.pt...
[2025-03-06 09:24:07](00:23:33) ★ New best validation metrics!
[2025-03-06 09:26:24](00:25:50) Epoch: 10 |Train Loss: 1.3180 |Train R²: 0.5899 |Train Speed: 4.01 iter/s |Val Loss: 1.3235 |Val R²: 0.5890 |Val Speed: 5.53 iter/s |FE LR: 1.00e-05 |SVGP LR: 1.00e-02 |Likelihood LR: 1.00e-02
[2025-03-06 09:26:24](00:25:50) Early stopping counter: 1/5 (Best val_loss: 1.3214)
[2025-03-06 09:28:42](00:28:08) Epoch: 11 |Train Loss: 1.3008 |Train R²: 0.6008 |Train Speed: 3.99 iter/s |Val Loss: 1.3241 |Val R²: 0.5924 |Val Speed: 5.49 iter/s |FE LR: 1.00e-05 |SVGP LR: 1.00e-02 |Likelihood LR: 1.00e-02
[2025-03-06 09:28:42](00:28:08) Early stopping counter: 2/5 (Best val_loss: 1.3214)
[2025-03-06 09:31:00](00:30:25) Epoch: 12 |Train Loss: 1.2852 |Train R²: 0.6098 |Train Speed: 4.00 iter/s |Val Loss: 1.2912 |Val R²: 0.6089 |Val Speed: 5.50 iter/s |FE LR: 1.00e-05 |SVGP LR: 1.00e-02 |Likelihood LR: 1.00e-02
[2025-03-06 09:31:00](00:30:25) Saving best model to checkpoints/best_model_epoch=12_val_loss=1.2912.pt...
[2025-03-06 09:31:00](00:30:25) ★ New best validation metrics!
[2025-03-06 09:33:18](00:32:43) Epoch: 13 |Train Loss: 1.2704 |Train R²: 0.6155 |Train Speed: 4.00 iter/s |Val Loss: 1.3206 |Val R²: 0.5898 |Val Speed: 5.49 iter/s |FE LR: 1.00e-05 |SVGP LR: 1.00e-02 |Likelihood LR: 1.00e-02
[2025-03-06 09:33:18](00:32:43) Early stopping counter: 1/5 (Best val_loss: 1.2912)
[2025-03-06 09:35:35](00:35:01) Epoch: 14 |Train Loss: 1.2529 |Train R²: 0.6246 |Train Speed: 4.00 iter/s |Val Loss: 1.4171 |Val R²: 0.5407 |Val Speed: 5.45 iter/s |FE LR: 1.00e-05 |SVGP LR: 1.00e-02 |Likelihood LR: 1.00e-02
[2025-03-06 09:35:35](00:35:01) Early stopping counter: 2/5 (Best val_loss: 1.2912)
[2025-03-06 09:37:53](00:37:18) Epoch: 15 |Train Loss: 1.2505 |Train R²: 0.6254 |Train Speed: 4.01 iter/s |Val Loss: 1.2495 |Val R²: 0.6358 |Val Speed: 5.50 iter/s |FE LR: 1.00e-05 |SVGP LR: 1.00e-02 |Likelihood LR: 1.00e-02
[2025-03-06 09:37:53](00:37:18) Saving best model to checkpoints/best_model_epoch=15_val_loss=1.2495.pt...
[2025-03-06 09:37:53](00:37:18) ★ New best validation metrics!
[2025-03-06 09:40:10](00:39:36) Epoch: 16 |Train Loss: 1.2345 |Train R²: 0.6326 |Train Speed: 4.00 iter/s |Val Loss: 1.2691 |Val R²: 0.6218 |Val Speed: 5.48 iter/s |FE LR: 1.00e-05 |SVGP LR: 1.00e-02 |Likelihood LR: 1.00e-02
[2025-03-06 09:40:10](00:39:36) Early stopping counter: 1/5 (Best val_loss: 1.2495)
[2025-03-06 09:42:28](00:41:53) Epoch: 17 |Train Loss: 1.2313 |Train R²: 0.6355 |Train Speed: 4.01 iter/s |Val Loss: 1.2320 |Val R²: 0.6447 |Val Speed: 5.49 iter/s |FE LR: 1.00e-05 |SVGP LR: 1.00e-02 |Likelihood LR: 1.00e-02
[2025-03-06 09:42:28](00:41:53) Saving best model to checkpoints/best_model_epoch=17_val_loss=1.2320.pt...
[2025-03-06 09:42:28](00:41:53) ★ New best validation metrics!
[2025-03-06 09:44:45](00:44:10) Epoch: 18 |Train Loss: 1.2221 |Train R²: 0.6402 |Train Speed: 4.02 iter/s |Val Loss: 1.2100 |Val R²: 0.6491 |Val Speed: 5.47 iter/s |FE LR: 1.00e-05 |SVGP LR: 1.00e-02 |Likelihood LR: 1.00e-02
[2025-03-06 09:44:45](00:44:10) Saving best model to checkpoints/best_model_epoch=18_val_loss=1.2100.pt...
[2025-03-06 09:44:45](00:44:10) ★ New best validation metrics!
[2025-03-06 09:47:03](00:46:28) Epoch: 19 |Train Loss: 1.1980 |Train R²: 0.6505 |Train Speed: 4.00 iter/s |Val Loss: 1.2086 |Val R²: 0.6550 |Val Speed: 5.48 iter/s |FE LR: 1.00e-05 |SVGP LR: 1.00e-02 |Likelihood LR: 1.00e-02
[2025-03-06 09:47:03](00:46:28) Saving best model to checkpoints/best_model_epoch=19_val_loss=1.2086.pt...
[2025-03-06 09:47:03](00:46:28) ★ New best validation metrics!
[2025-03-06 09:49:21](00:48:46) Epoch: 20 |Train Loss: 1.1845 |Train R²: 0.6579 |Train Speed: 4.00 iter/s |Val Loss: 1.2196 |Val R²: 0.6523 |Val Speed: 5.46 iter/s |FE LR: 1.00e-05 |SVGP LR: 1.00e-02 |Likelihood LR: 1.00e-02
[2025-03-06 09:49:21](00:48:46) Early stopping counter: 1/5 (Best val_loss: 1.2086)
[2025-03-06 09:51:38](00:51:04) Epoch: 21 |Train Loss: 1.1767 |Train R²: 0.6633 |Train Speed: 4.00 iter/s |Val Loss: 1.2179 |Val R²: 0.6554 |Val Speed: 5.49 iter/s |FE LR: 1.00e-05 |SVGP LR: 1.00e-02 |Likelihood LR: 1.00e-02
[2025-03-06 09:51:38](00:51:04) Early stopping counter: 2/5 (Best val_loss: 1.2086)
[2025-03-06 09:53:56](00:53:22) Epoch: 22 |Train Loss: 1.1622 |Train R²: 0.6711 |Train Speed: 3.99 iter/s |Val Loss: 1.1763 |Val R²: 0.6739 |Val Speed: 5.51 iter/s |FE LR: 1.00e-05 |SVGP LR: 1.00e-02 |Likelihood LR: 1.00e-02
[2025-03-06 09:53:56](00:53:22) Saving best model to checkpoints/best_model_epoch=22_val_loss=1.1763.pt...
[2025-03-06 09:53:56](00:53:22) ★ New best validation metrics!
[2025-03-06 09:56:14](00:55:39) Epoch: 23 |Train Loss: 1.1608 |Train R²: 0.6728 |Train Speed: 4.00 iter/s |Val Loss: 1.2312 |Val R²: 0.6512 |Val Speed: 5.46 iter/s |FE LR: 1.00e-05 |SVGP LR: 1.00e-02 |Likelihood LR: 1.00e-02
[2025-03-06 09:56:14](00:55:39) Early stopping counter: 1/5 (Best val_loss: 1.1763)
[2025-03-06 09:58:32](00:57:57) Epoch: 24 |Train Loss: 1.1502 |Train R²: 0.6790 |Train Speed: 3.99 iter/s |Val Loss: 1.1627 |Val R²: 0.6796 |Val Speed: 5.49 iter/s |FE LR: 1.00e-05 |SVGP LR: 1.00e-02 |Likelihood LR: 1.00e-02
[2025-03-06 09:58:32](00:57:57) Saving best model to checkpoints/best_model_epoch=24_val_loss=1.1627.pt...
[2025-03-06 09:58:32](00:57:58) ★ New best validation metrics!
[2025-03-06 10:00:50](01:00:15) Epoch: 25 |Train Loss: 1.1369 |Train R²: 0.6861 |Train Speed: 4.00 iter/s |Val Loss: 1.1627 |Val R²: 0.6801 |Val Speed: 5.47 iter/s |FE LR: 1.00e-05 |SVGP LR: 1.00e-02 |Likelihood LR: 1.00e-02
[2025-03-06 10:00:50](01:00:15) Early stopping counter: 1/5 (Best val_loss: 1.1627)
[2025-03-06 10:03:07](01:02:33) Epoch: 26 |Train Loss: 1.1305 |Train R²: 0.6902 |Train Speed: 4.00 iter/s |Val Loss: 1.1547 |Val R²: 0.6899 |Val Speed: 5.47 iter/s |FE LR: 1.00e-05 |SVGP LR: 1.00e-02 |Likelihood LR: 1.00e-02
[2025-03-06 10:03:07](01:02:33) Saving best model to checkpoints/best_model_epoch=26_val_loss=1.1547.pt...
[2025-03-06 10:03:07](01:02:33) ★ New best validation metrics!
[2025-03-06 10:05:25](01:04:51) Epoch: 27 |Train Loss: 1.1106 |Train R²: 0.6997 |Train Speed: 4.00 iter/s |Val Loss: 1.2100 |Val R²: 0.6637 |Val Speed: 5.42 iter/s |FE LR: 1.00e-05 |SVGP LR: 1.00e-02 |Likelihood LR: 1.00e-02
[2025-03-06 10:05:25](01:04:51) Early stopping counter: 1/5 (Best val_loss: 1.1547)
[2025-03-06 10:07:43](01:07:09) Epoch: 28 |Train Loss: 1.1062 |Train R²: 0.7016 |Train Speed: 3.98 iter/s |Val Loss: 1.2103 |Val R²: 0.6729 |Val Speed: 5.47 iter/s |FE LR: 1.00e-05 |SVGP LR: 1.00e-02 |Likelihood LR: 1.00e-02
[2025-03-06 10:07:43](01:07:09) Early stopping counter: 2/5 (Best val_loss: 1.1547)
[2025-03-06 10:10:01](01:09:27) Epoch: 29 |Train Loss: 1.0950 |Train R²: 0.7085 |Train Speed: 4.00 iter/s |Val Loss: 1.1574 |Val R²: 0.6899 |Val Speed: 5.48 iter/s |FE LR: 1.00e-05 |SVGP LR: 1.00e-02 |Likelihood LR: 1.00e-02
[2025-03-06 10:10:01](01:09:27) Early stopping counter: 3/5 (Best val_loss: 1.1547)
[2025-03-06 10:12:19](01:11:44) Epoch: 30 |Train Loss: 1.0875 |Train R²: 0.7106 |Train Speed: 4.01 iter/s |Val Loss: 1.1350 |Val R²: 0.7047 |Val Speed: 5.49 iter/s |FE LR: 1.00e-05 |SVGP LR: 1.00e-02 |Likelihood LR: 1.00e-02
[2025-03-06 10:12:19](01:11:44) Saving best model to checkpoints/best_model_epoch=30_val_loss=1.1350.pt...
[2025-03-06 10:12:19](01:11:44) ★ New best validation metrics!
[2025-03-06 10:14:36](01:14:01) Epoch: 31 |Train Loss: 1.0847 |Train R²: 0.7130 |Train Speed: 4.02 iter/s |Val Loss: 1.1353 |Val R²: 0.7018 |Val Speed: 5.53 iter/s |FE LR: 1.00e-05 |SVGP LR: 1.00e-02 |Likelihood LR: 1.00e-02
[2025-03-06 10:14:36](01:14:01) Early stopping counter: 1/5 (Best val_loss: 1.1350)
[2025-03-06 10:16:53](01:16:18) Epoch: 32 |Train Loss: 1.0865 |Train R²: 0.7131 |Train Speed: 4.02 iter/s |Val Loss: 1.1173 |Val R²: 0.7093 |Val Speed: 5.50 iter/s |FE LR: 1.00e-05 |SVGP LR: 1.00e-02 |Likelihood LR: 1.00e-02
[2025-03-06 10:16:53](01:16:18) Saving best model to checkpoints/best_model_epoch=32_val_loss=1.1173.pt...
[2025-03-06 10:16:53](01:16:19) ★ New best validation metrics!
[2025-03-06 10:19:12](01:18:38) Epoch: 33 |Train Loss: 1.0699 |Train R²: 0.7200 |Train Speed: 3.98 iter/s |Val Loss: 1.1230 |Val R²: 0.7072 |Val Speed: 5.48 iter/s |FE LR: 1.00e-05 |SVGP LR: 1.00e-02 |Likelihood LR: 1.00e-02
[2025-03-06 10:19:12](01:18:38) Early stopping counter: 1/5 (Best val_loss: 1.1173)
[2025-03-06 10:21:30](01:20:55) Epoch: 34 |Train Loss: 1.0690 |Train R²: 0.7216 |Train Speed: 4.00 iter/s |Val Loss: 1.1514 |Val R²: 0.7011 |Val Speed: 5.45 iter/s |FE LR: 1.00e-05 |SVGP LR: 1.00e-02 |Likelihood LR: 1.00e-02
[2025-03-06 10:21:30](01:20:55) Early stopping counter: 2/5 (Best val_loss: 1.1173)
[2025-03-06 10:23:47](01:23:13) Epoch: 35 |Train Loss: 1.0628 |Train R²: 0.7257 |Train Speed: 4.00 iter/s |Val Loss: 1.0976 |Val R²: 0.7183 |Val Speed: 5.50 iter/s |FE LR: 1.00e-05 |SVGP LR: 1.00e-02 |Likelihood LR: 1.00e-02
[2025-03-06 10:23:47](01:23:13) Saving best model to checkpoints/best_model_epoch=35_val_loss=1.0976.pt...
[2025-03-06 10:23:48](01:23:13) ★ New best validation metrics!
[2025-03-06 10:26:05](01:25:30) Epoch: 36 |Train Loss: 1.0492 |Train R²: 0.7307 |Train Speed: 4.00 iter/s |Val Loss: 1.0927 |Val R²: 0.7198 |Val Speed: 5.50 iter/s |FE LR: 1.00e-05 |SVGP LR: 1.00e-02 |Likelihood LR: 1.00e-02
[2025-03-06 10:26:05](01:25:30) Saving best model to checkpoints/best_model_epoch=36_val_loss=1.0927.pt...
[2025-03-06 10:26:05](01:25:31) ★ New best validation metrics!
[2025-03-06 10:28:23](01:27:48) Epoch: 37 |Train Loss: 1.0611 |Train R²: 0.7267 |Train Speed: 3.99 iter/s |Val Loss: 1.1367 |Val R²: 0.7038 |Val Speed: 5.48 iter/s |FE LR: 1.00e-05 |SVGP LR: 1.00e-02 |Likelihood LR: 1.00e-02
[2025-03-06 10:28:23](01:27:48) Early stopping counter: 1/5 (Best val_loss: 1.0927)
[2025-03-06 10:30:41](01:30:06) Epoch: 38 |Train Loss: 1.0424 |Train R²: 0.7350 |Train Speed: 4.00 iter/s |Val Loss: 1.0868 |Val R²: 0.7262 |Val Speed: 5.49 iter/s |FE LR: 1.00e-05 |SVGP LR: 1.00e-02 |Likelihood LR: 1.00e-02
[2025-03-06 10:30:41](01:30:06) Saving best model to checkpoints/best_model_epoch=38_val_loss=1.0868.pt...
[2025-03-06 10:30:41](01:30:06) ★ New best validation metrics!
[2025-03-06 10:32:58](01:32:24) Epoch: 39 |Train Loss: 1.0354 |Train R²: 0.7376 |Train Speed: 4.00 iter/s |Val Loss: 1.0804 |Val R²: 0.7291 |Val Speed: 5.51 iter/s |FE LR: 1.00e-05 |SVGP LR: 1.00e-02 |Likelihood LR: 1.00e-02
[2025-03-06 10:32:58](01:32:24) Saving best model to checkpoints/best_model_epoch=39_val_loss=1.0804.pt...
[2025-03-06 10:32:58](01:32:24) ★ New best validation metrics!
[2025-03-06 10:35:16](01:34:41) Epoch: 40 |Train Loss: 1.0359 |Train R²: 0.7385 |Train Speed: 4.00 iter/s |Val Loss: 1.1277 |Val R²: 0.7107 |Val Speed: 5.48 iter/s |FE LR: 1.00e-05 |SVGP LR: 1.00e-02 |Likelihood LR: 1.00e-02
[2025-03-06 10:35:16](01:34:41) Early stopping counter: 1/5 (Best val_loss: 1.0804)
[2025-03-06 10:37:34](01:36:59) Epoch: 41 |Train Loss: 1.0353 |Train R²: 0.7402 |Train Speed: 3.99 iter/s |Val Loss: 1.1727 |Val R²: 0.6891 |Val Speed: 5.47 iter/s |FE LR: 1.00e-05 |SVGP LR: 1.00e-02 |Likelihood LR: 1.00e-02
[2025-03-06 10:37:34](01:36:59) Early stopping counter: 2/5 (Best val_loss: 1.0804)
[2025-03-06 10:39:52](01:39:17) Epoch: 42 |Train Loss: 1.0246 |Train R²: 0.7444 |Train Speed: 4.00 iter/s |Val Loss: 1.0798 |Val R²: 0.7313 |Val Speed: 5.48 iter/s |FE LR: 1.00e-05 |SVGP LR: 1.00e-02 |Likelihood LR: 1.00e-02
[2025-03-06 10:39:52](01:39:17) Saving best model to checkpoints/best_model_epoch=42_val_loss=1.0798.pt...
[2025-03-06 10:39:52](01:39:17) ★ New best validation metrics!
[2025-03-06 10:42:10](01:41:35) Epoch: 43 |Train Loss: 1.0254 |Train R²: 0.7443 |Train Speed: 3.99 iter/s |Val Loss: 1.1940 |Val R²: 0.7011 |Val Speed: 5.48 iter/s |FE LR: 1.00e-05 |SVGP LR: 1.00e-02 |Likelihood LR: 1.00e-02
[2025-03-06 10:42:10](01:41:35) Early stopping counter: 1/5 (Best val_loss: 1.0798)
[2025-03-06 10:44:27](01:43:53) Epoch: 44 |Train Loss: 1.0229 |Train R²: 0.7475 |Train Speed: 4.00 iter/s |Val Loss: 1.0723 |Val R²: 0.7328 |Val Speed: 5.51 iter/s |FE LR: 1.00e-05 |SVGP LR: 1.00e-02 |Likelihood LR: 1.00e-02
[2025-03-06 10:44:27](01:43:53) Saving best model to checkpoints/best_model_epoch=44_val_loss=1.0723.pt...
[2025-03-06 10:44:27](01:43:53) ★ New best validation metrics!
[2025-03-06 10:46:45](01:46:11) Epoch: 45 |Train Loss: 1.0128 |Train R²: 0.7503 |Train Speed: 3.99 iter/s |Val Loss: 1.1092 |Val R²: 0.7218 |Val Speed: 5.47 iter/s |FE LR: 1.00e-05 |SVGP LR: 1.00e-02 |Likelihood LR: 1.00e-02
[2025-03-06 10:46:45](01:46:11) Early stopping counter: 1/5 (Best val_loss: 1.0723)
[2025-03-06 10:49:03](01:48:29) Epoch: 46 |Train Loss: 1.0022 |Train R²: 0.7554 |Train Speed: 3.99 iter/s |Val Loss: 1.0735 |Val R²: 0.7335 |Val Speed: 5.49 iter/s |FE LR: 1.00e-05 |SVGP LR: 1.00e-02 |Likelihood LR: 1.00e-02
[2025-03-06 10:49:03](01:48:29) Early stopping counter: 2/5 (Best val_loss: 1.0723)
[2025-03-06 10:51:21](01:50:46) Epoch: 47 |Train Loss: 1.0083 |Train R²: 0.7540 |Train Speed: 4.00 iter/s |Val Loss: 1.0925 |Val R²: 0.7308 |Val Speed: 5.50 iter/s |FE LR: 1.00e-05 |SVGP LR: 1.00e-02 |Likelihood LR: 1.00e-02
[2025-03-06 10:51:21](01:50:46) Early stopping counter: 3/5 (Best val_loss: 1.0723)
[2025-03-06 10:53:39](01:53:04) Epoch: 48 |Train Loss: 1.0088 |Train R²: 0.7545 |Train Speed: 3.99 iter/s |Val Loss: 1.2179 |Val R²: 0.6911 |Val Speed: 5.47 iter/s |FE LR: 1.00e-05 |SVGP LR: 1.00e-02 |Likelihood LR: 1.00e-02
[2025-03-06 10:53:39](01:53:04) Early stopping counter: 4/5 (Best val_loss: 1.0723)
[2025-03-06 10:55:57](01:55:22) Epoch: 49 |Train Loss: 0.9983 |Train R²: 0.7585 |Train Speed: 3.99 iter/s |Val Loss: 1.0713 |Val R²: 0.7394 |Val Speed: 5.46 iter/s |FE LR: 1.00e-05 |SVGP LR: 1.00e-02 |Likelihood LR: 1.00e-02
[2025-03-06 10:55:57](01:55:22) Saving best model to checkpoints/best_model_epoch=49_val_loss=1.0713.pt...
[2025-03-06 10:55:57](01:55:22) ★ New best validation metrics!
[2025-03-06 10:58:15](01:57:40) Epoch: 50 |Train Loss: 0.9905 |Train R²: 0.7616 |Train Speed: 3.99 iter/s |Val Loss: 1.4206 |Val R²: 0.6440 |Val Speed: 5.47 iter/s |FE LR: 1.00e-05 |SVGP LR: 1.00e-02 |Likelihood LR: 1.00e-02
[2025-03-06 10:58:15](01:57:40) Early stopping counter: 1/5 (Best val_loss: 1.0713)
[2025-03-06 11:00:32](01:59:58) Epoch: 51 |Train Loss: 0.9914 |Train R²: 0.7620 |Train Speed: 4.00 iter/s |Val Loss: 1.0733 |Val R²: 0.7379 |Val Speed: 5.49 iter/s |FE LR: 1.00e-05 |SVGP LR: 1.00e-02 |Likelihood LR: 1.00e-02
[2025-03-06 11:00:32](01:59:58) Early stopping counter: 2/5 (Best val_loss: 1.0713)
[2025-03-06 11:02:49](02:02:15) Epoch: 52 |Train Loss: 0.9843 |Train R²: 0.7645 |Train Speed: 4.01 iter/s |Val Loss: 1.0753 |Val R²: 0.7368 |Val Speed: 5.49 iter/s |FE LR: 1.00e-05 |SVGP LR: 1.00e-02 |Likelihood LR: 1.00e-02
[2025-03-06 11:02:49](02:02:15) Early stopping counter: 3/5 (Best val_loss: 1.0713)
[2025-03-06 11:05:07](02:04:33) Epoch: 53 |Train Loss: 0.9835 |Train R²: 0.7660 |Train Speed: 4.00 iter/s |Val Loss: 1.0683 |Val R²: 0.7439 |Val Speed: 5.48 iter/s |FE LR: 1.00e-05 |SVGP LR: 1.00e-02 |Likelihood LR: 1.00e-02
[2025-03-06 11:05:07](02:04:33) Saving best model to checkpoints/best_model_epoch=53_val_loss=1.0683.pt...
[2025-03-06 11:05:07](02:04:33) ★ New best validation metrics!
[2025-03-06 11:07:25](02:06:50) Epoch: 54 |Train Loss: 0.9795 |Train R²: 0.7672 |Train Speed: 4.00 iter/s |Val Loss: 1.0706 |Val R²: 0.7442 |Val Speed: 5.46 iter/s |FE LR: 1.00e-05 |SVGP LR: 1.00e-02 |Likelihood LR: 1.00e-02
[2025-03-06 11:07:25](02:06:50) Early stopping counter: 1/5 (Best val_loss: 1.0683)
[2025-03-06 11:09:43](02:09:09) Epoch: 55 |Train Loss: 0.9756 |Train R²: 0.7697 |Train Speed: 3.98 iter/s |Val Loss: 1.0606 |Val R²: 0.7432 |Val Speed: 5.48 iter/s |FE LR: 1.00e-05 |SVGP LR: 1.00e-02 |Likelihood LR: 1.00e-02
[2025-03-06 11:09:43](02:09:09) Saving best model to checkpoints/best_model_epoch=55_val_loss=1.0606.pt...
[2025-03-06 11:09:43](02:09:09) ★ New best validation metrics!
[2025-03-06 11:12:02](02:11:27) Epoch: 56 |Train Loss: 0.9670 |Train R²: 0.7730 |Train Speed: 3.98 iter/s |Val Loss: 1.0869 |Val R²: 0.7323 |Val Speed: 5.39 iter/s |FE LR: 1.00e-05 |SVGP LR: 1.00e-02 |Likelihood LR: 1.00e-02
[2025-03-06 11:12:02](02:11:27) Early stopping counter: 1/5 (Best val_loss: 1.0606)
[2025-03-06 11:14:23](02:13:48) Epoch: 57 |Train Loss: 0.9645 |Train R²: 0.7734 |Train Speed: 3.92 iter/s |Val Loss: 1.0751 |Val R²: 0.7444 |Val Speed: 5.14 iter/s |FE LR: 1.00e-05 |SVGP LR: 1.00e-02 |Likelihood LR: 1.00e-02
[2025-03-06 11:14:23](02:13:48) Early stopping counter: 2/5 (Best val_loss: 1.0606)
[2025-03-06 11:16:42](02:16:08) Epoch: 58 |Train Loss: 0.9644 |Train R²: 0.7747 |Train Speed: 3.94 iter/s |Val Loss: 1.0737 |Val R²: 0.7432 |Val Speed: 5.46 iter/s |FE LR: 1.00e-05 |SVGP LR: 1.00e-02 |Likelihood LR: 1.00e-02
[2025-03-06 11:16:42](02:16:08) Early stopping counter: 3/5 (Best val_loss: 1.0606)
[2025-03-06 11:19:00](02:18:26) Epoch: 59 |Train Loss: 0.9699 |Train R²: 0.7734 |Train Speed: 3.99 iter/s |Val Loss: 1.0778 |Val R²: 0.7426 |Val Speed: 5.49 iter/s |FE LR: 1.00e-05 |SVGP LR: 1.00e-02 |Likelihood LR: 1.00e-02
[2025-03-06 11:19:00](02:18:26) Early stopping counter: 4/5 (Best val_loss: 1.0606)
[2025-03-06 11:21:19](02:20:44) Epoch: 60 |Train Loss: 0.9754 |Train R²: 0.7715 |Train Speed: 3.98 iter/s |Val Loss: 1.0781 |Val R²: 0.7454 |Val Speed: 5.40 iter/s |FE LR: 1.00e-05 |SVGP LR: 1.00e-02 |Likelihood LR: 1.00e-02
[2025-03-06 11:21:19](02:20:44) Early stopping counter: 5/5 (Best val_loss: 1.0606)
[2025-03-06 11:21:19](02:20:44) 
Early stopping triggered! No improvement in validation loss for 5 epochs.
[2025-03-06 11:21:19](02:20:44) 
Training stopped early at epoch 61/200
[2025-03-06 11:21:19](02:20:44) 
Saving final model...
[2025-03-06 11:21:20](02:20:46) ✓ Model saved to model.pt!
[2025-03-06 11:21:20](02:20:46) 
✓ Training completed successfully!
[2025-03-06 11:21:20](02:20:46) Best validation metrics:
• Loss: 1.0606
• R²: 0.7432
[2025-03-06 11:21:21](02:20:46) 
Evaluating train set...
[2025-03-06 11:22:51](02:22:16) • R²: 0.7817
[2025-03-06 11:22:51](02:22:16) • RMSE: 0.7143
[2025-03-06 11:22:51](02:22:16) 
Evaluating val set...
[2025-03-06 11:23:04](02:22:30) • R²: 0.7432
[2025-03-06 11:23:04](02:22:30) • RMSE: 0.7869
[2025-03-06 11:23:04](02:22:30) 
Evaluating test set...
[2025-03-06 11:23:36](02:23:02) • R²: 0.7384
[2025-03-06 11:23:36](02:23:02) • RMSE: 0.7815
[2025-03-06 11:23:37](02:23:03) 
✓ Results saved to results.pt!
