[2025-02-19 07:31:38](00:00:00) Strat evidential training...
[2025-02-19 07:31:38](00:00:00) PyTorch Version: 2.4.0+cu121
[2025-02-19 07:31:38](00:00:00) Max epochs: 200, Seed: 51122
[2025-02-19 07:31:38](00:00:00) Hyperparameter tuning started...
[2025-02-19 15:19:03](07:47:25) Hyperparameter tuning finished.
[2025-02-19 15:19:03](07:47:25) Best config:  {'batch_size': 32, 'num_layers': 5, 'hidden_channels': 128, 'num_radial': 25, 'readout': 'mean', 'activation': 'ssp', 'optimizer': 'adamw', 'scheduler': 'reduce_on_plateau', 'learning_rate': 0.0003612315660220409}
[2025-02-19 15:19:03](07:47:25) Database path: /expanse/lustre/scratch/omamun/temp_project/final_exp_catunc/CatUncertainty/data/catalysis_hub
[2025-02-19 15:19:03](07:47:25) Setting up data module...
[2025-02-19 15:19:03](07:47:25) Data module setup complete!
[2025-02-19 15:19:03](07:47:25) PaiNN model created!
[2025-02-19 15:19:03](07:47:25) Lightning module created!
[2025-02-19 15:19:03](07:47:25) Training started...
[2025-02-19 16:18:00](08:46:21) Training completed!
[2025-02-19 16:18:00](08:46:21) Evaluating train set...
[2025-02-19 16:18:27](08:46:49) R²: 0.9976 | RMSE: 0.0949
[2025-02-19 16:18:27](08:46:49) Evaluating val set...
[2025-02-19 16:18:31](08:46:53) R²: 0.9901 | RMSE: 0.1904
[2025-02-19 16:18:31](08:46:53) Evaluating test set...
[2025-02-19 16:18:40](08:47:01) R²: 0.9897 | RMSE: 0.1919
[2025-02-19 16:18:40](08:47:01) ✓ Predictions saved to results.pt!
