[2025-02-19 07:22:26](00:00:00) Strat evidential training...
[2025-02-19 07:22:26](00:00:00) PyTorch Version: 2.4.0+cu121
[2025-02-19 07:22:26](00:00:00) Max epochs: 200, Seed: 24149
[2025-02-19 07:22:26](00:00:00) Hyperparameter tuning started...
[2025-02-19 09:40:43](02:18:16) Hyperparameter tuning finished.
[2025-02-19 09:40:43](02:18:16) Best config:  {'batch_size': 64, 'num_layers': 6, 'hidden_channels': 256, 'num_radial': 25, 'readout': 'mean', 'activation': 'relu', 'optimizer': 'adam', 'scheduler': 'step', 'learning_rate': 0.0001656024444318632}
[2025-02-19 09:40:43](02:18:16) Database path: /expanse/lustre/scratch/omamun/temp_project/final_exp_catunc/CatUncertainty/data/catalysis_hub
[2025-02-19 09:40:43](02:18:16) Setting up data module...
[2025-02-19 09:40:43](02:18:16) Data module setup complete!
[2025-02-19 09:40:43](02:18:16) PaiNN model created!
[2025-02-19 09:40:43](02:18:16) Lightning module created!
[2025-02-19 09:40:43](02:18:16) Training started...
[2025-02-19 10:26:51](03:04:24) Training completed!
[2025-02-19 10:26:51](03:04:24) Evaluating train set...
[2025-02-19 10:27:16](03:04:49) R²: 0.9941 | RMSE: 0.1474
[2025-02-19 10:27:16](03:04:49) Evaluating val set...
[2025-02-19 10:27:19](03:04:53) R²: 0.9852 | RMSE: 0.2343
[2025-02-19 10:27:19](03:04:53) Evaluating test set...
[2025-02-19 10:27:27](03:05:00) R²: 0.9853 | RMSE: 0.2307
[2025-02-19 10:27:27](03:05:00) ✓ Predictions saved to results.pt!
