[2025-02-28 20:49:54](00:00:00) Strat ensemble training...
[2025-02-28 20:49:54](00:00:00) PyTorch Version: 2.4.0+cu121
[2025-02-28 20:49:54](00:00:00) Max epochs: 100, Seed: 80817
[2025-02-28 20:49:54](00:00:00) Hyperparameter tuning started...
[2025-03-01 03:17:35](06:27:40) Hyperparameter tuning finished.
[2025-03-01 03:17:35](06:27:40) Best config:  {'batch_size': 32, 'hidden_channels': 128, 'num_filters': 32, 'num_interactions': 4, 'cfconv_num_dense': 6, 'interaction_num_dense': 4, 'num_gaussians': 25, 'readout': 'add', 'dropout': 0.1, 'activation': 'silu', 'optimizer': 'adamw', 'scheduler': 'cosine', 'learning_rate': 0.0002730341448197821}
[2025-03-01 03:17:35](06:27:40) Database path: /home/fs01/om235/CatUncertainty/data/open_catalyst_20/eagle_split
[2025-03-01 03:17:35](06:27:40) Setting up data module...
[2025-03-01 03:17:35](06:27:40) Data module setup complete!
[2025-03-01 03:17:35](06:27:40) SchNet model created!
[2025-03-01 03:17:35](06:27:40) Lightning module created!
[2025-03-01 03:17:35](06:27:41) Training started...
[2025-03-01 03:59:34](07:09:40) Training completed!
[2025-03-01 03:59:34](07:09:40) Evaluating train set...
[2025-03-01 04:01:26](07:11:32) R²: 0.8380 | RMSE: 0.6166
[2025-03-01 04:01:26](07:11:32) Evaluating val set...
[2025-03-01 04:01:42](07:11:48) R²: 0.7837 | RMSE: 0.7162
[2025-03-01 04:01:42](07:11:48) Evaluating test set...
[2025-03-01 04:02:15](07:12:21) R²: 0.7840 | RMSE: 0.7080
[2025-03-01 04:02:15](07:12:21) ✓ Predictions saved to results.pt!
