[2025-02-22 06:59:16](00:00:00) Strat evidential training...
[2025-02-22 06:59:16](00:00:00) PyTorch Version: 2.4.0+cu121
[2025-02-22 06:59:16](00:00:00) Max epochs: 100, Seed: 61776
[2025-02-22 06:59:16](00:00:00) Hyperparameter tuning started...
[2025-02-22 16:52:56](09:53:39) Hyperparameter tuning finished.
[2025-02-22 16:52:56](09:53:39) Best config:  {'batch_size': 32, 'hidden_channels': 64, 'num_filters': 64, 'num_interactions': 4, 'cfconv_num_dense': 2, 'interaction_num_dense': 4, 'num_gaussians': 75, 'readout': 'mean', 'activation': 'relu', 'optimizer': 'adamw', 'scheduler': 'step', 'learning_rate': 0.00030630146390866564}
[2025-02-22 16:52:56](09:53:39) Database path: /expanse/lustre/scratch/omamun/temp_project/final_exp_catunc/CatUncertainty/data/open_catalyst_20/eagle_split
[2025-02-22 16:52:56](09:53:39) Setting up data module...
[2025-02-22 16:52:56](09:53:39) Data module setup complete!
[2025-02-22 16:52:56](09:53:39) SchNet model created!
[2025-02-22 16:52:56](09:53:39) Lightning module created!
[2025-02-22 16:52:56](09:53:39) Training started...
[2025-02-22 17:41:45](10:42:28) Training completed!
[2025-02-22 17:41:45](10:42:28) Evaluating train set...
[2025-02-22 17:42:03](10:42:46) R²: 0.8382 | RMSE: 0.6149
[2025-02-22 17:42:03](10:42:46) Evaluating val set...
[2025-02-22 17:42:06](10:42:49) R²: 0.7798 | RMSE: 0.7039
[2025-02-22 17:42:06](10:42:49) Evaluating test set...
[2025-02-22 17:42:20](10:43:04) R²: 0.7734 | RMSE: 0.7400
[2025-02-22 17:42:20](10:43:04) ✓ Predictions saved to results.pt!
