[2025-02-20 06:52:58](00:00:00) Strat ensemble training...
[2025-02-20 06:52:58](00:00:00) PyTorch Version: 2.4.0+cu121
[2025-02-20 06:52:58](00:00:00) Max epochs: 100, Seed: 67057
[2025-02-20 06:52:58](00:00:00) Hyperparameter tuning started...
[2025-02-20 13:12:56](06:19:58) Hyperparameter tuning finished.
[2025-02-20 13:12:57](06:19:59) Best config:  {'batch_size': 64, 'hidden_channels': 128, 'num_filters': 32, 'num_interactions': 4, 'cfconv_num_dense': 4, 'interaction_num_dense': 4, 'num_gaussians': 25, 'readout': 'mean', 'dropout': 0.1, 'activation': 'silu', 'optimizer': 'rmsprop', 'scheduler': 'reduce_on_plateau', 'learning_rate': 5.5288140306866694e-05}
[2025-02-20 13:12:57](06:19:59) Database path: /expanse/lustre/scratch/omamun/temp_project/final_exp_catunc/CatUncertainty/data/open_catalyst_20/eagle_split
[2025-02-20 13:12:57](06:19:59) Setting up data module...
[2025-02-20 13:12:57](06:19:59) Data module setup complete!
[2025-02-20 13:12:57](06:19:59) SchNet model created!
[2025-02-20 13:12:57](06:19:59) Lightning module created!
[2025-02-20 13:12:57](06:19:59) Training started...
[2025-02-20 13:42:27](06:49:29) Training completed!
[2025-02-20 13:42:27](06:49:29) Evaluating train set...
[2025-02-20 13:44:39](06:51:41) R²: 0.8618 | RMSE: 0.5673
[2025-02-20 13:44:39](06:51:41) Evaluating val set...
[2025-02-20 13:44:58](06:52:00) R²: 0.8009 | RMSE: 0.6874
[2025-02-20 13:44:58](06:52:00) Evaluating test set...
[2025-02-20 13:45:36](06:52:38) R²: 0.7914 | RMSE: 0.7053
[2025-02-20 13:45:36](06:52:38) ✓ Predictions saved to results.pt!
