[2025-02-27 10:36:24](00:00:00) Strat evidential training...
[2025-02-27 10:36:24](00:00:00) PyTorch Version: 2.4.0+cu121
[2025-02-27 10:36:24](00:00:00) Max epochs: 100, Seed: 53309
[2025-02-27 10:36:24](00:00:00) Hyperparameter tuning started...
[2025-02-27 17:29:01](06:52:36) Hyperparameter tuning finished.
[2025-02-27 17:29:01](06:52:36) Best config:  {'batch_size': 64, 'hidden_channels': 256, 'num_filters': 64, 'num_interactions': 2, 'cfconv_num_dense': 4, 'interaction_num_dense': 4, 'num_gaussians': 50, 'readout': 'mean', 'activation': 'relu', 'optimizer': 'adamw', 'scheduler': 'cosine', 'learning_rate': 0.0005225593773242194}
[2025-02-27 17:29:01](06:52:36) Database path: /home/fs01/om235/CatUncertainty/data/open_catalyst_20/eagle_split
[2025-02-27 17:29:01](06:52:36) Setting up data module...
[2025-02-27 17:29:01](06:52:36) Data module setup complete!
[2025-02-27 17:29:01](06:52:36) SchNet model created!
[2025-02-27 17:29:01](06:52:36) Lightning module created!
[2025-02-27 17:29:01](06:52:37) Training started...
[2025-02-27 17:49:13](07:12:48) Training completed!
[2025-02-27 17:49:13](07:12:48) Evaluating train set...
[2025-02-27 17:49:26](07:13:01) R²: 0.8059 | RMSE: 0.6744
[2025-02-27 17:49:26](07:13:01) Evaluating val set...
[2025-02-27 17:49:28](07:13:03) R²: 0.7646 | RMSE: 0.7495
[2025-02-27 17:49:28](07:13:03) Evaluating test set...
[2025-02-27 17:49:32](07:13:07) R²: 0.7258 | RMSE: 0.7989
[2025-02-27 17:49:32](07:13:07) ✓ Predictions saved to results.pt!
