[2025-02-20 05:37:57](00:00:00) Strat ensemble training...
[2025-02-20 05:37:57](00:00:00) PyTorch Version: 2.4.0+cu121
[2025-02-20 05:37:57](00:00:00) Max epochs: 100, Seed: 51892
[2025-02-20 05:37:57](00:00:00) Hyperparameter tuning started...
[2025-02-20 12:37:48](06:59:51) Hyperparameter tuning finished.
[2025-02-20 12:37:48](06:59:51) Best config:  {'batch_size': 64, 'hidden_channels': 32, 'num_filters': 128, 'num_interactions': 6, 'cfconv_num_dense': 4, 'interaction_num_dense': 4, 'num_gaussians': 25, 'readout': 'mean', 'dropout': 0.3, 'activation': 'silu', 'optimizer': 'adamw', 'scheduler': 'reduce_on_plateau', 'learning_rate': 0.00027123109092847664}
[2025-02-20 12:37:48](06:59:51) Database path: /expanse/lustre/scratch/omamun/temp_project/final_exp_catunc/CatUncertainty/data/open_catalyst_20/eagle_split
[2025-02-20 12:37:48](06:59:51) Setting up data module...
[2025-02-20 12:37:48](06:59:51) Data module setup complete!
[2025-02-20 12:37:48](06:59:51) SchNet model created!
[2025-02-20 12:37:48](06:59:51) Lightning module created!
[2025-02-20 12:37:48](06:59:51) Training started...
[2025-02-20 13:57:44](08:19:47) Training completed!
[2025-02-20 13:57:44](08:19:47) Evaluating train set...
[2025-02-20 14:03:44](08:25:47) R²: 0.8425 | RMSE: 0.6045
[2025-02-20 14:03:44](08:25:47) Evaluating val set...
[2025-02-20 14:04:36](08:26:39) R²: 0.7835 | RMSE: 0.7073
[2025-02-20 14:04:36](08:26:39) Evaluating test set...
[2025-02-20 14:06:19](08:28:22) R²: 0.7855 | RMSE: 0.7244
[2025-02-20 14:06:19](08:28:22) ✓ Predictions saved to results.pt!
