[2025-03-04 00:24:35](00:00:00) Strat ensemble training...
[2025-03-04 00:24:35](00:00:00) PyTorch Version: 2.4.0+cu121
[2025-03-04 00:24:35](00:00:00) Max epochs: 200, Seed: 670488
[2025-03-04 00:24:35](00:00:00) Database path: /expanse/lustre/scratch/omamun/temp_project/final_exp_catunc/CatUncertainty/data/catalysis_hub
[2025-03-04 00:24:35](00:00:00) Setting up data module...
[2025-03-04 00:24:35](00:00:00) Data module setup complete!
[2025-03-04 00:24:36](00:00:00) Feature extractor created!
[2025-03-04 00:24:42](00:00:07) Inducing points created!
[2025-03-04 00:24:42](00:00:07) Optimizer created!
[2025-03-04 00:24:42](00:00:07) Scheduler created!
[2025-03-04 00:24:42](00:00:07) Starting training...
[2025-03-04 00:25:10](00:00:34) Epoch: 0 |Train Loss: 1.5273 |Train R²: 0.6152 |Train Speed: 16.52 iter/s |Val Loss: 1.4292 |Val R²: 0.6835 |Val Speed: 20.80 iter/s |FE LR: 1.00e-05 |SVGP LR: 1.00e-02 |Likelihood LR: 1.00e-02
[2025-03-04 00:25:10](00:00:34) Saving best model to checkpoints/best_model_epoch=0_val_loss=1.4292.pt...
[2025-03-04 00:25:10](00:00:35) ★ New best validation metrics!
[2025-03-04 00:25:36](00:01:01) Epoch: 1 |Train Loss: 1.4161 |Train R²: 0.6912 |Train Speed: 17.08 iter/s |Val Loss: 1.3860 |Val R²: 0.6956 |Val Speed: 25.23 iter/s |FE LR: 1.00e-05 |SVGP LR: 1.00e-02 |Likelihood LR: 1.00e-02
[2025-03-04 00:25:36](00:01:01) Saving best model to checkpoints/best_model_epoch=1_val_loss=1.3860.pt...
[2025-03-04 00:25:36](00:01:01) ★ New best validation metrics!
[2025-03-04 00:26:02](00:01:27) Epoch: 2 |Train Loss: 1.3513 |Train R²: 0.7092 |Train Speed: 17.01 iter/s |Val Loss: 1.3178 |Val R²: 0.7172 |Val Speed: 25.95 iter/s |FE LR: 1.00e-05 |SVGP LR: 1.00e-02 |Likelihood LR: 1.00e-02
[2025-03-04 00:26:02](00:01:27) Saving best model to checkpoints/best_model_epoch=2_val_loss=1.3178.pt...
[2025-03-04 00:26:03](00:01:27) ★ New best validation metrics!
[2025-03-04 00:26:30](00:01:54) Epoch: 3 |Train Loss: 1.2943 |Train R²: 0.7247 |Train Speed: 16.81 iter/s |Val Loss: 1.2626 |Val R²: 0.7278 |Val Speed: 21.32 iter/s |FE LR: 1.00e-05 |SVGP LR: 1.00e-02 |Likelihood LR: 1.00e-02
[2025-03-04 00:26:30](00:01:54) Saving best model to checkpoints/best_model_epoch=3_val_loss=1.2626.pt...
[2025-03-04 00:26:30](00:01:55) ★ New best validation metrics!
[2025-03-04 00:26:56](00:02:21) Epoch: 4 |Train Loss: 1.2383 |Train R²: 0.7443 |Train Speed: 16.82 iter/s |Val Loss: 1.1827 |Val R²: 0.7627 |Val Speed: 25.47 iter/s |FE LR: 1.00e-05 |SVGP LR: 1.00e-02 |Likelihood LR: 1.00e-02
[2025-03-04 00:26:56](00:02:21) Saving best model to checkpoints/best_model_epoch=4_val_loss=1.1827.pt...
[2025-03-04 00:26:56](00:02:21) ★ New best validation metrics!
[2025-03-04 00:27:23](00:02:48) Epoch: 5 |Train Loss: 1.1639 |Train R²: 0.7648 |Train Speed: 16.83 iter/s |Val Loss: 1.1449 |Val R²: 0.7754 |Val Speed: 25.47 iter/s |FE LR: 1.00e-05 |SVGP LR: 1.00e-02 |Likelihood LR: 1.00e-02
[2025-03-04 00:27:23](00:02:48) Saving best model to checkpoints/best_model_epoch=5_val_loss=1.1449.pt...
[2025-03-04 00:27:23](00:02:48) ★ New best validation metrics!
[2025-03-04 00:27:50](00:03:15) Epoch: 6 |Train Loss: 1.1117 |Train R²: 0.7808 |Train Speed: 16.96 iter/s |Val Loss: 1.0857 |Val R²: 0.7909 |Val Speed: 20.85 iter/s |FE LR: 1.00e-05 |SVGP LR: 1.00e-02 |Likelihood LR: 1.00e-02
[2025-03-04 00:27:50](00:03:15) Saving best model to checkpoints/best_model_epoch=6_val_loss=1.0857.pt...
[2025-03-04 00:27:50](00:03:15) ★ New best validation metrics!
[2025-03-04 00:28:17](00:03:42) Epoch: 7 |Train Loss: 1.0500 |Train R²: 0.7996 |Train Speed: 16.82 iter/s |Val Loss: 1.0445 |Val R²: 0.8019 |Val Speed: 25.71 iter/s |FE LR: 1.00e-05 |SVGP LR: 1.00e-02 |Likelihood LR: 1.00e-02
[2025-03-04 00:28:17](00:03:42) Saving best model to checkpoints/best_model_epoch=7_val_loss=1.0445.pt...
[2025-03-04 00:28:17](00:03:42) ★ New best validation metrics!
[2025-03-04 00:28:46](00:04:11) Epoch: 8 |Train Loss: 0.9909 |Train R²: 0.8173 |Train Speed: 16.57 iter/s |Val Loss: 0.9515 |Val R²: 0.8260 |Val Speed: 12.83 iter/s |FE LR: 1.00e-05 |SVGP LR: 1.00e-02 |Likelihood LR: 1.00e-02
[2025-03-04 00:28:46](00:04:11) Saving best model to checkpoints/best_model_epoch=8_val_loss=0.9515.pt...
[2025-03-04 00:28:46](00:04:11) ★ New best validation metrics!
[2025-03-04 00:29:14](00:04:39) Epoch: 9 |Train Loss: 0.9140 |Train R²: 0.8384 |Train Speed: 16.28 iter/s |Val Loss: 0.8929 |Val R²: 0.8485 |Val Speed: 20.76 iter/s |FE LR: 1.00e-05 |SVGP LR: 1.00e-02 |Likelihood LR: 1.00e-02
[2025-03-04 00:29:14](00:04:39) Saving best model to checkpoints/best_model_epoch=9_val_loss=0.8929.pt...
[2025-03-04 00:29:14](00:04:39) ★ New best validation metrics!
[2025-03-04 00:29:41](00:05:06) Epoch: 10 |Train Loss: 0.8589 |Train R²: 0.8538 |Train Speed: 16.72 iter/s |Val Loss: 0.8084 |Val R²: 0.8632 |Val Speed: 26.05 iter/s |FE LR: 1.00e-05 |SVGP LR: 1.00e-02 |Likelihood LR: 1.00e-02
[2025-03-04 00:29:41](00:05:06) Saving best model to checkpoints/best_model_epoch=10_val_loss=0.8084.pt...
[2025-03-04 00:29:41](00:05:06) ★ New best validation metrics!
[2025-03-04 00:30:08](00:05:33) Epoch: 11 |Train Loss: 0.7984 |Train R²: 0.8718 |Train Speed: 16.53 iter/s |Val Loss: 0.7687 |Val R²: 0.8785 |Val Speed: 26.56 iter/s |FE LR: 1.00e-05 |SVGP LR: 1.00e-02 |Likelihood LR: 1.00e-02
[2025-03-04 00:30:08](00:05:33) Saving best model to checkpoints/best_model_epoch=11_val_loss=0.7687.pt...
[2025-03-04 00:30:08](00:05:33) ★ New best validation metrics!
[2025-03-04 00:30:36](00:06:01) Epoch: 12 |Train Loss: 0.7343 |Train R²: 0.8869 |Train Speed: 16.57 iter/s |Val Loss: 0.7280 |Val R²: 0.8908 |Val Speed: 20.63 iter/s |FE LR: 1.00e-05 |SVGP LR: 1.00e-02 |Likelihood LR: 1.00e-02
[2025-03-04 00:30:36](00:06:01) Saving best model to checkpoints/best_model_epoch=12_val_loss=0.7280.pt...
[2025-03-04 00:30:36](00:06:01) ★ New best validation metrics!
[2025-03-04 00:31:03](00:06:28) Epoch: 13 |Train Loss: 0.6967 |Train R²: 0.8972 |Train Speed: 16.63 iter/s |Val Loss: 0.6914 |Val R²: 0.8961 |Val Speed: 26.34 iter/s |FE LR: 1.00e-05 |SVGP LR: 1.00e-02 |Likelihood LR: 1.00e-02
[2025-03-04 00:31:03](00:06:28) Saving best model to checkpoints/best_model_epoch=13_val_loss=0.6914.pt...
[2025-03-04 00:31:03](00:06:28) ★ New best validation metrics!
[2025-03-04 00:31:29](00:06:54) Epoch: 14 |Train Loss: 0.6561 |Train R²: 0.9048 |Train Speed: 16.98 iter/s |Val Loss: 0.6899 |Val R²: 0.9004 |Val Speed: 25.84 iter/s |FE LR: 1.00e-05 |SVGP LR: 1.00e-02 |Likelihood LR: 1.00e-02
[2025-03-04 00:31:29](00:06:54) Saving best model to checkpoints/best_model_epoch=14_val_loss=0.6899.pt...
[2025-03-04 00:31:29](00:06:54) ★ New best validation metrics!
[2025-03-04 00:31:57](00:07:21) Epoch: 15 |Train Loss: 0.6347 |Train R²: 0.9099 |Train Speed: 16.37 iter/s |Val Loss: 0.6559 |Val R²: 0.9078 |Val Speed: 25.65 iter/s |FE LR: 1.00e-05 |SVGP LR: 1.00e-02 |Likelihood LR: 1.00e-02
[2025-03-04 00:31:57](00:07:21) Saving best model to checkpoints/best_model_epoch=15_val_loss=0.6559.pt...
[2025-03-04 00:31:57](00:07:22) ★ New best validation metrics!
[2025-03-04 00:32:24](00:07:48) Epoch: 16 |Train Loss: 0.6159 |Train R²: 0.9138 |Train Speed: 16.58 iter/s |Val Loss: 0.6406 |Val R²: 0.9082 |Val Speed: 25.96 iter/s |FE LR: 1.00e-05 |SVGP LR: 1.00e-02 |Likelihood LR: 1.00e-02
[2025-03-04 00:32:24](00:07:48) Saving best model to checkpoints/best_model_epoch=16_val_loss=0.6406.pt...
[2025-03-04 00:32:24](00:07:49) ★ New best validation metrics!
[2025-03-04 00:32:51](00:08:16) Epoch: 17 |Train Loss: 0.5811 |Train R²: 0.9188 |Train Speed: 16.57 iter/s |Val Loss: 0.6168 |Val R²: 0.9123 |Val Speed: 25.71 iter/s |FE LR: 1.00e-05 |SVGP LR: 1.00e-02 |Likelihood LR: 1.00e-02
[2025-03-04 00:32:51](00:08:16) Saving best model to checkpoints/best_model_epoch=17_val_loss=0.6168.pt...
[2025-03-04 00:32:51](00:08:16) ★ New best validation metrics!
[2025-03-04 00:33:18](00:08:43) Epoch: 18 |Train Loss: 0.5674 |Train R²: 0.9215 |Train Speed: 16.29 iter/s |Val Loss: 0.6279 |Val R²: 0.9146 |Val Speed: 26.03 iter/s |FE LR: 1.00e-05 |SVGP LR: 1.00e-02 |Likelihood LR: 1.00e-02
[2025-03-04 00:33:18](00:08:43) Early stopping counter: 1/5 (Best val_loss: 0.6168)
[2025-03-04 00:33:45](00:09:10) Epoch: 19 |Train Loss: 0.5493 |Train R²: 0.9249 |Train Speed: 16.56 iter/s |Val Loss: 0.6028 |Val R²: 0.9189 |Val Speed: 26.37 iter/s |FE LR: 1.00e-05 |SVGP LR: 1.00e-02 |Likelihood LR: 1.00e-02
[2025-03-04 00:33:45](00:09:10) Saving best model to checkpoints/best_model_epoch=19_val_loss=0.6028.pt...
[2025-03-04 00:33:45](00:09:10) ★ New best validation metrics!
[2025-03-04 00:34:12](00:09:37) Epoch: 20 |Train Loss: 0.5312 |Train R²: 0.9271 |Train Speed: 16.56 iter/s |Val Loss: 0.5991 |Val R²: 0.9199 |Val Speed: 25.78 iter/s |FE LR: 1.00e-05 |SVGP LR: 1.00e-02 |Likelihood LR: 1.00e-02
[2025-03-04 00:34:12](00:09:37) Saving best model to checkpoints/best_model_epoch=20_val_loss=0.5991.pt...
[2025-03-04 00:34:12](00:09:37) ★ New best validation metrics!
[2025-03-04 00:34:40](00:10:04) Epoch: 21 |Train Loss: 0.5208 |Train R²: 0.9288 |Train Speed: 16.32 iter/s |Val Loss: 0.5792 |Val R²: 0.9227 |Val Speed: 26.09 iter/s |FE LR: 1.00e-05 |SVGP LR: 1.00e-02 |Likelihood LR: 1.00e-02
[2025-03-04 00:34:40](00:10:04) Saving best model to checkpoints/best_model_epoch=21_val_loss=0.5792.pt...
[2025-03-04 00:34:40](00:10:04) ★ New best validation metrics!
[2025-03-04 00:35:07](00:10:31) Epoch: 22 |Train Loss: 0.5053 |Train R²: 0.9308 |Train Speed: 16.67 iter/s |Val Loss: 0.5680 |Val R²: 0.9220 |Val Speed: 26.18 iter/s |FE LR: 1.00e-05 |SVGP LR: 1.00e-02 |Likelihood LR: 1.00e-02
[2025-03-04 00:35:07](00:10:31) Saving best model to checkpoints/best_model_epoch=22_val_loss=0.5680.pt...
[2025-03-04 00:35:07](00:10:31) ★ New best validation metrics!
[2025-03-04 00:35:33](00:10:58) Epoch: 23 |Train Loss: 0.4856 |Train R²: 0.9330 |Train Speed: 16.92 iter/s |Val Loss: 0.5572 |Val R²: 0.9254 |Val Speed: 24.78 iter/s |FE LR: 1.00e-05 |SVGP LR: 1.00e-02 |Likelihood LR: 1.00e-02
[2025-03-04 00:35:33](00:10:58) Saving best model to checkpoints/best_model_epoch=23_val_loss=0.5572.pt...
[2025-03-04 00:35:33](00:10:58) ★ New best validation metrics!
[2025-03-04 00:36:00](00:11:25) Epoch: 24 |Train Loss: 0.4786 |Train R²: 0.9344 |Train Speed: 16.81 iter/s |Val Loss: 0.5316 |Val R²: 0.9280 |Val Speed: 26.18 iter/s |FE LR: 1.00e-05 |SVGP LR: 1.00e-02 |Likelihood LR: 1.00e-02
[2025-03-04 00:36:00](00:11:25) Saving best model to checkpoints/best_model_epoch=24_val_loss=0.5316.pt...
[2025-03-04 00:36:00](00:11:25) ★ New best validation metrics!
[2025-03-04 00:36:26](00:11:51) Epoch: 25 |Train Loss: 0.4611 |Train R²: 0.9365 |Train Speed: 17.20 iter/s |Val Loss: 0.5549 |Val R²: 0.9286 |Val Speed: 26.29 iter/s |FE LR: 1.00e-05 |SVGP LR: 1.00e-02 |Likelihood LR: 1.00e-02
[2025-03-04 00:36:26](00:11:51) Early stopping counter: 1/5 (Best val_loss: 0.5316)
[2025-03-04 00:36:53](00:12:18) Epoch: 26 |Train Loss: 0.4497 |Train R²: 0.9374 |Train Speed: 16.62 iter/s |Val Loss: 0.5123 |Val R²: 0.9305 |Val Speed: 25.59 iter/s |FE LR: 1.00e-05 |SVGP LR: 1.00e-02 |Likelihood LR: 1.00e-02
[2025-03-04 00:36:53](00:12:18) Saving best model to checkpoints/best_model_epoch=26_val_loss=0.5123.pt...
[2025-03-04 00:36:53](00:12:18) ★ New best validation metrics!
[2025-03-04 00:37:20](00:12:45) Epoch: 27 |Train Loss: 0.4432 |Train R²: 0.9385 |Train Speed: 16.64 iter/s |Val Loss: 0.5194 |Val R²: 0.9313 |Val Speed: 25.00 iter/s |FE LR: 1.00e-05 |SVGP LR: 1.00e-02 |Likelihood LR: 1.00e-02
[2025-03-04 00:37:20](00:12:45) Early stopping counter: 1/5 (Best val_loss: 0.5123)
[2025-03-04 00:37:47](00:13:12) Epoch: 28 |Train Loss: 0.4334 |Train R²: 0.9399 |Train Speed: 16.72 iter/s |Val Loss: 0.5007 |Val R²: 0.9333 |Val Speed: 26.64 iter/s |FE LR: 1.00e-05 |SVGP LR: 1.00e-02 |Likelihood LR: 1.00e-02
[2025-03-04 00:37:47](00:13:12) Saving best model to checkpoints/best_model_epoch=28_val_loss=0.5007.pt...
[2025-03-04 00:37:47](00:13:12) ★ New best validation metrics!
[2025-03-04 00:38:13](00:13:38) Epoch: 29 |Train Loss: 0.4189 |Train R²: 0.9409 |Train Speed: 16.89 iter/s |Val Loss: 0.4895 |Val R²: 0.9339 |Val Speed: 25.78 iter/s |FE LR: 1.00e-05 |SVGP LR: 1.00e-02 |Likelihood LR: 1.00e-02
[2025-03-04 00:38:13](00:13:38) Saving best model to checkpoints/best_model_epoch=29_val_loss=0.4895.pt...
[2025-03-04 00:38:13](00:13:38) ★ New best validation metrics!
[2025-03-04 00:38:40](00:14:05) Epoch: 30 |Train Loss: 0.3981 |Train R²: 0.9425 |Train Speed: 16.65 iter/s |Val Loss: 0.4918 |Val R²: 0.9348 |Val Speed: 26.37 iter/s |FE LR: 1.00e-05 |SVGP LR: 1.00e-02 |Likelihood LR: 1.00e-02
[2025-03-04 00:38:40](00:14:05) Early stopping counter: 1/5 (Best val_loss: 0.4895)
[2025-03-04 00:39:06](00:14:31) Epoch: 31 |Train Loss: 0.3997 |Train R²: 0.9433 |Train Speed: 17.14 iter/s |Val Loss: 0.5109 |Val R²: 0.9344 |Val Speed: 26.27 iter/s |FE LR: 1.00e-05 |SVGP LR: 1.00e-02 |Likelihood LR: 1.00e-02
[2025-03-04 00:39:06](00:14:31) Early stopping counter: 2/5 (Best val_loss: 0.4895)
[2025-03-04 00:39:34](00:14:58) Epoch: 32 |Train Loss: 0.3868 |Train R²: 0.9442 |Train Speed: 16.46 iter/s |Val Loss: 0.4939 |Val R²: 0.9354 |Val Speed: 25.72 iter/s |FE LR: 1.00e-05 |SVGP LR: 1.00e-02 |Likelihood LR: 1.00e-02
[2025-03-04 00:39:34](00:14:58) Early stopping counter: 3/5 (Best val_loss: 0.4895)
[2025-03-04 00:40:01](00:15:26) Epoch: 33 |Train Loss: 0.3786 |Train R²: 0.9454 |Train Speed: 16.36 iter/s |Val Loss: 0.4886 |Val R²: 0.9375 |Val Speed: 25.00 iter/s |FE LR: 1.00e-05 |SVGP LR: 1.00e-02 |Likelihood LR: 1.00e-02
[2025-03-04 00:40:01](00:15:26) Saving best model to checkpoints/best_model_epoch=33_val_loss=0.4886.pt...
[2025-03-04 00:40:01](00:15:26) ★ New best validation metrics!
[2025-03-04 00:40:28](00:15:53) Epoch: 34 |Train Loss: 0.3646 |Train R²: 0.9465 |Train Speed: 16.37 iter/s |Val Loss: 0.4683 |Val R²: 0.9388 |Val Speed: 24.95 iter/s |FE LR: 1.00e-05 |SVGP LR: 1.00e-02 |Likelihood LR: 1.00e-02
[2025-03-04 00:40:28](00:15:53) Saving best model to checkpoints/best_model_epoch=34_val_loss=0.4683.pt...
[2025-03-04 00:40:28](00:15:53) ★ New best validation metrics!
[2025-03-04 00:40:55](00:16:20) Epoch: 35 |Train Loss: 0.3538 |Train R²: 0.9474 |Train Speed: 16.79 iter/s |Val Loss: 0.4838 |Val R²: 0.9371 |Val Speed: 24.49 iter/s |FE LR: 1.00e-05 |SVGP LR: 1.00e-02 |Likelihood LR: 1.00e-02
[2025-03-04 00:40:55](00:16:20) Early stopping counter: 1/5 (Best val_loss: 0.4683)
[2025-03-04 00:41:22](00:16:47) Epoch: 36 |Train Loss: 0.3422 |Train R²: 0.9482 |Train Speed: 16.66 iter/s |Val Loss: 0.4533 |Val R²: 0.9409 |Val Speed: 26.38 iter/s |FE LR: 1.00e-05 |SVGP LR: 1.00e-02 |Likelihood LR: 1.00e-02
[2025-03-04 00:41:22](00:16:47) Saving best model to checkpoints/best_model_epoch=36_val_loss=0.4533.pt...
[2025-03-04 00:41:22](00:16:47) ★ New best validation metrics!
[2025-03-04 00:41:48](00:17:13) Epoch: 37 |Train Loss: 0.3440 |Train R²: 0.9485 |Train Speed: 17.09 iter/s |Val Loss: 0.4732 |Val R²: 0.9403 |Val Speed: 26.62 iter/s |FE LR: 1.00e-05 |SVGP LR: 1.00e-02 |Likelihood LR: 1.00e-02
[2025-03-04 00:41:48](00:17:13) Early stopping counter: 1/5 (Best val_loss: 0.4533)
[2025-03-04 00:42:16](00:17:40) Epoch: 38 |Train Loss: 0.3263 |Train R²: 0.9498 |Train Speed: 16.43 iter/s |Val Loss: 0.4465 |Val R²: 0.9419 |Val Speed: 25.45 iter/s |FE LR: 1.00e-05 |SVGP LR: 1.00e-02 |Likelihood LR: 1.00e-02
[2025-03-04 00:42:16](00:17:40) Saving best model to checkpoints/best_model_epoch=38_val_loss=0.4465.pt...
[2025-03-04 00:42:16](00:17:40) ★ New best validation metrics!
[2025-03-04 00:42:43](00:18:08) Epoch: 39 |Train Loss: 0.3140 |Train R²: 0.9509 |Train Speed: 16.37 iter/s |Val Loss: 0.4149 |Val R²: 0.9438 |Val Speed: 25.58 iter/s |FE LR: 1.00e-05 |SVGP LR: 1.00e-02 |Likelihood LR: 1.00e-02
[2025-03-04 00:42:43](00:18:08) Saving best model to checkpoints/best_model_epoch=39_val_loss=0.4149.pt...
[2025-03-04 00:42:43](00:18:08) ★ New best validation metrics!
[2025-03-04 00:43:09](00:18:34) Epoch: 40 |Train Loss: 0.3050 |Train R²: 0.9512 |Train Speed: 17.13 iter/s |Val Loss: 0.4761 |Val R²: 0.9424 |Val Speed: 26.37 iter/s |FE LR: 1.00e-05 |SVGP LR: 1.00e-02 |Likelihood LR: 1.00e-02
[2025-03-04 00:43:09](00:18:34) Early stopping counter: 1/5 (Best val_loss: 0.4149)
[2025-03-04 00:43:36](00:19:00) Epoch: 41 |Train Loss: 0.3064 |Train R²: 0.9520 |Train Speed: 16.90 iter/s |Val Loss: 0.4188 |Val R²: 0.9450 |Val Speed: 26.41 iter/s |FE LR: 1.00e-05 |SVGP LR: 1.00e-02 |Likelihood LR: 1.00e-02
[2025-03-04 00:43:36](00:19:00) Early stopping counter: 2/5 (Best val_loss: 0.4149)
[2025-03-04 00:44:03](00:19:27) Epoch: 42 |Train Loss: 0.2911 |Train R²: 0.9528 |Train Speed: 16.53 iter/s |Val Loss: 0.4338 |Val R²: 0.9446 |Val Speed: 26.11 iter/s |FE LR: 1.00e-05 |SVGP LR: 1.00e-02 |Likelihood LR: 1.00e-02
[2025-03-04 00:44:03](00:19:27) Early stopping counter: 3/5 (Best val_loss: 0.4149)
[2025-03-04 00:44:29](00:19:54) Epoch: 43 |Train Loss: 0.2867 |Train R²: 0.9535 |Train Speed: 17.08 iter/s |Val Loss: 0.4356 |Val R²: 0.9437 |Val Speed: 25.76 iter/s |FE LR: 1.00e-05 |SVGP LR: 1.00e-02 |Likelihood LR: 1.00e-02
[2025-03-04 00:44:29](00:19:54) Early stopping counter: 4/5 (Best val_loss: 0.4149)
[2025-03-04 00:44:55](00:20:20) Epoch: 44 |Train Loss: 0.2804 |Train R²: 0.9543 |Train Speed: 16.85 iter/s |Val Loss: 0.4238 |Val R²: 0.9442 |Val Speed: 26.18 iter/s |FE LR: 1.00e-05 |SVGP LR: 1.00e-02 |Likelihood LR: 1.00e-02
[2025-03-04 00:44:55](00:20:20) Early stopping counter: 5/5 (Best val_loss: 0.4149)
[2025-03-04 00:44:55](00:20:20) 
Early stopping triggered! No improvement in validation loss for 5 epochs.
[2025-03-04 00:44:55](00:20:20) 
Training stopped early at epoch 45/200
[2025-03-04 00:44:55](00:20:20) 
Saving final model...
[2025-03-04 00:44:57](00:20:22) ✓ Model saved to model.pt!
[2025-03-04 00:44:57](00:20:22) 
✓ Training completed successfully!
[2025-03-04 00:44:57](00:20:22) Best validation metrics:
• Loss: 0.4149
• R²: 0.9438
[2025-03-04 00:44:57](00:20:22) 
Evaluating train set...
[2025-03-04 00:45:12](00:20:36) • R²: 0.9531
[2025-03-04 00:45:12](00:20:36) • RMSE: 0.4158
[2025-03-04 00:45:12](00:20:36) 
Evaluating val set...
[2025-03-04 00:45:14](00:20:39) • R²: 0.9438
[2025-03-04 00:45:14](00:20:39) • RMSE: 0.4523
[2025-03-04 00:45:14](00:20:39) 
Evaluating test set...
[2025-03-04 00:45:18](00:20:43) • R²: 0.9386
[2025-03-04 00:45:18](00:20:43) • RMSE: 0.4713
[2025-03-04 00:45:18](00:20:43) 
✓ Results saved to results.pt!
