[2025-02-20 17:42:14](00:00:00) Strat ensemble training...
[2025-02-20 17:42:14](00:00:00) PyTorch Version: 2.4.0+cu121
[2025-02-20 17:42:14](00:00:00) Max epochs: 200, Seed: 46734
[2025-02-20 17:42:14](00:00:00) Hyperparameter tuning started...
[2025-02-20 19:55:19](02:13:05) Hyperparameter tuning finished.
[2025-02-20 19:55:19](02:13:05) Best config:  {'batch_size': 32, 'num_layers': 6, 'hidden_channels': 64, 'num_radial': 25, 'readout': 'mean', 'dropout': 0.2, 'activation': 'relu', 'optimizer': 'adamw', 'scheduler': 'step', 'learning_rate': 0.00010604943726320897}
[2025-02-20 19:55:19](02:13:05) Database path: /expanse/lustre/scratch/omamun/temp_project/final_exp_catunc/CatUncertainty/data/catalysis_hub
[2025-02-20 19:55:19](02:13:05) Setting up data module...
[2025-02-20 19:55:19](02:13:05) Data module setup complete!
[2025-02-20 19:55:19](02:13:05) PaiNN model created!
[2025-02-20 19:55:19](02:13:05) Lightning module created!
[2025-02-20 19:55:19](02:13:05) Training started...
[2025-02-20 21:11:35](03:29:21) Training completed!
[2025-02-20 21:11:35](03:29:21) Evaluating train set...
[2025-02-20 21:15:57](03:33:43) R²: 0.9899 | RMSE: 0.1915
[2025-02-20 21:15:57](03:33:43) Evaluating val set...
[2025-02-20 21:16:34](03:34:20) R²: 0.9728 | RMSE: 0.3203
[2025-02-20 21:16:34](03:34:20) Evaluating test set...
[2025-02-20 21:17:51](03:35:37) R²: 0.9711 | RMSE: 0.3288
[2025-02-20 21:17:51](03:35:37) ✓ Predictions saved to results.pt!
