[2025-02-28 21:52:04](00:00:00) Strat ensemble training...
[2025-02-28 21:52:04](00:00:00) PyTorch Version: 2.4.0+cu121
[2025-02-28 21:52:04](00:00:00) Max epochs: 100, Seed: 98480
[2025-02-28 21:52:04](00:00:00) Hyperparameter tuning started...
[2025-03-01 03:19:38](05:27:34) Hyperparameter tuning finished.
[2025-03-01 03:19:38](05:27:34) Best config:  {'batch_size': 64, 'hidden_channels': 64, 'num_filters': 256, 'num_interactions': 6, 'cfconv_num_dense': 2, 'interaction_num_dense': 2, 'num_gaussians': 25, 'readout': 'mean', 'dropout': 0.2, 'activation': 'silu', 'optimizer': 'adam', 'scheduler': 'reduce_on_plateau', 'learning_rate': 0.00044407449579666027}
[2025-03-01 03:19:38](05:27:34) Database path: /home/fs01/om235/CatUncertainty/data/open_catalyst_20/eagle_split
[2025-03-01 03:19:38](05:27:34) Setting up data module...
[2025-03-01 03:19:38](05:27:34) Data module setup complete!
[2025-03-01 03:19:38](05:27:34) SchNet model created!
[2025-03-01 03:19:38](05:27:34) Lightning module created!
[2025-03-01 03:19:38](05:27:34) Training started...
[2025-03-01 04:02:44](06:10:40) Training completed!
[2025-03-01 04:02:44](06:10:40) Evaluating train set...
[2025-03-01 04:06:04](06:14:00) R²: 0.9164 | RMSE: 0.4414
[2025-03-01 04:06:04](06:14:00) Evaluating val set...
[2025-03-01 04:06:33](06:14:29) R²: 0.7836 | RMSE: 0.7123
[2025-03-01 04:06:33](06:14:29) Evaluating test set...
[2025-03-01 04:07:30](06:15:26) R²: 0.7947 | RMSE: 0.7000
[2025-03-01 04:07:30](06:15:26) ✓ Predictions saved to results.pt!
