[2025-02-19 09:02:45](00:00:00) Strat evidential training...
[2025-02-19 09:02:45](00:00:00) PyTorch Version: 2.4.0+cu121
[2025-02-19 09:02:45](00:00:00) Max epochs: 200, Seed: 71939
[2025-02-19 09:02:45](00:00:00) Hyperparameter tuning started...
[2025-02-19 15:28:33](06:25:48) Hyperparameter tuning finished.
[2025-02-19 15:28:33](06:25:48) Best config:  {'batch_size': 32, 'num_layers': 3, 'hidden_channels': 256, 'num_radial': 50, 'readout': 'mean', 'activation': 'ssp', 'optimizer': 'rmsprop', 'scheduler': 'step', 'learning_rate': 6.046414625642073e-05}
[2025-02-19 15:28:33](06:25:48) Database path: /expanse/lustre/scratch/omamun/temp_project/final_exp_catunc/CatUncertainty/data/catalysis_hub
[2025-02-19 15:28:33](06:25:48) Setting up data module...
[2025-02-19 15:28:33](06:25:48) Data module setup complete!
[2025-02-19 15:28:33](06:25:48) PaiNN model created!
[2025-02-19 15:28:33](06:25:48) Lightning module created!
[2025-02-19 15:28:33](06:25:48) Training started...
[2025-02-19 16:18:51](07:16:06) Training completed!
[2025-02-19 16:18:51](07:16:06) Evaluating train set...
[2025-02-19 16:19:17](07:16:32) R²: 0.9962 | RMSE: 0.1177
[2025-02-19 16:19:17](07:16:32) Evaluating val set...
[2025-02-19 16:19:21](07:16:35) R²: 0.9866 | RMSE: 0.2203
[2025-02-19 16:19:21](07:16:35) Evaluating test set...
[2025-02-19 16:19:28](07:16:43) R²: 0.9888 | RMSE: 0.2044
[2025-02-19 16:19:28](07:16:43) ✓ Predictions saved to results.pt!
