[2025-02-20 12:51:22](00:00:00) Strat ensemble training...
[2025-02-20 12:51:22](00:00:00) PyTorch Version: 2.4.0+cu121
[2025-02-20 12:51:22](00:00:00) Max epochs: 200, Seed: 29197
[2025-02-20 12:51:22](00:00:00) Hyperparameter tuning started...
[2025-02-20 18:03:42](05:12:19) Hyperparameter tuning finished.
[2025-02-20 18:03:42](05:12:19) Best config:  {'batch_size': 64, 'num_layers': 6, 'hidden_channels': 256, 'num_radial': 25, 'readout': 'add', 'dropout': 0.6, 'activation': 'silu', 'optimizer': 'adamw', 'scheduler': 'cosine', 'learning_rate': 0.00037344273606328474}
[2025-02-20 18:03:42](05:12:19) Database path: /expanse/lustre/scratch/omamun/temp_project/final_exp_catunc/CatUncertainty/data/catalysis_hub
[2025-02-20 18:03:42](05:12:19) Setting up data module...
[2025-02-20 18:03:42](05:12:19) Data module setup complete!
[2025-02-20 18:03:42](05:12:19) PaiNN model created!
[2025-02-20 18:03:42](05:12:19) Lightning module created!
[2025-02-20 18:03:42](05:12:19) Training started...
[2025-02-20 19:19:31](06:28:09) Training completed!
[2025-02-20 19:19:31](06:28:09) Evaluating train set...
[2025-02-20 19:23:49](06:32:27) R²: 0.9980 | RMSE: 0.0849
[2025-02-20 19:23:49](06:32:27) Evaluating val set...
[2025-02-20 19:24:27](06:33:05) R²: 0.9903 | RMSE: 0.1873
[2025-02-20 19:24:27](06:33:05) Evaluating test set...
[2025-02-20 19:25:41](06:34:19) R²: 0.9891 | RMSE: 0.2012
[2025-02-20 19:25:41](06:34:19) ✓ Predictions saved to results.pt!
