[2025-02-19 10:09:17](00:00:00) Strat ensemble training...
[2025-02-19 10:09:17](00:00:00) PyTorch Version: 2.4.0+cu121
[2025-02-19 10:09:17](00:00:00) Max epochs: 100, Seed: 32207
[2025-02-19 10:09:17](00:00:00) Hyperparameter tuning started...
[2025-02-19 16:07:32](05:58:14) Hyperparameter tuning finished.
[2025-02-19 16:07:32](05:58:14) Best config:  {'batch_size': 32, 'num_layers': 4, 'hidden_channels': 64, 'num_radial': 25, 'readout': 'add', 'activation': 'relu', 'optimizer': 'adamw', 'scheduler': 'reduce_on_plateau', 'learning_rate': 0.0009641348380425579}
[2025-02-19 16:07:32](05:58:14) Top K configurations saved to top_k_configs.csv
[2025-02-19 16:07:32](05:58:14) Training final model 1/5
[2025-02-19 16:07:32](05:58:14) Database path: /home/fs01/om235/CatUncertainty/data/catalysis_hub
[2025-02-19 16:07:32](05:58:14) Setting up data module...
[2025-02-19 16:07:32](05:58:14) Data module setup complete!
[2025-02-19 16:07:32](05:58:14) PaiNN model created!
[2025-02-19 16:07:32](05:58:14) Lightning module created!
[2025-02-19 16:07:32](05:58:14) Training started...
[2025-02-19 17:15:18](07:06:00) Training completed!
[2025-02-19 17:15:18](07:06:00) Training final model 2/5
[2025-02-19 17:15:18](07:06:00) Database path: /home/fs01/om235/CatUncertainty/data/catalysis_hub
[2025-02-19 17:15:18](07:06:00) Setting up data module...
[2025-02-19 17:15:18](07:06:00) Data module setup complete!
[2025-02-19 17:15:18](07:06:00) PaiNN model created!
[2025-02-19 17:15:18](07:06:00) Lightning module created!
[2025-02-19 17:15:18](07:06:00) Training started...
[2025-02-19 18:39:35](08:30:17) Training completed!
[2025-02-19 18:39:35](08:30:17) Training final model 3/5
[2025-02-19 18:39:35](08:30:17) Database path: /home/fs01/om235/CatUncertainty/data/catalysis_hub
[2025-02-19 18:39:35](08:30:17) Setting up data module...
[2025-02-19 18:39:35](08:30:17) Data module setup complete!
[2025-02-19 18:39:35](08:30:17) PaiNN model created!
[2025-02-19 18:39:35](08:30:17) Lightning module created!
[2025-02-19 18:39:35](08:30:17) Training started...
[2025-02-19 19:55:51](09:46:33) Training completed!
[2025-02-19 19:55:52](09:46:34) Training final model 4/5
[2025-02-19 19:55:52](09:46:34) Database path: /home/fs01/om235/CatUncertainty/data/catalysis_hub
[2025-02-19 19:55:52](09:46:34) Setting up data module...
[2025-02-19 19:55:52](09:46:34) Data module setup complete!
[2025-02-19 19:55:52](09:46:34) PaiNN model created!
[2025-02-19 19:55:52](09:46:34) Lightning module created!
[2025-02-19 19:55:52](09:46:34) Training started...
[2025-02-19 21:05:50](10:56:32) Training completed!
[2025-02-19 21:05:50](10:56:32) Training final model 5/5
[2025-02-19 21:05:50](10:56:32) Database path: /home/fs01/om235/CatUncertainty/data/catalysis_hub
[2025-02-19 21:05:50](10:56:32) Setting up data module...
[2025-02-19 21:05:50](10:56:32) Data module setup complete!
[2025-02-19 21:05:50](10:56:32) PaiNN model created!
[2025-02-19 21:05:50](10:56:32) Lightning module created!
[2025-02-19 21:05:50](10:56:32) Training started...
[2025-02-19 22:15:03](12:05:46) Training completed!
[2025-02-19 22:15:04](12:05:46) Evaluating train set...
[2025-02-19 22:17:37](12:08:19) R²: 0.9999 | RMSE: 0.0140
[2025-02-19 22:17:37](12:08:19) Evaluating val set...
[2025-02-19 22:17:59](12:08:41) R²: 0.9924 | RMSE: 0.1635
[2025-02-19 22:17:59](12:08:41) Evaluating test set...
[2025-02-19 22:18:43](12:09:25) R²: 0.9928 | RMSE: 0.1613
[2025-02-19 22:18:43](12:09:25) ✓ Predictions saved to results.pt!
