[2025-03-06 05:18:59](00:00:00) Strat ensemble training...
[2025-03-06 05:18:59](00:00:00) PyTorch Version: 2.4.0+cu121
[2025-03-06 05:18:59](00:00:00) Max epochs: 200, Seed: 107474
[2025-03-06 05:18:59](00:00:00) Database path: /expanse/lustre/scratch/omamun/temp_project/final_exp_catunc/CatUncertainty/data/open_catalyst_20/eagle_split
[2025-03-06 05:18:59](00:00:00) Setting up data module...
[2025-03-06 05:19:00](00:00:00) Data module setup complete!
[2025-03-06 05:19:00](00:00:01) Feature extractor created!
[2025-03-06 05:19:42](00:00:43) Inducing points created!
[2025-03-06 05:19:42](00:00:43) Optimizer created!
[2025-03-06 05:19:42](00:00:43) Scheduler created!
[2025-03-06 05:19:42](00:00:43) Starting training...
[2025-03-06 05:22:14](00:03:15) Epoch: 0 |Train Loss: 1.6258 |Train R²: 0.3642 |Train Speed: 3.58 iter/s |Val Loss: 1.5059 |Val R²: 0.5219 |Val Speed: 5.53 iter/s |FE LR: 1.00e-05 |SVGP LR: 1.00e-02 |Likelihood LR: 1.00e-02
[2025-03-06 05:22:14](00:03:15) Saving best model to checkpoints/best_model_epoch=0_val_loss=1.5059.pt...
[2025-03-06 05:22:15](00:03:15) ★ New best validation metrics!
[2025-03-06 05:24:45](00:05:46) Epoch: 1 |Train Loss: 1.4676 |Train R²: 0.5107 |Train Speed: 3.62 iter/s |Val Loss: 1.3903 |Val R²: 0.5747 |Val Speed: 5.59 iter/s |FE LR: 1.00e-05 |SVGP LR: 1.00e-02 |Likelihood LR: 1.00e-02
[2025-03-06 05:24:45](00:05:46) Saving best model to checkpoints/best_model_epoch=1_val_loss=1.3903.pt...
[2025-03-06 05:24:45](00:05:46) ★ New best validation metrics!
[2025-03-06 05:27:16](00:08:17) Epoch: 2 |Train Loss: 1.4296 |Train R²: 0.5356 |Train Speed: 3.62 iter/s |Val Loss: 1.4056 |Val R²: 0.5517 |Val Speed: 5.60 iter/s |FE LR: 1.00e-05 |SVGP LR: 1.00e-02 |Likelihood LR: 1.00e-02
[2025-03-06 05:27:16](00:08:17) Early stopping counter: 1/5 (Best val_loss: 1.3903)
[2025-03-06 05:29:46](00:10:47) Epoch: 3 |Train Loss: 1.3970 |Train R²: 0.5564 |Train Speed: 3.62 iter/s |Val Loss: 1.3881 |Val R²: 0.5480 |Val Speed: 5.65 iter/s |FE LR: 1.00e-05 |SVGP LR: 1.00e-02 |Likelihood LR: 1.00e-02
[2025-03-06 05:29:46](00:10:47) Saving best model to checkpoints/best_model_epoch=3_val_loss=1.3881.pt...
[2025-03-06 05:29:47](00:10:47) ★ New best validation metrics!
[2025-03-06 05:32:17](00:13:18) Epoch: 4 |Train Loss: 1.3493 |Train R²: 0.5847 |Train Speed: 3.62 iter/s |Val Loss: 1.3184 |Val R²: 0.6010 |Val Speed: 5.59 iter/s |FE LR: 1.00e-05 |SVGP LR: 1.00e-02 |Likelihood LR: 1.00e-02
[2025-03-06 05:32:17](00:13:18) Saving best model to checkpoints/best_model_epoch=4_val_loss=1.3184.pt...
[2025-03-06 05:32:17](00:13:18) ★ New best validation metrics!
[2025-03-06 05:34:50](00:15:51) Epoch: 5 |Train Loss: 1.3091 |Train R²: 0.5989 |Train Speed: 3.62 iter/s |Val Loss: 1.2930 |Val R²: 0.6139 |Val Speed: 4.82 iter/s |FE LR: 1.00e-05 |SVGP LR: 1.00e-02 |Likelihood LR: 1.00e-02
[2025-03-06 05:34:50](00:15:51) Saving best model to checkpoints/best_model_epoch=5_val_loss=1.2930.pt...
[2025-03-06 05:34:50](00:15:51) ★ New best validation metrics!
[2025-03-06 05:37:21](00:18:21) Epoch: 6 |Train Loss: 1.2742 |Train R²: 0.6173 |Train Speed: 3.62 iter/s |Val Loss: 1.2377 |Val R²: 0.6412 |Val Speed: 5.61 iter/s |FE LR: 1.00e-05 |SVGP LR: 1.00e-02 |Likelihood LR: 1.00e-02
[2025-03-06 05:37:21](00:18:21) Saving best model to checkpoints/best_model_epoch=6_val_loss=1.2377.pt...
[2025-03-06 05:37:21](00:18:22) ★ New best validation metrics!
[2025-03-06 05:40:01](00:21:02) Epoch: 7 |Train Loss: 1.2355 |Train R²: 0.6331 |Train Speed: 3.38 iter/s |Val Loss: 1.2093 |Val R²: 0.6463 |Val Speed: 5.58 iter/s |FE LR: 1.00e-05 |SVGP LR: 1.00e-02 |Likelihood LR: 1.00e-02
[2025-03-06 05:40:01](00:21:02) Saving best model to checkpoints/best_model_epoch=7_val_loss=1.2093.pt...
[2025-03-06 05:40:01](00:21:02) ★ New best validation metrics!
[2025-03-06 05:42:36](00:23:37) Epoch: 8 |Train Loss: 1.2188 |Train R²: 0.6385 |Train Speed: 3.51 iter/s |Val Loss: 1.2253 |Val R²: 0.6525 |Val Speed: 5.58 iter/s |FE LR: 1.00e-05 |SVGP LR: 1.00e-02 |Likelihood LR: 1.00e-02
[2025-03-06 05:42:36](00:23:37) Early stopping counter: 1/5 (Best val_loss: 1.2093)
[2025-03-06 05:45:07](00:26:07) Epoch: 9 |Train Loss: 1.2000 |Train R²: 0.6474 |Train Speed: 3.62 iter/s |Val Loss: 1.2790 |Val R²: 0.6152 |Val Speed: 5.59 iter/s |FE LR: 1.00e-05 |SVGP LR: 1.00e-02 |Likelihood LR: 1.00e-02
[2025-03-06 05:45:07](00:26:07) Early stopping counter: 2/5 (Best val_loss: 1.2093)
[2025-03-06 05:47:37](00:28:38) Epoch: 10 |Train Loss: 1.1817 |Train R²: 0.6540 |Train Speed: 3.62 iter/s |Val Loss: 1.1857 |Val R²: 0.6593 |Val Speed: 5.59 iter/s |FE LR: 1.00e-05 |SVGP LR: 1.00e-02 |Likelihood LR: 1.00e-02
[2025-03-06 05:47:37](00:28:38) Saving best model to checkpoints/best_model_epoch=10_val_loss=1.1857.pt...
[2025-03-06 05:47:37](00:28:38) ★ New best validation metrics!
[2025-03-06 05:50:09](00:31:10) Epoch: 11 |Train Loss: 1.1592 |Train R²: 0.6638 |Train Speed: 3.62 iter/s |Val Loss: 1.1600 |Val R²: 0.6747 |Val Speed: 5.20 iter/s |FE LR: 1.00e-05 |SVGP LR: 1.00e-02 |Likelihood LR: 1.00e-02
[2025-03-06 05:50:09](00:31:10) Saving best model to checkpoints/best_model_epoch=11_val_loss=1.1600.pt...
[2025-03-06 05:50:09](00:31:10) ★ New best validation metrics!
[2025-03-06 05:52:55](00:33:56) Epoch: 12 |Train Loss: 1.1423 |Train R²: 0.6703 |Train Speed: 3.26 iter/s |Val Loss: 1.2349 |Val R²: 0.6370 |Val Speed: 5.59 iter/s |FE LR: 1.00e-05 |SVGP LR: 1.00e-02 |Likelihood LR: 1.00e-02
[2025-03-06 05:52:55](00:33:56) Early stopping counter: 1/5 (Best val_loss: 1.1600)
[2025-03-06 05:55:26](00:36:26) Epoch: 13 |Train Loss: 1.1299 |Train R²: 0.6743 |Train Speed: 3.62 iter/s |Val Loss: 1.1203 |Val R²: 0.6817 |Val Speed: 5.59 iter/s |FE LR: 1.00e-05 |SVGP LR: 1.00e-02 |Likelihood LR: 1.00e-02
[2025-03-06 05:55:26](00:36:26) Saving best model to checkpoints/best_model_epoch=13_val_loss=1.1203.pt...
[2025-03-06 05:55:26](00:36:27) ★ New best validation metrics!
[2025-03-06 05:58:07](00:39:07) Epoch: 14 |Train Loss: 1.1025 |Train R²: 0.6863 |Train Speed: 3.42 iter/s |Val Loss: 1.1038 |Val R²: 0.6921 |Val Speed: 4.79 iter/s |FE LR: 1.00e-05 |SVGP LR: 1.00e-02 |Likelihood LR: 1.00e-02
[2025-03-06 05:58:07](00:39:07) Saving best model to checkpoints/best_model_epoch=14_val_loss=1.1038.pt...
[2025-03-06 05:58:07](00:39:08) ★ New best validation metrics!
[2025-03-06 06:00:38](00:41:38) Epoch: 15 |Train Loss: 1.1074 |Train R²: 0.6830 |Train Speed: 3.61 iter/s |Val Loss: 1.1445 |Val R²: 0.6799 |Val Speed: 5.59 iter/s |FE LR: 1.00e-05 |SVGP LR: 1.00e-02 |Likelihood LR: 1.00e-02
[2025-03-06 06:00:38](00:41:38) Early stopping counter: 1/5 (Best val_loss: 1.1038)
[2025-03-06 06:03:08](00:44:09) Epoch: 16 |Train Loss: 1.0970 |Train R²: 0.6889 |Train Speed: 3.62 iter/s |Val Loss: 1.1272 |Val R²: 0.6953 |Val Speed: 5.57 iter/s |FE LR: 1.00e-05 |SVGP LR: 1.00e-02 |Likelihood LR: 1.00e-02
[2025-03-06 06:03:08](00:44:09) Early stopping counter: 2/5 (Best val_loss: 1.1038)
[2025-03-06 06:05:39](00:46:40) Epoch: 17 |Train Loss: 1.0874 |Train R²: 0.6906 |Train Speed: 3.62 iter/s |Val Loss: 1.1368 |Val R²: 0.6861 |Val Speed: 5.46 iter/s |FE LR: 1.00e-05 |SVGP LR: 1.00e-02 |Likelihood LR: 1.00e-02
[2025-03-06 06:05:39](00:46:40) Early stopping counter: 3/5 (Best val_loss: 1.1038)
[2025-03-06 06:08:09](00:49:10) Epoch: 18 |Train Loss: 1.0620 |Train R²: 0.7013 |Train Speed: 3.62 iter/s |Val Loss: 1.1832 |Val R²: 0.6799 |Val Speed: 5.57 iter/s |FE LR: 1.00e-05 |SVGP LR: 1.00e-02 |Likelihood LR: 1.00e-02
[2025-03-06 06:08:09](00:49:10) Early stopping counter: 4/5 (Best val_loss: 1.1038)
[2025-03-06 06:10:40](00:51:41) Epoch: 19 |Train Loss: 1.0485 |Train R²: 0.7072 |Train Speed: 3.62 iter/s |Val Loss: 1.0862 |Val R²: 0.7060 |Val Speed: 5.58 iter/s |FE LR: 1.00e-05 |SVGP LR: 1.00e-02 |Likelihood LR: 1.00e-02
[2025-03-06 06:10:40](00:51:41) Saving best model to checkpoints/best_model_epoch=19_val_loss=1.0862.pt...
[2025-03-06 06:10:41](00:51:41) ★ New best validation metrics!
[2025-03-06 06:13:12](00:54:12) Epoch: 20 |Train Loss: 1.0533 |Train R²: 0.7067 |Train Speed: 3.60 iter/s |Val Loss: 1.0844 |Val R²: 0.7062 |Val Speed: 5.59 iter/s |FE LR: 1.00e-05 |SVGP LR: 1.00e-02 |Likelihood LR: 1.00e-02
[2025-03-06 06:13:12](00:54:12) Saving best model to checkpoints/best_model_epoch=20_val_loss=1.0844.pt...
[2025-03-06 06:13:12](00:54:13) ★ New best validation metrics!
[2025-03-06 06:15:43](00:56:44) Epoch: 21 |Train Loss: 1.0331 |Train R²: 0.7138 |Train Speed: 3.61 iter/s |Val Loss: 1.0802 |Val R²: 0.7054 |Val Speed: 5.59 iter/s |FE LR: 1.00e-05 |SVGP LR: 1.00e-02 |Likelihood LR: 1.00e-02
[2025-03-06 06:15:43](00:56:44) Saving best model to checkpoints/best_model_epoch=21_val_loss=1.0802.pt...
[2025-03-06 06:15:43](00:56:44) ★ New best validation metrics!
[2025-03-06 06:18:14](00:59:15) Epoch: 22 |Train Loss: 1.0236 |Train R²: 0.7183 |Train Speed: 3.61 iter/s |Val Loss: 1.2537 |Val R²: 0.6422 |Val Speed: 5.56 iter/s |FE LR: 1.00e-05 |SVGP LR: 1.00e-02 |Likelihood LR: 1.00e-02
[2025-03-06 06:18:14](00:59:15) Early stopping counter: 1/5 (Best val_loss: 1.0802)
[2025-03-06 06:20:59](01:02:00) Epoch: 23 |Train Loss: 1.0187 |Train R²: 0.7217 |Train Speed: 3.28 iter/s |Val Loss: 1.1128 |Val R²: 0.6989 |Val Speed: 5.58 iter/s |FE LR: 1.00e-05 |SVGP LR: 1.00e-02 |Likelihood LR: 1.00e-02
[2025-03-06 06:20:59](01:02:00) Early stopping counter: 2/5 (Best val_loss: 1.0802)
[2025-03-06 06:23:40](01:04:41) Epoch: 24 |Train Loss: 1.0069 |Train R²: 0.7280 |Train Speed: 3.35 iter/s |Val Loss: 1.0751 |Val R²: 0.7156 |Val Speed: 5.51 iter/s |FE LR: 1.00e-05 |SVGP LR: 1.00e-02 |Likelihood LR: 1.00e-02
[2025-03-06 06:23:41](01:04:41) Saving best model to checkpoints/best_model_epoch=24_val_loss=1.0751.pt...
[2025-03-06 06:23:41](01:04:42) ★ New best validation metrics!
[2025-03-06 06:26:13](01:07:14) Epoch: 25 |Train Loss: 1.0051 |Train R²: 0.7289 |Train Speed: 3.57 iter/s |Val Loss: 1.0581 |Val R²: 0.7257 |Val Speed: 5.57 iter/s |FE LR: 1.00e-05 |SVGP LR: 1.00e-02 |Likelihood LR: 1.00e-02
[2025-03-06 06:26:13](01:07:14) Saving best model to checkpoints/best_model_epoch=25_val_loss=1.0581.pt...
[2025-03-06 06:26:14](01:07:14) ★ New best validation metrics!
[2025-03-06 06:28:44](01:09:45) Epoch: 26 |Train Loss: 0.9890 |Train R²: 0.7376 |Train Speed: 3.62 iter/s |Val Loss: 1.0812 |Val R²: 0.7239 |Val Speed: 5.58 iter/s |FE LR: 1.00e-05 |SVGP LR: 1.00e-02 |Likelihood LR: 1.00e-02
[2025-03-06 06:28:44](01:09:45) Early stopping counter: 1/5 (Best val_loss: 1.0581)
[2025-03-06 06:31:32](01:12:32) Epoch: 27 |Train Loss: 0.9904 |Train R²: 0.7373 |Train Speed: 3.26 iter/s |Val Loss: 1.2119 |Val R²: 0.6836 |Val Speed: 4.99 iter/s |FE LR: 1.00e-05 |SVGP LR: 1.00e-02 |Likelihood LR: 1.00e-02
[2025-03-06 06:31:32](01:12:32) Early stopping counter: 2/5 (Best val_loss: 1.0581)
[2025-03-06 06:34:03](01:15:03) Epoch: 28 |Train Loss: 0.9786 |Train R²: 0.7439 |Train Speed: 3.60 iter/s |Val Loss: 1.0995 |Val R²: 0.7270 |Val Speed: 5.55 iter/s |FE LR: 1.00e-05 |SVGP LR: 1.00e-02 |Likelihood LR: 1.00e-02
[2025-03-06 06:34:03](01:15:03) Early stopping counter: 3/5 (Best val_loss: 1.0581)
[2025-03-06 06:36:49](01:17:49) Epoch: 29 |Train Loss: 0.9729 |Train R²: 0.7481 |Train Speed: 3.25 iter/s |Val Loss: 1.0421 |Val R²: 0.7374 |Val Speed: 5.59 iter/s |FE LR: 1.00e-05 |SVGP LR: 1.00e-02 |Likelihood LR: 1.00e-02
[2025-03-06 06:36:49](01:17:49) Saving best model to checkpoints/best_model_epoch=29_val_loss=1.0421.pt...
[2025-03-06 06:36:49](01:17:50) ★ New best validation metrics!
[2025-03-06 06:39:20](01:20:20) Epoch: 30 |Train Loss: 0.9561 |Train R²: 0.7533 |Train Speed: 3.61 iter/s |Val Loss: 1.0472 |Val R²: 0.7380 |Val Speed: 5.60 iter/s |FE LR: 1.00e-05 |SVGP LR: 1.00e-02 |Likelihood LR: 1.00e-02
[2025-03-06 06:39:20](01:20:20) Early stopping counter: 1/5 (Best val_loss: 1.0421)
[2025-03-06 06:41:51](01:22:51) Epoch: 31 |Train Loss: 0.9605 |Train R²: 0.7564 |Train Speed: 3.61 iter/s |Val Loss: 1.0770 |Val R²: 0.7369 |Val Speed: 5.50 iter/s |FE LR: 1.00e-05 |SVGP LR: 1.00e-02 |Likelihood LR: 1.00e-02
[2025-03-06 06:41:51](01:22:51) Early stopping counter: 2/5 (Best val_loss: 1.0421)
[2025-03-06 06:44:21](01:25:22) Epoch: 32 |Train Loss: 0.9571 |Train R²: 0.7585 |Train Speed: 3.62 iter/s |Val Loss: 1.1503 |Val R²: 0.7321 |Val Speed: 5.60 iter/s |FE LR: 1.00e-05 |SVGP LR: 1.00e-02 |Likelihood LR: 1.00e-02
[2025-03-06 06:44:21](01:25:22) Early stopping counter: 3/5 (Best val_loss: 1.0421)
[2025-03-06 06:47:05](01:28:05) Epoch: 33 |Train Loss: 0.9434 |Train R²: 0.7640 |Train Speed: 3.31 iter/s |Val Loss: 1.0945 |Val R²: 0.7405 |Val Speed: 5.56 iter/s |FE LR: 1.00e-05 |SVGP LR: 1.00e-02 |Likelihood LR: 1.00e-02
[2025-03-06 06:47:05](01:28:05) Early stopping counter: 4/5 (Best val_loss: 1.0421)
[2025-03-06 06:49:37](01:30:38) Epoch: 34 |Train Loss: 0.9476 |Train R²: 0.7646 |Train Speed: 3.62 iter/s |Val Loss: 1.0781 |Val R²: 0.7421 |Val Speed: 4.74 iter/s |FE LR: 1.00e-05 |SVGP LR: 1.00e-02 |Likelihood LR: 1.00e-02
[2025-03-06 06:49:37](01:30:38) Early stopping counter: 5/5 (Best val_loss: 1.0421)
[2025-03-06 06:49:37](01:30:38) 
Early stopping triggered! No improvement in validation loss for 5 epochs.
[2025-03-06 06:49:37](01:30:38) 
Training stopped early at epoch 35/200
[2025-03-06 06:49:37](01:30:38) 
Saving final model...
[2025-03-06 06:49:39](01:30:40) ✓ Model saved to model.pt!
[2025-03-06 06:49:39](01:30:40) 
✓ Training completed successfully!
[2025-03-06 06:49:39](01:30:40) Best validation metrics:
• Loss: 1.0421
• R²: 0.7374
[2025-03-06 06:49:40](01:30:40) 
Evaluating train set...
[2025-03-06 06:51:25](01:32:25) • R²: 0.7633
[2025-03-06 06:51:25](01:32:25) • RMSE: 0.7431
[2025-03-06 06:51:25](01:32:25) 
Evaluating val set...
[2025-03-06 06:51:38](01:32:38) • R²: 0.7374
[2025-03-06 06:51:38](01:32:38) • RMSE: 0.7866
[2025-03-06 06:51:38](01:32:38) 
Evaluating test set...
[2025-03-06 06:52:03](01:33:04) • R²: 0.7200
[2025-03-06 06:52:03](01:33:04) • RMSE: 0.8163
[2025-03-06 06:52:04](01:33:05) 
✓ Results saved to results.pt!
