[2025-02-22 10:02:29](00:00:00) Strat ensemble training...
[2025-02-22 10:02:29](00:00:00) PyTorch Version: 2.4.0+cu121
[2025-02-22 10:02:29](00:00:00) Max epochs: 200, Seed: 75570
[2025-02-22 10:02:29](00:00:00) Hyperparameter tuning started...
[2025-02-22 15:07:50](05:05:20) Hyperparameter tuning finished.
[2025-02-22 15:07:50](05:05:20) Best config:  {'batch_size': 64, 'num_layers': 2, 'hidden_channels': 256, 'num_radial': 25, 'readout': 'mean', 'dropout': 0.5, 'activation': 'ssp', 'optimizer': 'adam', 'scheduler': 'cosine', 'learning_rate': 0.0007842148670049986}
[2025-02-22 15:07:50](05:05:20) Database path: /expanse/lustre/scratch/omamun/temp_project/final_exp_catunc/CatUncertainty/data/catalysis_hub
[2025-02-22 15:07:50](05:05:20) Setting up data module...
[2025-02-22 15:07:50](05:05:20) Data module setup complete!
[2025-02-22 15:07:50](05:05:20) PaiNN model created!
[2025-02-22 15:07:50](05:05:20) Lightning module created!
[2025-02-22 15:07:51](05:05:21) Training started...
[2025-02-22 15:33:05](05:30:36) Training completed!
[2025-02-22 15:33:05](05:30:36) Evaluating train set...
[2025-02-22 15:36:14](05:33:44) R²: 0.9935 | RMSE: 0.1539
[2025-02-22 15:36:14](05:33:44) Evaluating val set...
[2025-02-22 15:36:41](05:34:11) R²: 0.9884 | RMSE: 0.2085
[2025-02-22 15:36:41](05:34:11) Evaluating test set...
[2025-02-22 15:37:37](05:35:07) R²: 0.9877 | RMSE: 0.2150
[2025-02-22 15:37:37](05:35:07) ✓ Predictions saved to results.pt!
