[2025-02-20 09:05:28](00:00:00) Strat evidential training...
[2025-02-20 09:05:28](00:00:00) PyTorch Version: 2.4.0+cu121
[2025-02-20 09:05:28](00:00:00) Max epochs: 100, Seed: 59875
[2025-02-20 09:05:28](00:00:00) Hyperparameter tuning started...
[2025-02-20 14:26:21](05:20:52) Hyperparameter tuning finished.
[2025-02-20 14:26:21](05:20:52) Best config:  {'batch_size': 32, 'hidden_channels': 64, 'num_filters': 256, 'num_interactions': 4, 'cfconv_num_dense': 4, 'interaction_num_dense': 6, 'num_gaussians': 25, 'readout': 'mean', 'activation': 'silu', 'optimizer': 'adamw', 'scheduler': 'cosine', 'learning_rate': 0.0008714965717047113}
[2025-02-20 14:26:21](05:20:52) Database path: /expanse/lustre/scratch/omamun/temp_project/final_exp_catunc/CatUncertainty/data/catalysis_hub
[2025-02-20 14:26:21](05:20:52) Setting up data module...
[2025-02-20 14:26:21](05:20:52) Data module setup complete!
[2025-02-20 14:26:21](05:20:52) SchNet model created!
[2025-02-20 14:26:21](05:20:52) Lightning module created!
[2025-02-20 14:26:21](05:20:52) Training started...
[2025-02-20 15:13:47](06:08:19) Training completed!
[2025-02-20 15:13:47](06:08:19) Evaluating train set...
[2025-02-20 15:13:57](06:08:28) R²: 0.9965 | RMSE: 0.1126
[2025-02-20 15:13:57](06:08:28) Evaluating val set...
[2025-02-20 15:13:59](06:08:30) R²: 0.9881 | RMSE: 0.2078
[2025-02-20 15:13:59](06:08:30) Evaluating test set...
[2025-02-20 15:14:02](06:08:34) R²: 0.9895 | RMSE: 0.2002
[2025-02-20 15:14:02](06:08:34) ✓ Predictions saved to results.pt!
