[2025-02-28 06:38:12](00:00:00) Strat ensemble training...
[2025-02-28 06:38:12](00:00:00) PyTorch Version: 2.4.0+cu121
[2025-02-28 06:38:12](00:00:00) Max epochs: 200, Seed: 92071
[2025-02-28 06:38:12](00:00:00) Hyperparameter tuning started...
[2025-02-28 12:42:56](06:04:44) Hyperparameter tuning finished.
[2025-02-28 12:42:56](06:04:44) Best config:  {'batch_size': 32, 'num_layers': 2, 'hidden_channels': 256, 'num_radial': 25, 'readout': 'add', 'dropout': 0.2, 'activation': 'tanh', 'optimizer': 'rmsprop', 'scheduler': 'cosine', 'learning_rate': 6.004942805951017e-05}
[2025-02-28 12:42:56](06:04:44) Database path: /home/fs01/om235/CatUncertainty/data/catalysis_hub
[2025-02-28 12:42:56](06:04:44) Setting up data module...
[2025-02-28 12:42:56](06:04:44) Data module setup complete!
[2025-02-28 12:42:56](06:04:44) PaiNN model created!
[2025-02-28 12:42:56](06:04:44) Lightning module created!
[2025-02-28 12:42:56](06:04:44) Training started...
[2025-02-28 13:28:11](06:49:59) Training completed!
[2025-02-28 13:28:11](06:49:59) Evaluating train set...
[2025-02-28 13:32:53](06:54:41) R²: 0.9937 | RMSE: 0.1516
[2025-02-28 13:32:53](06:54:41) Evaluating val set...
[2025-02-28 13:33:33](06:55:21) R²: 0.9866 | RMSE: 0.2202
[2025-02-28 13:33:33](06:55:21) Evaluating test set...
[2025-02-28 13:34:54](06:56:42) R²: 0.9874 | RMSE: 0.2143
[2025-02-28 13:34:54](06:56:42) ✓ Predictions saved to results.pt!
