[2025-03-04 04:37:25](00:00:00) Strat ensemble training...
[2025-03-04 04:37:25](00:00:00) PyTorch Version: 2.4.0+cu121
[2025-03-04 04:37:25](00:00:00) Max epochs: 200, Seed: 442418
[2025-03-04 04:37:26](00:00:00) Database path: /expanse/lustre/scratch/omamun/temp_project/final_exp_catunc/CatUncertainty/data/catalysis_hub
[2025-03-04 04:37:26](00:00:00) Setting up data module...
[2025-03-04 04:37:26](00:00:00) Data module setup complete!
[2025-03-04 04:37:26](00:00:00) Feature extractor created!
[2025-03-04 04:37:33](00:00:07) Inducing points created!
[2025-03-04 04:37:33](00:00:07) Optimizer created!
[2025-03-04 04:37:33](00:00:07) Scheduler created!
[2025-03-04 04:37:33](00:00:07) Starting training...
[2025-03-04 04:38:02](00:00:36) Epoch: 0 |Train Loss: 1.5771 |Train R²: 0.5654 |Train Speed: 15.52 iter/s |Val Loss: 1.4239 |Val R²: 0.6986 |Val Speed: 21.04 iter/s |FE LR: 1.00e-05 |SVGP LR: 1.00e-02 |Likelihood LR: 1.00e-02
[2025-03-04 04:38:02](00:00:36) Saving best model to checkpoints/best_model_epoch=0_val_loss=1.4239.pt...
[2025-03-04 04:38:02](00:00:36) ★ New best validation metrics!
[2025-03-04 04:38:30](00:01:04) Epoch: 1 |Train Loss: 1.4435 |Train R²: 0.6786 |Train Speed: 15.72 iter/s |Val Loss: 1.4401 |Val R²: 0.6706 |Val Speed: 27.08 iter/s |FE LR: 1.00e-05 |SVGP LR: 1.00e-02 |Likelihood LR: 1.00e-02
[2025-03-04 04:38:30](00:01:04) Early stopping counter: 1/5 (Best val_loss: 1.4239)
[2025-03-04 04:38:55](00:01:29) Epoch: 2 |Train Loss: 1.4139 |Train R²: 0.6888 |Train Speed: 17.84 iter/s |Val Loss: 1.3795 |Val R²: 0.7054 |Val Speed: 27.30 iter/s |FE LR: 1.00e-05 |SVGP LR: 1.00e-02 |Likelihood LR: 1.00e-02
[2025-03-04 04:38:55](00:01:29) Saving best model to checkpoints/best_model_epoch=2_val_loss=1.3795.pt...
[2025-03-04 04:38:55](00:01:29) ★ New best validation metrics!
[2025-03-04 04:39:21](00:01:55) Epoch: 3 |Train Loss: 1.3898 |Train R²: 0.6961 |Train Speed: 17.27 iter/s |Val Loss: 1.3473 |Val R²: 0.7150 |Val Speed: 23.43 iter/s |FE LR: 1.00e-05 |SVGP LR: 1.00e-02 |Likelihood LR: 1.00e-02
[2025-03-04 04:39:21](00:01:55) Saving best model to checkpoints/best_model_epoch=3_val_loss=1.3473.pt...
[2025-03-04 04:39:21](00:01:55) ★ New best validation metrics!
[2025-03-04 04:39:47](00:02:21) Epoch: 4 |Train Loss: 1.3547 |Train R²: 0.7031 |Train Speed: 17.83 iter/s |Val Loss: 1.3042 |Val R²: 0.7252 |Val Speed: 26.61 iter/s |FE LR: 1.00e-05 |SVGP LR: 1.00e-02 |Likelihood LR: 1.00e-02
[2025-03-04 04:39:47](00:02:21) Saving best model to checkpoints/best_model_epoch=4_val_loss=1.3042.pt...
[2025-03-04 04:39:47](00:02:21) ★ New best validation metrics!
[2025-03-04 04:40:12](00:02:46) Epoch: 5 |Train Loss: 1.3278 |Train R²: 0.7084 |Train Speed: 17.75 iter/s |Val Loss: 1.2882 |Val R²: 0.7319 |Val Speed: 27.17 iter/s |FE LR: 1.00e-05 |SVGP LR: 1.00e-02 |Likelihood LR: 1.00e-02
[2025-03-04 04:40:12](00:02:46) Saving best model to checkpoints/best_model_epoch=5_val_loss=1.2882.pt...
[2025-03-04 04:40:12](00:02:46) ★ New best validation metrics!
[2025-03-04 04:40:38](00:03:12) Epoch: 6 |Train Loss: 1.3080 |Train R²: 0.7126 |Train Speed: 17.19 iter/s |Val Loss: 1.2933 |Val R²: 0.7337 |Val Speed: 27.40 iter/s |FE LR: 1.00e-05 |SVGP LR: 1.00e-02 |Likelihood LR: 1.00e-02
[2025-03-04 04:40:38](00:03:12) Early stopping counter: 1/5 (Best val_loss: 1.2882)
[2025-03-04 04:41:03](00:03:37) Epoch: 7 |Train Loss: 1.2903 |Train R²: 0.7197 |Train Speed: 17.87 iter/s |Val Loss: 1.2373 |Val R²: 0.7404 |Val Speed: 27.63 iter/s |FE LR: 1.00e-05 |SVGP LR: 1.00e-02 |Likelihood LR: 1.00e-02
[2025-03-04 04:41:03](00:03:37) Saving best model to checkpoints/best_model_epoch=7_val_loss=1.2373.pt...
[2025-03-04 04:41:03](00:03:37) ★ New best validation metrics!
[2025-03-04 04:41:28](00:04:02) Epoch: 8 |Train Loss: 1.2733 |Train R²: 0.7237 |Train Speed: 17.91 iter/s |Val Loss: 1.2350 |Val R²: 0.7473 |Val Speed: 27.51 iter/s |FE LR: 1.00e-05 |SVGP LR: 1.00e-02 |Likelihood LR: 1.00e-02
[2025-03-04 04:41:28](00:04:02) Saving best model to checkpoints/best_model_epoch=8_val_loss=1.2350.pt...
[2025-03-04 04:41:28](00:04:02) ★ New best validation metrics!
[2025-03-04 04:41:53](00:04:27) Epoch: 9 |Train Loss: 1.2494 |Train R²: 0.7323 |Train Speed: 17.61 iter/s |Val Loss: 1.2243 |Val R²: 0.7447 |Val Speed: 27.69 iter/s |FE LR: 1.00e-05 |SVGP LR: 1.00e-02 |Likelihood LR: 1.00e-02
[2025-03-04 04:41:53](00:04:27) Saving best model to checkpoints/best_model_epoch=9_val_loss=1.2243.pt...
[2025-03-04 04:41:53](00:04:28) ★ New best validation metrics!
[2025-03-04 04:42:20](00:04:54) Epoch: 10 |Train Loss: 1.2271 |Train R²: 0.7391 |Train Speed: 16.92 iter/s |Val Loss: 1.2035 |Val R²: 0.7579 |Val Speed: 27.21 iter/s |FE LR: 1.00e-05 |SVGP LR: 1.00e-02 |Likelihood LR: 1.00e-02
[2025-03-04 04:42:20](00:04:54) Saving best model to checkpoints/best_model_epoch=10_val_loss=1.2035.pt...
[2025-03-04 04:42:20](00:04:54) ★ New best validation metrics!
[2025-03-04 04:42:47](00:05:21) Epoch: 11 |Train Loss: 1.1969 |Train R²: 0.7497 |Train Speed: 16.28 iter/s |Val Loss: 1.1544 |Val R²: 0.7679 |Val Speed: 27.48 iter/s |FE LR: 1.00e-05 |SVGP LR: 1.00e-02 |Likelihood LR: 1.00e-02
[2025-03-04 04:42:47](00:05:21) Saving best model to checkpoints/best_model_epoch=11_val_loss=1.1544.pt...
[2025-03-04 04:42:47](00:05:21) ★ New best validation metrics!
[2025-03-04 04:43:15](00:05:49) Epoch: 12 |Train Loss: 1.1696 |Train R²: 0.7598 |Train Speed: 15.97 iter/s |Val Loss: 1.1443 |Val R²: 0.7757 |Val Speed: 27.36 iter/s |FE LR: 1.00e-05 |SVGP LR: 1.00e-02 |Likelihood LR: 1.00e-02
[2025-03-04 04:43:15](00:05:49) Saving best model to checkpoints/best_model_epoch=12_val_loss=1.1443.pt...
[2025-03-04 04:43:15](00:05:49) ★ New best validation metrics!
[2025-03-04 04:43:40](00:06:14) Epoch: 13 |Train Loss: 1.1479 |Train R²: 0.7678 |Train Speed: 17.88 iter/s |Val Loss: 1.1389 |Val R²: 0.7819 |Val Speed: 27.62 iter/s |FE LR: 1.00e-05 |SVGP LR: 1.00e-02 |Likelihood LR: 1.00e-02
[2025-03-04 04:43:40](00:06:14) Saving best model to checkpoints/best_model_epoch=13_val_loss=1.1389.pt...
[2025-03-04 04:43:40](00:06:14) ★ New best validation metrics!
[2025-03-04 04:44:05](00:06:39) Epoch: 14 |Train Loss: 1.1225 |Train R²: 0.7753 |Train Speed: 17.75 iter/s |Val Loss: 1.1113 |Val R²: 0.7871 |Val Speed: 27.56 iter/s |FE LR: 1.00e-05 |SVGP LR: 1.00e-02 |Likelihood LR: 1.00e-02
[2025-03-04 04:44:05](00:06:39) Saving best model to checkpoints/best_model_epoch=14_val_loss=1.1113.pt...
[2025-03-04 04:44:05](00:06:39) ★ New best validation metrics!
[2025-03-04 04:44:31](00:07:05) Epoch: 15 |Train Loss: 1.0979 |Train R²: 0.7842 |Train Speed: 17.54 iter/s |Val Loss: 1.0618 |Val R²: 0.8028 |Val Speed: 27.46 iter/s |FE LR: 1.00e-05 |SVGP LR: 1.00e-02 |Likelihood LR: 1.00e-02
[2025-03-04 04:44:31](00:07:05) Saving best model to checkpoints/best_model_epoch=15_val_loss=1.0618.pt...
[2025-03-04 04:44:31](00:07:05) ★ New best validation metrics!
[2025-03-04 04:44:56](00:07:30) Epoch: 16 |Train Loss: 1.0781 |Train R²: 0.7921 |Train Speed: 17.75 iter/s |Val Loss: 1.0704 |Val R²: 0.8077 |Val Speed: 26.94 iter/s |FE LR: 1.00e-05 |SVGP LR: 1.00e-02 |Likelihood LR: 1.00e-02
[2025-03-04 04:44:56](00:07:30) Early stopping counter: 1/5 (Best val_loss: 1.0618)
[2025-03-04 04:45:22](00:07:56) Epoch: 17 |Train Loss: 1.0560 |Train R²: 0.7992 |Train Speed: 17.79 iter/s |Val Loss: 1.0300 |Val R²: 0.8096 |Val Speed: 22.92 iter/s |FE LR: 1.00e-05 |SVGP LR: 1.00e-02 |Likelihood LR: 1.00e-02
[2025-03-04 04:45:22](00:07:56) Saving best model to checkpoints/best_model_epoch=17_val_loss=1.0300.pt...
[2025-03-04 04:45:22](00:07:56) ★ New best validation metrics!
[2025-03-04 04:45:47](00:08:21) Epoch: 18 |Train Loss: 1.0313 |Train R²: 0.8072 |Train Speed: 17.61 iter/s |Val Loss: 1.0128 |Val R²: 0.8183 |Val Speed: 27.65 iter/s |FE LR: 1.00e-05 |SVGP LR: 1.00e-02 |Likelihood LR: 1.00e-02
[2025-03-04 04:45:47](00:08:21) Saving best model to checkpoints/best_model_epoch=18_val_loss=1.0128.pt...
[2025-03-04 04:45:47](00:08:21) ★ New best validation metrics!
[2025-03-04 04:46:12](00:08:47) Epoch: 19 |Train Loss: 1.0084 |Train R²: 0.8148 |Train Speed: 17.62 iter/s |Val Loss: 0.9793 |Val R²: 0.8265 |Val Speed: 27.64 iter/s |FE LR: 1.00e-05 |SVGP LR: 1.00e-02 |Likelihood LR: 1.00e-02
[2025-03-04 04:46:12](00:08:47) Saving best model to checkpoints/best_model_epoch=19_val_loss=0.9793.pt...
[2025-03-04 04:46:13](00:08:47) ★ New best validation metrics!
[2025-03-04 04:46:38](00:09:12) Epoch: 20 |Train Loss: 0.9894 |Train R²: 0.8214 |Train Speed: 17.76 iter/s |Val Loss: 0.9848 |Val R²: 0.8281 |Val Speed: 23.25 iter/s |FE LR: 1.00e-05 |SVGP LR: 1.00e-02 |Likelihood LR: 1.00e-02
[2025-03-04 04:46:38](00:09:12) Early stopping counter: 1/5 (Best val_loss: 0.9793)
[2025-03-04 04:47:04](00:09:38) Epoch: 21 |Train Loss: 0.9652 |Train R²: 0.8273 |Train Speed: 16.98 iter/s |Val Loss: 0.9484 |Val R²: 0.8374 |Val Speed: 27.28 iter/s |FE LR: 1.00e-05 |SVGP LR: 1.00e-02 |Likelihood LR: 1.00e-02
[2025-03-04 04:47:04](00:09:38) Saving best model to checkpoints/best_model_epoch=21_val_loss=0.9484.pt...
[2025-03-04 04:47:04](00:09:39) ★ New best validation metrics!
[2025-03-04 04:47:31](00:10:05) Epoch: 22 |Train Loss: 0.9503 |Train R²: 0.8329 |Train Speed: 16.71 iter/s |Val Loss: 0.9678 |Val R²: 0.8362 |Val Speed: 27.15 iter/s |FE LR: 1.00e-05 |SVGP LR: 1.00e-02 |Likelihood LR: 1.00e-02
[2025-03-04 04:47:31](00:10:05) Early stopping counter: 1/5 (Best val_loss: 0.9484)
[2025-03-04 04:47:57](00:10:31) Epoch: 23 |Train Loss: 0.9331 |Train R²: 0.8393 |Train Speed: 17.54 iter/s |Val Loss: 0.9179 |Val R²: 0.8477 |Val Speed: 27.33 iter/s |FE LR: 1.00e-05 |SVGP LR: 1.00e-02 |Likelihood LR: 1.00e-02
[2025-03-04 04:47:57](00:10:31) Saving best model to checkpoints/best_model_epoch=23_val_loss=0.9179.pt...
[2025-03-04 04:47:57](00:10:31) ★ New best validation metrics!
[2025-03-04 04:48:23](00:10:57) Epoch: 24 |Train Loss: 0.9127 |Train R²: 0.8443 |Train Speed: 16.84 iter/s |Val Loss: 0.9178 |Val R²: 0.8494 |Val Speed: 27.43 iter/s |FE LR: 1.00e-05 |SVGP LR: 1.00e-02 |Likelihood LR: 1.00e-02
[2025-03-04 04:48:23](00:10:57) Saving best model to checkpoints/best_model_epoch=24_val_loss=0.9178.pt...
[2025-03-04 04:48:23](00:10:57) ★ New best validation metrics!
[2025-03-04 04:48:48](00:11:22) Epoch: 25 |Train Loss: 0.8959 |Train R²: 0.8499 |Train Speed: 17.83 iter/s |Val Loss: 0.8719 |Val R²: 0.8576 |Val Speed: 27.40 iter/s |FE LR: 1.00e-05 |SVGP LR: 1.00e-02 |Likelihood LR: 1.00e-02
[2025-03-04 04:48:48](00:11:22) Saving best model to checkpoints/best_model_epoch=25_val_loss=0.8719.pt...
[2025-03-04 04:48:48](00:11:22) ★ New best validation metrics!
[2025-03-04 04:49:14](00:11:48) Epoch: 26 |Train Loss: 0.8755 |Train R²: 0.8549 |Train Speed: 17.60 iter/s |Val Loss: 0.8626 |Val R²: 0.8607 |Val Speed: 27.31 iter/s |FE LR: 1.00e-05 |SVGP LR: 1.00e-02 |Likelihood LR: 1.00e-02
[2025-03-04 04:49:14](00:11:48) Saving best model to checkpoints/best_model_epoch=26_val_loss=0.8626.pt...
[2025-03-04 04:49:14](00:11:48) ★ New best validation metrics!
[2025-03-04 04:49:40](00:12:14) Epoch: 27 |Train Loss: 0.8573 |Train R²: 0.8591 |Train Speed: 17.57 iter/s |Val Loss: 0.8363 |Val R²: 0.8669 |Val Speed: 23.19 iter/s |FE LR: 1.00e-05 |SVGP LR: 1.00e-02 |Likelihood LR: 1.00e-02
[2025-03-04 04:49:40](00:12:14) Saving best model to checkpoints/best_model_epoch=27_val_loss=0.8363.pt...
[2025-03-04 04:49:40](00:12:14) ★ New best validation metrics!
[2025-03-04 04:50:05](00:12:39) Epoch: 28 |Train Loss: 0.8496 |Train R²: 0.8630 |Train Speed: 17.84 iter/s |Val Loss: 0.8356 |Val R²: 0.8675 |Val Speed: 27.23 iter/s |FE LR: 1.00e-05 |SVGP LR: 1.00e-02 |Likelihood LR: 1.00e-02
[2025-03-04 04:50:05](00:12:39) Saving best model to checkpoints/best_model_epoch=28_val_loss=0.8356.pt...
[2025-03-04 04:50:05](00:12:39) ★ New best validation metrics!
[2025-03-04 04:50:30](00:13:04) Epoch: 29 |Train Loss: 0.8285 |Train R²: 0.8675 |Train Speed: 17.76 iter/s |Val Loss: 0.8374 |Val R²: 0.8702 |Val Speed: 27.36 iter/s |FE LR: 1.00e-05 |SVGP LR: 1.00e-02 |Likelihood LR: 1.00e-02
[2025-03-04 04:50:30](00:13:04) Early stopping counter: 1/5 (Best val_loss: 0.8356)
[2025-03-04 04:50:58](00:13:32) Epoch: 30 |Train Loss: 0.8125 |Train R²: 0.8706 |Train Speed: 15.64 iter/s |Val Loss: 0.7979 |Val R²: 0.8766 |Val Speed: 27.68 iter/s |FE LR: 1.00e-05 |SVGP LR: 1.00e-02 |Likelihood LR: 1.00e-02
[2025-03-04 04:50:58](00:13:32) Saving best model to checkpoints/best_model_epoch=30_val_loss=0.7979.pt...
[2025-03-04 04:50:58](00:13:32) ★ New best validation metrics!
[2025-03-04 04:51:25](00:13:59) Epoch: 31 |Train Loss: 0.8000 |Train R²: 0.8743 |Train Speed: 16.71 iter/s |Val Loss: 0.7973 |Val R²: 0.8780 |Val Speed: 27.38 iter/s |FE LR: 1.00e-05 |SVGP LR: 1.00e-02 |Likelihood LR: 1.00e-02
[2025-03-04 04:51:25](00:13:59) Saving best model to checkpoints/best_model_epoch=31_val_loss=0.7973.pt...
[2025-03-04 04:51:25](00:13:59) ★ New best validation metrics!
[2025-03-04 04:51:54](00:14:28) Epoch: 32 |Train Loss: 0.7855 |Train R²: 0.8781 |Train Speed: 15.64 iter/s |Val Loss: 0.7926 |Val R²: 0.8794 |Val Speed: 22.89 iter/s |FE LR: 1.00e-05 |SVGP LR: 1.00e-02 |Likelihood LR: 1.00e-02
[2025-03-04 04:51:54](00:14:28) Saving best model to checkpoints/best_model_epoch=32_val_loss=0.7926.pt...
[2025-03-04 04:51:54](00:14:28) ★ New best validation metrics!
[2025-03-04 04:52:19](00:14:53) Epoch: 33 |Train Loss: 0.7716 |Train R²: 0.8806 |Train Speed: 17.63 iter/s |Val Loss: 0.7803 |Val R²: 0.8814 |Val Speed: 27.64 iter/s |FE LR: 1.00e-05 |SVGP LR: 1.00e-02 |Likelihood LR: 1.00e-02
[2025-03-04 04:52:19](00:14:53) Saving best model to checkpoints/best_model_epoch=33_val_loss=0.7803.pt...
[2025-03-04 04:52:19](00:14:53) ★ New best validation metrics!
[2025-03-04 04:52:45](00:15:19) Epoch: 34 |Train Loss: 0.7652 |Train R²: 0.8825 |Train Speed: 17.71 iter/s |Val Loss: 0.7554 |Val R²: 0.8857 |Val Speed: 27.00 iter/s |FE LR: 1.00e-05 |SVGP LR: 1.00e-02 |Likelihood LR: 1.00e-02
[2025-03-04 04:52:45](00:15:19) Saving best model to checkpoints/best_model_epoch=34_val_loss=0.7554.pt...
[2025-03-04 04:52:45](00:15:19) ★ New best validation metrics!
[2025-03-04 04:53:10](00:15:44) Epoch: 35 |Train Loss: 0.7516 |Train R²: 0.8857 |Train Speed: 17.76 iter/s |Val Loss: 0.7677 |Val R²: 0.8851 |Val Speed: 27.35 iter/s |FE LR: 1.00e-05 |SVGP LR: 1.00e-02 |Likelihood LR: 1.00e-02
[2025-03-04 04:53:10](00:15:44) Early stopping counter: 1/5 (Best val_loss: 0.7554)
[2025-03-04 04:53:35](00:16:09) Epoch: 36 |Train Loss: 0.7404 |Train R²: 0.8878 |Train Speed: 17.58 iter/s |Val Loss: 0.7289 |Val R²: 0.8900 |Val Speed: 27.25 iter/s |FE LR: 1.00e-05 |SVGP LR: 1.00e-02 |Likelihood LR: 1.00e-02
[2025-03-04 04:53:35](00:16:09) Saving best model to checkpoints/best_model_epoch=36_val_loss=0.7289.pt...
[2025-03-04 04:53:35](00:16:09) ★ New best validation metrics!
[2025-03-04 04:54:00](00:16:35) Epoch: 37 |Train Loss: 0.7322 |Train R²: 0.8900 |Train Speed: 17.79 iter/s |Val Loss: 0.7616 |Val R²: 0.8864 |Val Speed: 27.19 iter/s |FE LR: 1.00e-05 |SVGP LR: 1.00e-02 |Likelihood LR: 1.00e-02
[2025-03-04 04:54:00](00:16:35) Early stopping counter: 1/5 (Best val_loss: 0.7289)
[2025-03-04 04:54:26](00:17:00) Epoch: 38 |Train Loss: 0.7229 |Train R²: 0.8924 |Train Speed: 17.69 iter/s |Val Loss: 0.7517 |Val R²: 0.8917 |Val Speed: 25.27 iter/s |FE LR: 1.00e-05 |SVGP LR: 1.00e-02 |Likelihood LR: 1.00e-02
[2025-03-04 04:54:26](00:17:00) Early stopping counter: 2/5 (Best val_loss: 0.7289)
[2025-03-04 04:54:52](00:17:26) Epoch: 39 |Train Loss: 0.7069 |Train R²: 0.8948 |Train Speed: 17.68 iter/s |Val Loss: 0.7577 |Val R²: 0.8900 |Val Speed: 22.99 iter/s |FE LR: 1.00e-05 |SVGP LR: 1.00e-02 |Likelihood LR: 1.00e-02
[2025-03-04 04:54:52](00:17:26) Early stopping counter: 3/5 (Best val_loss: 0.7289)
[2025-03-04 04:55:17](00:17:51) Epoch: 40 |Train Loss: 0.6999 |Train R²: 0.8962 |Train Speed: 17.81 iter/s |Val Loss: 0.6970 |Val R²: 0.8987 |Val Speed: 27.53 iter/s |FE LR: 1.00e-05 |SVGP LR: 1.00e-02 |Likelihood LR: 1.00e-02
[2025-03-04 04:55:17](00:17:51) Saving best model to checkpoints/best_model_epoch=40_val_loss=0.6970.pt...
[2025-03-04 04:55:17](00:17:51) ★ New best validation metrics!
[2025-03-04 04:55:42](00:18:16) Epoch: 41 |Train Loss: 0.6885 |Train R²: 0.8984 |Train Speed: 17.77 iter/s |Val Loss: 0.7132 |Val R²: 0.8975 |Val Speed: 25.52 iter/s |FE LR: 1.00e-05 |SVGP LR: 1.00e-02 |Likelihood LR: 1.00e-02
[2025-03-04 04:55:42](00:18:16) Early stopping counter: 1/5 (Best val_loss: 0.6970)
[2025-03-04 04:56:09](00:18:43) Epoch: 42 |Train Loss: 0.6898 |Train R²: 0.8994 |Train Speed: 16.90 iter/s |Val Loss: 0.7156 |Val R²: 0.8987 |Val Speed: 24.35 iter/s |FE LR: 1.00e-05 |SVGP LR: 1.00e-02 |Likelihood LR: 1.00e-02
[2025-03-04 04:56:09](00:18:43) Early stopping counter: 2/5 (Best val_loss: 0.6970)
[2025-03-04 04:56:35](00:19:09) Epoch: 43 |Train Loss: 0.6802 |Train R²: 0.9009 |Train Speed: 17.09 iter/s |Val Loss: 0.6923 |Val R²: 0.9004 |Val Speed: 27.37 iter/s |FE LR: 1.00e-05 |SVGP LR: 1.00e-02 |Likelihood LR: 1.00e-02
[2025-03-04 04:56:35](00:19:09) Saving best model to checkpoints/best_model_epoch=43_val_loss=0.6923.pt...
[2025-03-04 04:56:35](00:19:09) ★ New best validation metrics!
[2025-03-04 04:57:01](00:19:35) Epoch: 44 |Train Loss: 0.6773 |Train R²: 0.9020 |Train Speed: 17.79 iter/s |Val Loss: 0.6905 |Val R²: 0.9011 |Val Speed: 20.34 iter/s |FE LR: 1.00e-05 |SVGP LR: 1.00e-02 |Likelihood LR: 1.00e-02
[2025-03-04 04:57:01](00:19:35) Saving best model to checkpoints/best_model_epoch=44_val_loss=0.6905.pt...
[2025-03-04 04:57:01](00:19:35) ★ New best validation metrics!
[2025-03-04 04:57:26](00:20:00) Epoch: 45 |Train Loss: 0.6665 |Train R²: 0.9036 |Train Speed: 17.87 iter/s |Val Loss: 0.6970 |Val R²: 0.9016 |Val Speed: 27.15 iter/s |FE LR: 1.00e-05 |SVGP LR: 1.00e-02 |Likelihood LR: 1.00e-02
[2025-03-04 04:57:26](00:20:00) Early stopping counter: 1/5 (Best val_loss: 0.6905)
[2025-03-04 04:57:51](00:20:25) Epoch: 46 |Train Loss: 0.6629 |Train R²: 0.9043 |Train Speed: 17.83 iter/s |Val Loss: 0.6678 |Val R²: 0.9048 |Val Speed: 27.79 iter/s |FE LR: 1.00e-05 |SVGP LR: 1.00e-02 |Likelihood LR: 1.00e-02
[2025-03-04 04:57:51](00:20:25) Saving best model to checkpoints/best_model_epoch=46_val_loss=0.6678.pt...
[2025-03-04 04:57:51](00:20:25) ★ New best validation metrics!
[2025-03-04 04:58:17](00:20:51) Epoch: 47 |Train Loss: 0.6516 |Train R²: 0.9066 |Train Speed: 17.57 iter/s |Val Loss: 0.6749 |Val R²: 0.9034 |Val Speed: 26.94 iter/s |FE LR: 1.00e-05 |SVGP LR: 1.00e-02 |Likelihood LR: 1.00e-02
[2025-03-04 04:58:17](00:20:51) Early stopping counter: 1/5 (Best val_loss: 0.6678)
[2025-03-04 04:58:42](00:21:16) Epoch: 48 |Train Loss: 0.6468 |Train R²: 0.9072 |Train Speed: 17.77 iter/s |Val Loss: 0.6568 |Val R²: 0.9071 |Val Speed: 27.29 iter/s |FE LR: 1.00e-05 |SVGP LR: 1.00e-02 |Likelihood LR: 1.00e-02
[2025-03-04 04:58:42](00:21:16) Saving best model to checkpoints/best_model_epoch=48_val_loss=0.6568.pt...
[2025-03-04 04:58:42](00:21:16) ★ New best validation metrics!
[2025-03-04 04:59:07](00:21:41) Epoch: 49 |Train Loss: 0.6415 |Train R²: 0.9076 |Train Speed: 17.75 iter/s |Val Loss: 0.6779 |Val R²: 0.9070 |Val Speed: 27.21 iter/s |FE LR: 1.00e-05 |SVGP LR: 1.00e-02 |Likelihood LR: 1.00e-02
[2025-03-04 04:59:07](00:21:41) Early stopping counter: 1/5 (Best val_loss: 0.6568)
[2025-03-04 04:59:33](00:22:07) Epoch: 50 |Train Loss: 0.6349 |Train R²: 0.9095 |Train Speed: 17.15 iter/s |Val Loss: 0.6496 |Val R²: 0.9098 |Val Speed: 25.34 iter/s |FE LR: 1.00e-05 |SVGP LR: 1.00e-02 |Likelihood LR: 1.00e-02
[2025-03-04 04:59:33](00:22:07) Saving best model to checkpoints/best_model_epoch=50_val_loss=0.6496.pt...
[2025-03-04 04:59:33](00:22:07) ★ New best validation metrics!
[2025-03-04 04:59:59](00:22:33) Epoch: 51 |Train Loss: 0.6311 |Train R²: 0.9108 |Train Speed: 17.83 iter/s |Val Loss: 0.6574 |Val R²: 0.9068 |Val Speed: 23.10 iter/s |FE LR: 1.00e-05 |SVGP LR: 1.00e-02 |Likelihood LR: 1.00e-02
[2025-03-04 04:59:59](00:22:33) Early stopping counter: 1/5 (Best val_loss: 0.6496)
[2025-03-04 05:00:24](00:22:58) Epoch: 52 |Train Loss: 0.6254 |Train R²: 0.9111 |Train Speed: 17.77 iter/s |Val Loss: 0.6475 |Val R²: 0.9088 |Val Speed: 27.88 iter/s |FE LR: 1.00e-05 |SVGP LR: 1.00e-02 |Likelihood LR: 1.00e-02
[2025-03-04 05:00:24](00:22:58) Saving best model to checkpoints/best_model_epoch=52_val_loss=0.6475.pt...
[2025-03-04 05:00:24](00:22:58) ★ New best validation metrics!
[2025-03-04 05:00:49](00:23:23) Epoch: 53 |Train Loss: 0.6159 |Train R²: 0.9120 |Train Speed: 17.65 iter/s |Val Loss: 0.6422 |Val R²: 0.9103 |Val Speed: 27.54 iter/s |FE LR: 1.00e-05 |SVGP LR: 1.00e-02 |Likelihood LR: 1.00e-02
[2025-03-04 05:00:49](00:23:23) Saving best model to checkpoints/best_model_epoch=53_val_loss=0.6422.pt...
[2025-03-04 05:00:49](00:23:23) ★ New best validation metrics!
[2025-03-04 05:01:14](00:23:49) Epoch: 54 |Train Loss: 0.6154 |Train R²: 0.9125 |Train Speed: 17.86 iter/s |Val Loss: 0.6725 |Val R²: 0.9095 |Val Speed: 27.56 iter/s |FE LR: 1.00e-05 |SVGP LR: 1.00e-02 |Likelihood LR: 1.00e-02
[2025-03-04 05:01:14](00:23:49) Early stopping counter: 1/5 (Best val_loss: 0.6422)
[2025-03-04 05:01:41](00:24:15) Epoch: 55 |Train Loss: 0.6060 |Train R²: 0.9144 |Train Speed: 16.75 iter/s |Val Loss: 0.6307 |Val R²: 0.9113 |Val Speed: 23.21 iter/s |FE LR: 1.00e-05 |SVGP LR: 1.00e-02 |Likelihood LR: 1.00e-02
[2025-03-04 05:01:41](00:24:15) Saving best model to checkpoints/best_model_epoch=55_val_loss=0.6307.pt...
[2025-03-04 05:01:41](00:24:16) ★ New best validation metrics!
[2025-03-04 05:02:07](00:24:41) Epoch: 56 |Train Loss: 0.5974 |Train R²: 0.9150 |Train Speed: 17.63 iter/s |Val Loss: 0.6344 |Val R²: 0.9114 |Val Speed: 27.47 iter/s |FE LR: 1.00e-05 |SVGP LR: 1.00e-02 |Likelihood LR: 1.00e-02
[2025-03-04 05:02:07](00:24:41) Early stopping counter: 1/5 (Best val_loss: 0.6307)
[2025-03-04 05:02:32](00:25:06) Epoch: 57 |Train Loss: 0.5970 |Train R²: 0.9158 |Train Speed: 17.81 iter/s |Val Loss: 0.6332 |Val R²: 0.9131 |Val Speed: 27.52 iter/s |FE LR: 1.00e-05 |SVGP LR: 1.00e-02 |Likelihood LR: 1.00e-02
[2025-03-04 05:02:32](00:25:06) Early stopping counter: 2/5 (Best val_loss: 0.6307)
[2025-03-04 05:02:57](00:25:31) Epoch: 58 |Train Loss: 0.5940 |Train R²: 0.9163 |Train Speed: 17.80 iter/s |Val Loss: 0.6375 |Val R²: 0.9121 |Val Speed: 27.58 iter/s |FE LR: 1.00e-05 |SVGP LR: 1.00e-02 |Likelihood LR: 1.00e-02
[2025-03-04 05:02:57](00:25:31) Early stopping counter: 3/5 (Best val_loss: 0.6307)
[2025-03-04 05:03:22](00:25:57) Epoch: 59 |Train Loss: 0.5889 |Train R²: 0.9172 |Train Speed: 17.62 iter/s |Val Loss: 0.6757 |Val R²: 0.9119 |Val Speed: 27.19 iter/s |FE LR: 1.00e-05 |SVGP LR: 1.00e-02 |Likelihood LR: 1.00e-02
[2025-03-04 05:03:22](00:25:57) Early stopping counter: 4/5 (Best val_loss: 0.6307)
[2025-03-04 05:03:47](00:26:22) Epoch: 60 |Train Loss: 0.5879 |Train R²: 0.9175 |Train Speed: 17.90 iter/s |Val Loss: 0.6042 |Val R²: 0.9154 |Val Speed: 27.01 iter/s |FE LR: 1.00e-05 |SVGP LR: 1.00e-02 |Likelihood LR: 1.00e-02
[2025-03-04 05:03:47](00:26:22) Saving best model to checkpoints/best_model_epoch=60_val_loss=0.6042.pt...
[2025-03-04 05:03:48](00:26:22) ★ New best validation metrics!
[2025-03-04 05:04:13](00:26:47) Epoch: 61 |Train Loss: 0.5817 |Train R²: 0.9185 |Train Speed: 17.67 iter/s |Val Loss: 0.6178 |Val R²: 0.9149 |Val Speed: 27.29 iter/s |FE LR: 1.00e-05 |SVGP LR: 1.00e-02 |Likelihood LR: 1.00e-02
[2025-03-04 05:04:13](00:26:47) Early stopping counter: 1/5 (Best val_loss: 0.6042)
[2025-03-04 05:04:39](00:27:13) Epoch: 62 |Train Loss: 0.5747 |Train R²: 0.9190 |Train Speed: 17.49 iter/s |Val Loss: 0.6124 |Val R²: 0.9167 |Val Speed: 22.87 iter/s |FE LR: 1.00e-05 |SVGP LR: 1.00e-02 |Likelihood LR: 1.00e-02
[2025-03-04 05:04:39](00:27:13) Early stopping counter: 2/5 (Best val_loss: 0.6042)
[2025-03-04 05:05:05](00:27:39) Epoch: 63 |Train Loss: 0.5785 |Train R²: 0.9198 |Train Speed: 17.07 iter/s |Val Loss: 0.6247 |Val R²: 0.9156 |Val Speed: 27.10 iter/s |FE LR: 1.00e-05 |SVGP LR: 1.00e-02 |Likelihood LR: 1.00e-02
[2025-03-04 05:05:05](00:27:39) Early stopping counter: 3/5 (Best val_loss: 0.6042)
[2025-03-04 05:05:32](00:28:06) Epoch: 64 |Train Loss: 0.5701 |Train R²: 0.9202 |Train Speed: 17.12 iter/s |Val Loss: 0.6108 |Val R²: 0.9174 |Val Speed: 22.67 iter/s |FE LR: 1.00e-05 |SVGP LR: 1.00e-02 |Likelihood LR: 1.00e-02
[2025-03-04 05:05:32](00:28:06) Early stopping counter: 4/5 (Best val_loss: 0.6042)
[2025-03-04 05:05:57](00:28:31) Epoch: 65 |Train Loss: 0.5651 |Train R²: 0.9206 |Train Speed: 17.67 iter/s |Val Loss: 0.6021 |Val R²: 0.9167 |Val Speed: 27.71 iter/s |FE LR: 1.00e-05 |SVGP LR: 1.00e-02 |Likelihood LR: 1.00e-02
[2025-03-04 05:05:57](00:28:31) Saving best model to checkpoints/best_model_epoch=65_val_loss=0.6021.pt...
[2025-03-04 05:05:57](00:28:31) ★ New best validation metrics!
[2025-03-04 05:06:22](00:28:56) Epoch: 66 |Train Loss: 0.5576 |Train R²: 0.9219 |Train Speed: 17.78 iter/s |Val Loss: 0.6362 |Val R²: 0.9146 |Val Speed: 27.52 iter/s |FE LR: 1.00e-05 |SVGP LR: 1.00e-02 |Likelihood LR: 1.00e-02
[2025-03-04 05:06:22](00:28:56) Early stopping counter: 1/5 (Best val_loss: 0.6021)
[2025-03-04 05:06:47](00:29:21) Epoch: 67 |Train Loss: 0.5559 |Train R²: 0.9224 |Train Speed: 17.75 iter/s |Val Loss: 0.5944 |Val R²: 0.9190 |Val Speed: 27.38 iter/s |FE LR: 1.00e-05 |SVGP LR: 1.00e-02 |Likelihood LR: 1.00e-02
[2025-03-04 05:06:47](00:29:21) Saving best model to checkpoints/best_model_epoch=67_val_loss=0.5944.pt...
[2025-03-04 05:06:47](00:29:21) ★ New best validation metrics!
[2025-03-04 05:07:13](00:29:47) Epoch: 68 |Train Loss: 0.5573 |Train R²: 0.9227 |Train Speed: 17.55 iter/s |Val Loss: 0.6363 |Val R²: 0.9155 |Val Speed: 27.43 iter/s |FE LR: 1.00e-05 |SVGP LR: 1.00e-02 |Likelihood LR: 1.00e-02
[2025-03-04 05:07:13](00:29:47) Early stopping counter: 1/5 (Best val_loss: 0.5944)
[2025-03-04 05:07:38](00:30:12) Epoch: 69 |Train Loss: 0.5482 |Train R²: 0.9232 |Train Speed: 17.92 iter/s |Val Loss: 0.5931 |Val R²: 0.9199 |Val Speed: 27.41 iter/s |FE LR: 1.00e-05 |SVGP LR: 1.00e-02 |Likelihood LR: 1.00e-02
[2025-03-04 05:07:38](00:30:12) Saving best model to checkpoints/best_model_epoch=69_val_loss=0.5931.pt...
[2025-03-04 05:07:38](00:30:12) ★ New best validation metrics!
[2025-03-04 05:08:03](00:30:37) Epoch: 70 |Train Loss: 0.5432 |Train R²: 0.9243 |Train Speed: 17.80 iter/s |Val Loss: 0.5951 |Val R²: 0.9191 |Val Speed: 27.30 iter/s |FE LR: 1.00e-05 |SVGP LR: 1.00e-02 |Likelihood LR: 1.00e-02
[2025-03-04 05:08:03](00:30:37) Early stopping counter: 1/5 (Best val_loss: 0.5931)
[2025-03-04 05:08:28](00:31:02) Epoch: 71 |Train Loss: 0.5424 |Train R²: 0.9242 |Train Speed: 17.64 iter/s |Val Loss: 0.5784 |Val R²: 0.9217 |Val Speed: 27.01 iter/s |FE LR: 1.00e-05 |SVGP LR: 1.00e-02 |Likelihood LR: 1.00e-02
[2025-03-04 05:08:28](00:31:02) Saving best model to checkpoints/best_model_epoch=71_val_loss=0.5784.pt...
[2025-03-04 05:08:28](00:31:02) ★ New best validation metrics!
[2025-03-04 05:08:54](00:31:28) Epoch: 72 |Train Loss: 0.5363 |Train R²: 0.9253 |Train Speed: 17.81 iter/s |Val Loss: 0.5617 |Val R²: 0.9222 |Val Speed: 26.98 iter/s |FE LR: 1.00e-05 |SVGP LR: 1.00e-02 |Likelihood LR: 1.00e-02
[2025-03-04 05:08:54](00:31:28) Saving best model to checkpoints/best_model_epoch=72_val_loss=0.5617.pt...
[2025-03-04 05:08:54](00:31:28) ★ New best validation metrics!
[2025-03-04 05:09:19](00:31:53) Epoch: 73 |Train Loss: 0.5407 |Train R²: 0.9248 |Train Speed: 17.64 iter/s |Val Loss: 0.6120 |Val R²: 0.9184 |Val Speed: 27.17 iter/s |FE LR: 1.00e-05 |SVGP LR: 1.00e-02 |Likelihood LR: 1.00e-02
[2025-03-04 05:09:19](00:31:53) Early stopping counter: 1/5 (Best val_loss: 0.5617)
[2025-03-04 05:09:45](00:32:19) Epoch: 74 |Train Loss: 0.5315 |Train R²: 0.9258 |Train Speed: 17.72 iter/s |Val Loss: 0.5893 |Val R²: 0.9221 |Val Speed: 23.09 iter/s |FE LR: 1.00e-05 |SVGP LR: 1.00e-02 |Likelihood LR: 1.00e-02
[2025-03-04 05:09:45](00:32:19) Early stopping counter: 2/5 (Best val_loss: 0.5617)
[2025-03-04 05:10:11](00:32:45) Epoch: 75 |Train Loss: 0.5295 |Train R²: 0.9261 |Train Speed: 17.08 iter/s |Val Loss: 0.6452 |Val R²: 0.9199 |Val Speed: 27.79 iter/s |FE LR: 1.00e-05 |SVGP LR: 1.00e-02 |Likelihood LR: 1.00e-02
[2025-03-04 05:10:11](00:32:45) Early stopping counter: 3/5 (Best val_loss: 0.5617)
[2025-03-04 05:10:37](00:33:11) Epoch: 76 |Train Loss: 0.5248 |Train R²: 0.9271 |Train Speed: 17.01 iter/s |Val Loss: 0.5977 |Val R²: 0.9232 |Val Speed: 27.06 iter/s |FE LR: 1.00e-05 |SVGP LR: 1.00e-02 |Likelihood LR: 1.00e-02
[2025-03-04 05:10:37](00:33:11) Early stopping counter: 4/5 (Best val_loss: 0.5617)
[2025-03-04 05:11:02](00:33:37) Epoch: 77 |Train Loss: 0.5217 |Train R²: 0.9274 |Train Speed: 17.49 iter/s |Val Loss: 0.5706 |Val R²: 0.9241 |Val Speed: 27.22 iter/s |FE LR: 1.00e-05 |SVGP LR: 1.00e-02 |Likelihood LR: 1.00e-02
[2025-03-04 05:11:02](00:33:37) Early stopping counter: 5/5 (Best val_loss: 0.5617)
[2025-03-04 05:11:02](00:33:37) 
Early stopping triggered! No improvement in validation loss for 5 epochs.
[2025-03-04 05:11:02](00:33:37) 
Training stopped early at epoch 78/200
[2025-03-04 05:11:02](00:33:37) 
Saving final model...
[2025-03-04 05:11:04](00:33:38) ✓ Model saved to model.pt!
[2025-03-04 05:11:04](00:33:38) 
✓ Training completed successfully!
[2025-03-04 05:11:04](00:33:38) Best validation metrics:
• Loss: 0.5617
• R²: 0.9222
[2025-03-04 05:11:04](00:33:38) 
Evaluating train set...
[2025-03-04 05:11:17](00:33:51) • R²: 0.9269
[2025-03-04 05:11:17](00:33:51) • RMSE: 0.5177
[2025-03-04 05:11:17](00:33:51) 
Evaluating val set...
[2025-03-04 05:11:19](00:33:53) • R²: 0.9222
[2025-03-04 05:11:19](00:33:53) • RMSE: 0.5391
[2025-03-04 05:11:19](00:33:53) 
Evaluating test set...
[2025-03-04 05:11:23](00:33:57) • R²: 0.9135
[2025-03-04 05:11:23](00:33:57) • RMSE: 0.5599
[2025-03-04 05:11:23](00:33:57) 
✓ Results saved to results.pt!
