[2025-02-20 08:06:39](00:00:00) Strat evidential training...
[2025-02-20 08:06:39](00:00:00) PyTorch Version: 2.4.0+cu121
[2025-02-20 08:06:39](00:00:00) Max epochs: 100, Seed: 56715
[2025-02-20 08:06:39](00:00:00) Hyperparameter tuning started...
[2025-02-20 10:44:00](02:37:21) Hyperparameter tuning finished.
[2025-02-20 10:44:00](02:37:21) Best config:  {'batch_size': 64, 'hidden_channels': 128, 'num_filters': 256, 'num_interactions': 2, 'cfconv_num_dense': 4, 'interaction_num_dense': 6, 'num_gaussians': 25, 'readout': 'mean', 'activation': 'relu', 'optimizer': 'adam', 'scheduler': 'reduce_on_plateau', 'learning_rate': 0.0004310571479008572}
[2025-02-20 10:44:00](02:37:21) Database path: /expanse/lustre/scratch/omamun/temp_project/final_exp_catunc/CatUncertainty/data/catalysis_hub
[2025-02-20 10:44:00](02:37:21) Setting up data module...
[2025-02-20 10:44:00](02:37:21) Data module setup complete!
[2025-02-20 10:44:00](02:37:21) SchNet model created!
[2025-02-20 10:44:00](02:37:21) Lightning module created!
[2025-02-20 10:44:00](02:37:21) Training started...
[2025-02-20 11:01:34](02:54:54) Training completed!
[2025-02-20 11:01:34](02:54:54) Evaluating train set...
[2025-02-20 11:01:39](02:55:00) R²: 0.9950 | RMSE: 0.1347
[2025-02-20 11:01:39](02:55:00) Evaluating val set...
[2025-02-20 11:01:40](02:55:01) R²: 0.9840 | RMSE: 0.2456
[2025-02-20 11:01:40](02:55:01) Evaluating test set...
[2025-02-20 11:01:44](02:55:05) R²: 0.9846 | RMSE: 0.2376
[2025-02-20 11:01:44](02:55:05) ✓ Predictions saved to results.pt!
