[2025-02-28 15:45:51](00:00:00) Strat ensemble training...
[2025-02-28 15:45:51](00:00:00) PyTorch Version: 2.4.0+cu121
[2025-02-28 15:45:51](00:00:00) Max epochs: 100, Seed: 61512
[2025-02-28 15:45:51](00:00:00) Hyperparameter tuning started...
[2025-02-28 20:17:57](04:32:06) Hyperparameter tuning finished.
[2025-02-28 20:17:57](04:32:06) Best config:  {'batch_size': 32, 'hidden_channels': 256, 'num_filters': 128, 'num_interactions': 4, 'cfconv_num_dense': 4, 'interaction_num_dense': 4, 'num_gaussians': 75, 'readout': 'add', 'dropout': 0.6, 'activation': 'gelu', 'optimizer': 'adamw', 'scheduler': 'step', 'learning_rate': 0.00046221029760392036}
[2025-02-28 20:17:57](04:32:06) Database path: /home/fs01/om235/CatUncertainty/data/catalysis_hub
[2025-02-28 20:17:57](04:32:06) Setting up data module...
[2025-02-28 20:17:57](04:32:06) Data module setup complete!
[2025-02-28 20:17:57](04:32:06) SchNet model created!
[2025-02-28 20:17:57](04:32:06) Lightning module created!
[2025-02-28 20:17:57](04:32:06) Training started...
[2025-02-28 20:37:03](04:51:12) Training completed!
[2025-02-28 20:37:03](04:51:12) Evaluating train set...
[2025-02-28 20:38:16](04:52:25) R²: 0.9786 | RMSE: 0.2807
[2025-02-28 20:38:16](04:52:25) Evaluating val set...
[2025-02-28 20:38:27](04:52:36) R²: 0.9695 | RMSE: 0.3319
[2025-02-28 20:38:27](04:52:36) Evaluating test set...
[2025-02-28 20:38:48](04:52:57) R²: 0.9692 | RMSE: 0.3342
[2025-02-28 20:38:48](04:52:57) ✓ Predictions saved to results.pt!
