[2025-03-05 11:57:46](00:00:00) Strat ensemble training...
[2025-03-05 11:57:46](00:00:00) PyTorch Version: 2.4.0+cu121
[2025-03-05 11:57:46](00:00:00) Max epochs: 200, Seed: 776647
[2025-03-05 11:57:49](00:00:03) Database path: /expanse/lustre/scratch/omamun/temp_project/final_exp_catunc/CatUncertainty/data/open_catalyst_20/eagle_split
[2025-03-05 11:57:49](00:00:03) Setting up data module...
[2025-03-05 11:57:49](00:00:03) Data module setup complete!
[2025-03-05 11:57:50](00:00:03) Feature extractor created!
[2025-03-05 11:58:17](00:00:30) Inducing points created!
[2025-03-05 11:58:17](00:00:30) Optimizer created!
[2025-03-05 11:58:17](00:00:30) Scheduler created!
[2025-03-05 11:58:17](00:00:30) Starting training...
[2025-03-05 12:00:08](00:02:22) Epoch: 0 |Train Loss: 1.6402 |Train R²: 0.3469 |Train Speed: 4.96 iter/s |Val Loss: 1.4441 |Val R²: 0.5145 |Val Speed: 6.65 iter/s |FE LR: 1.00e-05 |SVGP LR: 1.00e-02 |Likelihood LR: 1.00e-02
[2025-03-05 12:00:08](00:02:22) Saving best model to checkpoints/best_model_epoch=0_val_loss=1.4441.pt...
[2025-03-05 12:00:08](00:02:22) ★ New best validation metrics!
[2025-03-05 12:01:59](00:04:13) Epoch: 1 |Train Loss: 1.4907 |Train R²: 0.4902 |Train Speed: 4.96 iter/s |Val Loss: 1.4201 |Val R²: 0.5326 |Val Speed: 6.67 iter/s |FE LR: 1.00e-05 |SVGP LR: 1.00e-02 |Likelihood LR: 1.00e-02
[2025-03-05 12:01:59](00:04:13) Saving best model to checkpoints/best_model_epoch=1_val_loss=1.4201.pt...
[2025-03-05 12:01:59](00:04:13) ★ New best validation metrics!
[2025-03-05 12:03:50](00:06:04) Epoch: 2 |Train Loss: 1.4589 |Train R²: 0.5123 |Train Speed: 4.96 iter/s |Val Loss: 1.4033 |Val R²: 0.5387 |Val Speed: 6.73 iter/s |FE LR: 1.00e-05 |SVGP LR: 1.00e-02 |Likelihood LR: 1.00e-02
[2025-03-05 12:03:50](00:06:04) Saving best model to checkpoints/best_model_epoch=2_val_loss=1.4033.pt...
[2025-03-05 12:03:50](00:06:04) ★ New best validation metrics!
[2025-03-05 12:05:41](00:07:55) Epoch: 3 |Train Loss: 1.4342 |Train R²: 0.5307 |Train Speed: 4.97 iter/s |Val Loss: 1.4490 |Val R²: 0.5208 |Val Speed: 6.71 iter/s |FE LR: 1.00e-05 |SVGP LR: 1.00e-02 |Likelihood LR: 1.00e-02
[2025-03-05 12:05:41](00:07:55) Early stopping counter: 1/5 (Best val_loss: 1.4033)
[2025-03-05 12:07:33](00:09:46) Epoch: 4 |Train Loss: 1.4198 |Train R²: 0.5395 |Train Speed: 4.97 iter/s |Val Loss: 1.3469 |Val R²: 0.5779 |Val Speed: 6.69 iter/s |FE LR: 1.00e-05 |SVGP LR: 1.00e-02 |Likelihood LR: 1.00e-02
[2025-03-05 12:07:33](00:09:46) Saving best model to checkpoints/best_model_epoch=4_val_loss=1.3469.pt...
[2025-03-05 12:07:33](00:09:46) ★ New best validation metrics!
[2025-03-05 12:09:24](00:11:38) Epoch: 5 |Train Loss: 1.3987 |Train R²: 0.5497 |Train Speed: 4.95 iter/s |Val Loss: 1.3309 |Val R²: 0.5832 |Val Speed: 6.67 iter/s |FE LR: 1.00e-05 |SVGP LR: 1.00e-02 |Likelihood LR: 1.00e-02
[2025-03-05 12:09:24](00:11:38) Saving best model to checkpoints/best_model_epoch=5_val_loss=1.3309.pt...
[2025-03-05 12:09:24](00:11:38) ★ New best validation metrics!
[2025-03-05 12:11:15](00:13:29) Epoch: 6 |Train Loss: 1.3670 |Train R²: 0.5665 |Train Speed: 4.95 iter/s |Val Loss: 1.3379 |Val R²: 0.5743 |Val Speed: 6.74 iter/s |FE LR: 1.00e-05 |SVGP LR: 1.00e-02 |Likelihood LR: 1.00e-02
[2025-03-05 12:11:15](00:13:29) Early stopping counter: 1/5 (Best val_loss: 1.3309)
[2025-03-05 12:13:07](00:15:20) Epoch: 7 |Train Loss: 1.3469 |Train R²: 0.5760 |Train Speed: 4.97 iter/s |Val Loss: 1.2678 |Val R²: 0.6108 |Val Speed: 6.68 iter/s |FE LR: 1.00e-05 |SVGP LR: 1.00e-02 |Likelihood LR: 1.00e-02
[2025-03-05 12:13:07](00:15:20) Saving best model to checkpoints/best_model_epoch=7_val_loss=1.2678.pt...
[2025-03-05 12:13:07](00:15:20) ★ New best validation metrics!
[2025-03-05 12:14:58](00:17:12) Epoch: 8 |Train Loss: 1.3263 |Train R²: 0.5885 |Train Speed: 4.94 iter/s |Val Loss: 1.3037 |Val R²: 0.5959 |Val Speed: 6.72 iter/s |FE LR: 1.00e-05 |SVGP LR: 1.00e-02 |Likelihood LR: 1.00e-02
[2025-03-05 12:14:58](00:17:12) Early stopping counter: 1/5 (Best val_loss: 1.2678)
[2025-03-05 12:16:49](00:19:03) Epoch: 9 |Train Loss: 1.3034 |Train R²: 0.6009 |Train Speed: 4.96 iter/s |Val Loss: 1.2421 |Val R²: 0.6299 |Val Speed: 6.73 iter/s |FE LR: 1.00e-05 |SVGP LR: 1.00e-02 |Likelihood LR: 1.00e-02
[2025-03-05 12:16:49](00:19:03) Saving best model to checkpoints/best_model_epoch=9_val_loss=1.2421.pt...
[2025-03-05 12:16:49](00:19:03) ★ New best validation metrics!
[2025-03-05 12:18:41](00:20:54) Epoch: 10 |Train Loss: 1.2766 |Train R²: 0.6164 |Train Speed: 4.96 iter/s |Val Loss: 1.2424 |Val R²: 0.6250 |Val Speed: 6.71 iter/s |FE LR: 1.00e-05 |SVGP LR: 1.00e-02 |Likelihood LR: 1.00e-02
[2025-03-05 12:18:41](00:20:54) Early stopping counter: 1/5 (Best val_loss: 1.2421)
[2025-03-05 12:20:32](00:22:45) Epoch: 11 |Train Loss: 1.2611 |Train R²: 0.6243 |Train Speed: 4.97 iter/s |Val Loss: 1.2445 |Val R²: 0.6282 |Val Speed: 6.71 iter/s |FE LR: 1.00e-05 |SVGP LR: 1.00e-02 |Likelihood LR: 1.00e-02
[2025-03-05 12:20:32](00:22:45) Early stopping counter: 2/5 (Best val_loss: 1.2421)
[2025-03-05 12:22:23](00:24:37) Epoch: 12 |Train Loss: 1.2444 |Train R²: 0.6329 |Train Speed: 4.95 iter/s |Val Loss: 1.2263 |Val R²: 0.6483 |Val Speed: 6.72 iter/s |FE LR: 1.00e-05 |SVGP LR: 1.00e-02 |Likelihood LR: 1.00e-02
[2025-03-05 12:22:23](00:24:37) Saving best model to checkpoints/best_model_epoch=12_val_loss=1.2263.pt...
[2025-03-05 12:22:23](00:24:37) ★ New best validation metrics!
[2025-03-05 12:24:15](00:26:28) Epoch: 13 |Train Loss: 1.2299 |Train R²: 0.6413 |Train Speed: 4.94 iter/s |Val Loss: 1.2109 |Val R²: 0.6440 |Val Speed: 6.70 iter/s |FE LR: 1.00e-05 |SVGP LR: 1.00e-02 |Likelihood LR: 1.00e-02
[2025-03-05 12:24:15](00:26:28) Saving best model to checkpoints/best_model_epoch=13_val_loss=1.2109.pt...
[2025-03-05 12:24:15](00:26:28) ★ New best validation metrics!
[2025-03-05 12:26:07](00:28:21) Epoch: 14 |Train Loss: 1.2119 |Train R²: 0.6490 |Train Speed: 4.91 iter/s |Val Loss: 1.3246 |Val R²: 0.5884 |Val Speed: 6.69 iter/s |FE LR: 1.00e-05 |SVGP LR: 1.00e-02 |Likelihood LR: 1.00e-02
[2025-03-05 12:26:07](00:28:21) Early stopping counter: 1/5 (Best val_loss: 1.2109)
[2025-03-05 12:27:58](00:30:12) Epoch: 15 |Train Loss: 1.2115 |Train R²: 0.6487 |Train Speed: 4.95 iter/s |Val Loss: 1.1852 |Val R²: 0.6607 |Val Speed: 6.70 iter/s |FE LR: 1.00e-05 |SVGP LR: 1.00e-02 |Likelihood LR: 1.00e-02
[2025-03-05 12:27:58](00:30:12) Saving best model to checkpoints/best_model_epoch=15_val_loss=1.1852.pt...
[2025-03-05 12:27:58](00:30:12) ★ New best validation metrics!
[2025-03-05 12:29:50](00:32:04) Epoch: 16 |Train Loss: 1.1951 |Train R²: 0.6576 |Train Speed: 4.94 iter/s |Val Loss: 1.2122 |Val R²: 0.6425 |Val Speed: 6.72 iter/s |FE LR: 1.00e-05 |SVGP LR: 1.00e-02 |Likelihood LR: 1.00e-02
[2025-03-05 12:29:50](00:32:04) Early stopping counter: 1/5 (Best val_loss: 1.1852)
[2025-03-05 12:31:41](00:33:55) Epoch: 17 |Train Loss: 1.1775 |Train R²: 0.6658 |Train Speed: 4.95 iter/s |Val Loss: 1.1780 |Val R²: 0.6690 |Val Speed: 6.70 iter/s |FE LR: 1.00e-05 |SVGP LR: 1.00e-02 |Likelihood LR: 1.00e-02
[2025-03-05 12:31:41](00:33:55) Saving best model to checkpoints/best_model_epoch=17_val_loss=1.1780.pt...
[2025-03-05 12:31:41](00:33:55) ★ New best validation metrics!
[2025-03-05 12:33:33](00:35:47) Epoch: 18 |Train Loss: 1.1709 |Train R²: 0.6686 |Train Speed: 4.93 iter/s |Val Loss: 1.1618 |Val R²: 0.6700 |Val Speed: 6.71 iter/s |FE LR: 1.00e-05 |SVGP LR: 1.00e-02 |Likelihood LR: 1.00e-02
[2025-03-05 12:33:33](00:35:47) Saving best model to checkpoints/best_model_epoch=18_val_loss=1.1618.pt...
[2025-03-05 12:33:33](00:35:47) ★ New best validation metrics!
[2025-03-05 12:35:24](00:37:38) Epoch: 19 |Train Loss: 1.1590 |Train R²: 0.6743 |Train Speed: 4.95 iter/s |Val Loss: 1.1449 |Val R²: 0.6797 |Val Speed: 6.70 iter/s |FE LR: 1.00e-05 |SVGP LR: 1.00e-02 |Likelihood LR: 1.00e-02
[2025-03-05 12:35:24](00:37:38) Saving best model to checkpoints/best_model_epoch=19_val_loss=1.1449.pt...
[2025-03-05 12:35:25](00:37:38) ★ New best validation metrics!
[2025-03-05 12:37:16](00:39:30) Epoch: 20 |Train Loss: 1.1443 |Train R²: 0.6798 |Train Speed: 4.95 iter/s |Val Loss: 1.2335 |Val R²: 0.6490 |Val Speed: 6.70 iter/s |FE LR: 1.00e-05 |SVGP LR: 1.00e-02 |Likelihood LR: 1.00e-02
[2025-03-05 12:37:16](00:39:30) Early stopping counter: 1/5 (Best val_loss: 1.1449)
[2025-03-05 12:39:07](00:41:21) Epoch: 21 |Train Loss: 1.1417 |Train R²: 0.6813 |Train Speed: 4.95 iter/s |Val Loss: 1.1588 |Val R²: 0.6665 |Val Speed: 6.66 iter/s |FE LR: 1.00e-05 |SVGP LR: 1.00e-02 |Likelihood LR: 1.00e-02
[2025-03-05 12:39:07](00:41:21) Early stopping counter: 2/5 (Best val_loss: 1.1449)
[2025-03-05 12:40:59](00:43:13) Epoch: 22 |Train Loss: 1.1185 |Train R²: 0.6891 |Train Speed: 4.94 iter/s |Val Loss: 1.1307 |Val R²: 0.6855 |Val Speed: 6.70 iter/s |FE LR: 1.00e-05 |SVGP LR: 1.00e-02 |Likelihood LR: 1.00e-02
[2025-03-05 12:40:59](00:43:13) Saving best model to checkpoints/best_model_epoch=22_val_loss=1.1307.pt...
[2025-03-05 12:40:59](00:43:13) ★ New best validation metrics!
[2025-03-05 12:42:50](00:45:04) Epoch: 23 |Train Loss: 1.1222 |Train R²: 0.6883 |Train Speed: 4.94 iter/s |Val Loss: 1.1240 |Val R²: 0.6871 |Val Speed: 6.70 iter/s |FE LR: 1.00e-05 |SVGP LR: 1.00e-02 |Likelihood LR: 1.00e-02
[2025-03-05 12:42:50](00:45:04) Saving best model to checkpoints/best_model_epoch=23_val_loss=1.1240.pt...
[2025-03-05 12:42:50](00:45:04) ★ New best validation metrics!
[2025-03-05 12:44:42](00:46:56) Epoch: 24 |Train Loss: 1.1091 |Train R²: 0.6933 |Train Speed: 4.94 iter/s |Val Loss: 1.1266 |Val R²: 0.6923 |Val Speed: 6.67 iter/s |FE LR: 1.00e-05 |SVGP LR: 1.00e-02 |Likelihood LR: 1.00e-02
[2025-03-05 12:44:42](00:46:56) Early stopping counter: 1/5 (Best val_loss: 1.1240)
[2025-03-05 12:46:33](00:48:47) Epoch: 25 |Train Loss: 1.1096 |Train R²: 0.6940 |Train Speed: 4.95 iter/s |Val Loss: 1.1113 |Val R²: 0.6942 |Val Speed: 6.72 iter/s |FE LR: 1.00e-05 |SVGP LR: 1.00e-02 |Likelihood LR: 1.00e-02
[2025-03-05 12:46:33](00:48:47) Saving best model to checkpoints/best_model_epoch=25_val_loss=1.1113.pt...
[2025-03-05 12:46:34](00:48:47) ★ New best validation metrics!
[2025-03-05 12:48:25](00:50:39) Epoch: 26 |Train Loss: 1.0931 |Train R²: 0.7012 |Train Speed: 4.95 iter/s |Val Loss: 1.1285 |Val R²: 0.6935 |Val Speed: 6.71 iter/s |FE LR: 1.00e-05 |SVGP LR: 1.00e-02 |Likelihood LR: 1.00e-02
[2025-03-05 12:48:25](00:50:39) Early stopping counter: 1/5 (Best val_loss: 1.1113)
[2025-03-05 12:50:16](00:52:30) Epoch: 27 |Train Loss: 1.0851 |Train R²: 0.7050 |Train Speed: 4.95 iter/s |Val Loss: 1.0937 |Val R²: 0.7031 |Val Speed: 6.64 iter/s |FE LR: 1.00e-05 |SVGP LR: 1.00e-02 |Likelihood LR: 1.00e-02
[2025-03-05 12:50:16](00:52:30) Saving best model to checkpoints/best_model_epoch=27_val_loss=1.0937.pt...
[2025-03-05 12:50:16](00:52:30) ★ New best validation metrics!
[2025-03-05 12:52:20](00:54:34) Epoch: 28 |Train Loss: 1.0767 |Train R²: 0.7081 |Train Speed: 4.39 iter/s |Val Loss: 1.1186 |Val R²: 0.7002 |Val Speed: 6.68 iter/s |FE LR: 1.00e-05 |SVGP LR: 1.00e-02 |Likelihood LR: 1.00e-02
[2025-03-05 12:52:20](00:54:34) Early stopping counter: 1/5 (Best val_loss: 1.0937)
[2025-03-05 12:54:12](00:56:26) Epoch: 29 |Train Loss: 1.0639 |Train R²: 0.7138 |Train Speed: 4.93 iter/s |Val Loss: 1.0995 |Val R²: 0.7044 |Val Speed: 6.67 iter/s |FE LR: 1.00e-05 |SVGP LR: 1.00e-02 |Likelihood LR: 1.00e-02
[2025-03-05 12:54:12](00:56:26) Early stopping counter: 2/5 (Best val_loss: 1.0937)
[2025-03-05 12:56:04](00:58:18) Epoch: 30 |Train Loss: 1.0547 |Train R²: 0.7181 |Train Speed: 4.95 iter/s |Val Loss: 1.1404 |Val R²: 0.6782 |Val Speed: 6.68 iter/s |FE LR: 1.00e-05 |SVGP LR: 1.00e-02 |Likelihood LR: 1.00e-02
[2025-03-05 12:56:04](00:58:18) Early stopping counter: 3/5 (Best val_loss: 1.0937)
[2025-03-05 12:57:55](01:00:09) Epoch: 31 |Train Loss: 1.0585 |Train R²: 0.7184 |Train Speed: 4.96 iter/s |Val Loss: 1.0796 |Val R²: 0.7142 |Val Speed: 6.70 iter/s |FE LR: 1.00e-05 |SVGP LR: 1.00e-02 |Likelihood LR: 1.00e-02
[2025-03-05 12:57:55](01:00:09) Saving best model to checkpoints/best_model_epoch=31_val_loss=1.0796.pt...
[2025-03-05 12:57:55](01:00:09) ★ New best validation metrics!
[2025-03-05 12:59:47](01:02:01) Epoch: 32 |Train Loss: 1.0412 |Train R²: 0.7234 |Train Speed: 4.93 iter/s |Val Loss: 1.0839 |Val R²: 0.7159 |Val Speed: 6.70 iter/s |FE LR: 1.00e-05 |SVGP LR: 1.00e-02 |Likelihood LR: 1.00e-02
[2025-03-05 12:59:47](01:02:01) Early stopping counter: 1/5 (Best val_loss: 1.0796)
[2025-03-05 13:01:38](01:03:52) Epoch: 33 |Train Loss: 1.0428 |Train R²: 0.7247 |Train Speed: 4.94 iter/s |Val Loss: 1.1130 |Val R²: 0.7045 |Val Speed: 6.72 iter/s |FE LR: 1.00e-05 |SVGP LR: 1.00e-02 |Likelihood LR: 1.00e-02
[2025-03-05 13:01:38](01:03:52) Early stopping counter: 2/5 (Best val_loss: 1.0796)
[2025-03-05 13:03:30](01:05:44) Epoch: 34 |Train Loss: 1.0376 |Train R²: 0.7278 |Train Speed: 4.94 iter/s |Val Loss: 1.0742 |Val R²: 0.7214 |Val Speed: 6.69 iter/s |FE LR: 1.00e-05 |SVGP LR: 1.00e-02 |Likelihood LR: 1.00e-02
[2025-03-05 13:03:30](01:05:44) Saving best model to checkpoints/best_model_epoch=34_val_loss=1.0742.pt...
[2025-03-05 13:03:30](01:05:44) ★ New best validation metrics!
[2025-03-05 13:05:22](01:07:35) Epoch: 35 |Train Loss: 1.0327 |Train R²: 0.7292 |Train Speed: 4.94 iter/s |Val Loss: 1.0961 |Val R²: 0.7099 |Val Speed: 6.66 iter/s |FE LR: 1.00e-05 |SVGP LR: 1.00e-02 |Likelihood LR: 1.00e-02
[2025-03-05 13:05:22](01:07:35) Early stopping counter: 1/5 (Best val_loss: 1.0742)
[2025-03-05 13:07:13](01:09:27) Epoch: 36 |Train Loss: 1.0236 |Train R²: 0.7336 |Train Speed: 4.95 iter/s |Val Loss: 1.0746 |Val R²: 0.7197 |Val Speed: 6.70 iter/s |FE LR: 1.00e-05 |SVGP LR: 1.00e-02 |Likelihood LR: 1.00e-02
[2025-03-05 13:07:13](01:09:27) Early stopping counter: 2/5 (Best val_loss: 1.0742)
[2025-03-05 13:09:04](01:11:18) Epoch: 37 |Train Loss: 1.0180 |Train R²: 0.7367 |Train Speed: 4.94 iter/s |Val Loss: 1.0787 |Val R²: 0.7164 |Val Speed: 6.71 iter/s |FE LR: 1.00e-05 |SVGP LR: 1.00e-02 |Likelihood LR: 1.00e-02
[2025-03-05 13:09:04](01:11:18) Early stopping counter: 3/5 (Best val_loss: 1.0742)
[2025-03-05 13:10:56](01:13:10) Epoch: 38 |Train Loss: 1.0108 |Train R²: 0.7398 |Train Speed: 4.95 iter/s |Val Loss: 1.0795 |Val R²: 0.7141 |Val Speed: 6.71 iter/s |FE LR: 1.00e-05 |SVGP LR: 1.00e-02 |Likelihood LR: 1.00e-02
[2025-03-05 13:10:56](01:13:10) Early stopping counter: 4/5 (Best val_loss: 1.0742)
[2025-03-05 13:12:47](01:15:01) Epoch: 39 |Train Loss: 1.0136 |Train R²: 0.7392 |Train Speed: 4.94 iter/s |Val Loss: 1.0806 |Val R²: 0.7283 |Val Speed: 6.69 iter/s |FE LR: 1.00e-05 |SVGP LR: 1.00e-02 |Likelihood LR: 1.00e-02
[2025-03-05 13:12:47](01:15:01) Early stopping counter: 5/5 (Best val_loss: 1.0742)
[2025-03-05 13:12:47](01:15:01) 
Early stopping triggered! No improvement in validation loss for 5 epochs.
[2025-03-05 13:12:47](01:15:01) 
Training stopped early at epoch 40/200
[2025-03-05 13:12:47](01:15:01) 
Saving final model...
[2025-03-05 13:12:49](01:15:03) ✓ Model saved to model.pt!
[2025-03-05 13:12:49](01:15:03) 
✓ Training completed successfully!
[2025-03-05 13:12:49](01:15:03) Best validation metrics:
• Loss: 1.0742
• R²: 0.7214
[2025-03-05 13:12:49](01:15:03) 
Evaluating train set...
[2025-03-05 13:14:03](01:16:17) • R²: 0.7420
[2025-03-05 13:14:03](01:16:17) • RMSE: 0.7808
[2025-03-05 13:14:03](01:16:17) 
Evaluating val set...
[2025-03-05 13:14:14](01:16:28) • R²: 0.7214
[2025-03-05 13:14:14](01:16:28) • RMSE: 0.7905
[2025-03-05 13:14:14](01:16:28) 
Evaluating test set...
[2025-03-05 13:14:35](01:16:49) • R²: 0.7155
[2025-03-05 13:14:35](01:16:49) • RMSE: 0.8139
[2025-03-05 13:14:36](01:16:50) 
✓ Results saved to results.pt!
