[2025-03-06 02:24:18](00:00:00) Strat ensemble training...
[2025-03-06 02:24:18](00:00:00) PyTorch Version: 2.4.0+cu121
[2025-03-06 02:24:18](00:00:00) Max epochs: 400, Seed: 288390
[2025-03-06 02:24:18](00:00:00) Database path: /home/fs01/om235/CatUncertainty/data/open_catalyst_20/eagle_split
[2025-03-06 02:24:18](00:00:00) Setting up data module...
[2025-03-06 02:24:18](00:00:00) Data module setup complete!
[2025-03-06 02:24:19](00:00:01) Feature extractor created!
[2025-03-06 02:24:36](00:00:18) Inducing points created!
[2025-03-06 02:24:36](00:00:18) Optimizer created!
[2025-03-06 02:24:36](00:00:18) Scheduler created!
[2025-03-06 02:24:36](00:00:18) Starting training...
[2025-03-06 02:25:18](00:01:00) Epoch: 0 |Train Loss: 1.8867 |Train R²: -0.0777 |Train Speed: 12.97 iter/s |Val Loss: 1.8257 |Val R²: 0.0051 |Val Speed: 23.01 iter/s |FE LR: 1.00e-05 |SVGP LR: 1.00e-02 |Likelihood LR: 1.00e-02
[2025-03-06 02:25:18](00:01:00) Saving best model to checkpoints/best_model_epoch=0_val_loss=1.8257.pt...
[2025-03-06 02:25:18](00:01:00) ★ New best validation metrics!
[2025-03-06 02:25:59](00:01:41) Epoch: 1 |Train Loss: 1.8436 |Train R²: 0.0093 |Train Speed: 13.02 iter/s |Val Loss: 1.8222 |Val R²: 0.0103 |Val Speed: 24.02 iter/s |FE LR: 1.00e-05 |SVGP LR: 1.00e-02 |Likelihood LR: 1.00e-02
[2025-03-06 02:25:59](00:01:41) Saving best model to checkpoints/best_model_epoch=1_val_loss=1.8222.pt...
[2025-03-06 02:25:59](00:01:41) ★ New best validation metrics!
[2025-03-06 02:26:41](00:02:22) Epoch: 2 |Train Loss: 1.8386 |Train R²: 0.0187 |Train Speed: 13.04 iter/s |Val Loss: 1.8131 |Val R²: 0.0195 |Val Speed: 24.32 iter/s |FE LR: 1.00e-05 |SVGP LR: 1.00e-02 |Likelihood LR: 1.00e-02
[2025-03-06 02:26:41](00:02:22) Saving best model to checkpoints/best_model_epoch=2_val_loss=1.8131.pt...
[2025-03-06 02:26:41](00:02:22) ★ New best validation metrics!
[2025-03-06 02:27:22](00:03:04) Epoch: 3 |Train Loss: 1.8344 |Train R²: 0.0299 |Train Speed: 13.05 iter/s |Val Loss: 1.8088 |Val R²: 0.0376 |Val Speed: 23.38 iter/s |FE LR: 1.00e-05 |SVGP LR: 1.00e-02 |Likelihood LR: 1.00e-02
[2025-03-06 02:27:22](00:03:04) Saving best model to checkpoints/best_model_epoch=3_val_loss=1.8088.pt...
[2025-03-06 02:27:22](00:03:04) ★ New best validation metrics!
[2025-03-06 02:28:03](00:03:45) Epoch: 4 |Train Loss: 1.8290 |Train R²: 0.0412 |Train Speed: 13.13 iter/s |Val Loss: 1.8008 |Val R²: 0.0503 |Val Speed: 23.94 iter/s |FE LR: 1.00e-05 |SVGP LR: 1.00e-02 |Likelihood LR: 1.00e-02
[2025-03-06 02:28:03](00:03:45) Saving best model to checkpoints/best_model_epoch=4_val_loss=1.8008.pt...
[2025-03-06 02:28:03](00:03:45) ★ New best validation metrics!
[2025-03-06 02:28:43](00:04:25) Epoch: 5 |Train Loss: 1.8209 |Train R²: 0.0625 |Train Speed: 13.34 iter/s |Val Loss: 1.8012 |Val R²: 0.0763 |Val Speed: 24.07 iter/s |FE LR: 1.00e-05 |SVGP LR: 1.00e-02 |Likelihood LR: 1.00e-02
[2025-03-06 02:28:43](00:04:25) Early stopping counter: 1/5 (Best val_loss: 1.8008)
[2025-03-06 02:29:25](00:05:07) Epoch: 6 |Train Loss: 1.8110 |Train R²: 0.0869 |Train Speed: 12.86 iter/s |Val Loss: 1.7834 |Val R²: 0.0981 |Val Speed: 24.60 iter/s |FE LR: 1.00e-05 |SVGP LR: 1.00e-02 |Likelihood LR: 1.00e-02
[2025-03-06 02:29:25](00:05:07) Saving best model to checkpoints/best_model_epoch=6_val_loss=1.7834.pt...
[2025-03-06 02:29:25](00:05:07) ★ New best validation metrics!
[2025-03-06 02:30:05](00:05:47) Epoch: 7 |Train Loss: 1.8030 |Train R²: 0.1052 |Train Speed: 13.36 iter/s |Val Loss: 1.7724 |Val R²: 0.1173 |Val Speed: 24.01 iter/s |FE LR: 1.00e-05 |SVGP LR: 1.00e-02 |Likelihood LR: 1.00e-02
[2025-03-06 02:30:05](00:05:47) Saving best model to checkpoints/best_model_epoch=7_val_loss=1.7724.pt...
[2025-03-06 02:30:05](00:05:47) ★ New best validation metrics!
[2025-03-06 02:30:46](00:06:28) Epoch: 8 |Train Loss: 1.7899 |Train R²: 0.1303 |Train Speed: 13.31 iter/s |Val Loss: 1.7637 |Val R²: 0.1363 |Val Speed: 24.03 iter/s |FE LR: 1.00e-05 |SVGP LR: 1.00e-02 |Likelihood LR: 1.00e-02
[2025-03-06 02:30:46](00:06:28) Saving best model to checkpoints/best_model_epoch=8_val_loss=1.7637.pt...
[2025-03-06 02:30:46](00:06:28) ★ New best validation metrics!
[2025-03-06 02:31:27](00:07:09) Epoch: 9 |Train Loss: 1.7802 |Train R²: 0.1514 |Train Speed: 13.01 iter/s |Val Loss: 1.7591 |Val R²: 0.1462 |Val Speed: 24.36 iter/s |FE LR: 1.00e-05 |SVGP LR: 1.00e-02 |Likelihood LR: 1.00e-02
[2025-03-06 02:31:27](00:07:09) Saving best model to checkpoints/best_model_epoch=9_val_loss=1.7591.pt...
[2025-03-06 02:31:27](00:07:09) ★ New best validation metrics!
[2025-03-06 02:32:07](00:07:49) Epoch: 10 |Train Loss: 1.7708 |Train R²: 0.1689 |Train Speed: 13.60 iter/s |Val Loss: 1.7472 |Val R²: 0.1644 |Val Speed: 24.52 iter/s |FE LR: 1.00e-05 |SVGP LR: 1.00e-02 |Likelihood LR: 1.00e-02
[2025-03-06 02:32:07](00:07:49) Saving best model to checkpoints/best_model_epoch=10_val_loss=1.7472.pt...
[2025-03-06 02:32:07](00:07:49) ★ New best validation metrics!
[2025-03-06 02:32:47](00:08:29) Epoch: 11 |Train Loss: 1.7632 |Train R²: 0.1799 |Train Speed: 13.43 iter/s |Val Loss: 1.7641 |Val R²: 0.1373 |Val Speed: 24.34 iter/s |FE LR: 1.00e-05 |SVGP LR: 1.00e-02 |Likelihood LR: 1.00e-02
[2025-03-06 02:32:47](00:08:29) Early stopping counter: 1/5 (Best val_loss: 1.7472)
[2025-03-06 02:33:27](00:09:09) Epoch: 12 |Train Loss: 1.7547 |Train R²: 0.1950 |Train Speed: 13.35 iter/s |Val Loss: 1.7370 |Val R²: 0.1880 |Val Speed: 23.78 iter/s |FE LR: 1.00e-05 |SVGP LR: 1.00e-02 |Likelihood LR: 1.00e-02
[2025-03-06 02:33:27](00:09:09) Saving best model to checkpoints/best_model_epoch=12_val_loss=1.7370.pt...
[2025-03-06 02:33:27](00:09:09) ★ New best validation metrics!
[2025-03-06 02:34:07](00:09:49) Epoch: 13 |Train Loss: 1.7415 |Train R²: 0.2171 |Train Speed: 13.60 iter/s |Val Loss: 1.7196 |Val R²: 0.2115 |Val Speed: 24.19 iter/s |FE LR: 1.00e-05 |SVGP LR: 1.00e-02 |Likelihood LR: 1.00e-02
[2025-03-06 02:34:07](00:09:49) Saving best model to checkpoints/best_model_epoch=13_val_loss=1.7196.pt...
[2025-03-06 02:34:07](00:09:49) ★ New best validation metrics!
[2025-03-06 02:34:47](00:10:29) Epoch: 14 |Train Loss: 1.7236 |Train R²: 0.2429 |Train Speed: 13.52 iter/s |Val Loss: 1.7015 |Val R²: 0.2395 |Val Speed: 24.45 iter/s |FE LR: 1.00e-05 |SVGP LR: 1.00e-02 |Likelihood LR: 1.00e-02
[2025-03-06 02:34:47](00:10:29) Saving best model to checkpoints/best_model_epoch=14_val_loss=1.7015.pt...
[2025-03-06 02:34:47](00:10:29) ★ New best validation metrics!
[2025-03-06 02:35:27](00:11:09) Epoch: 15 |Train Loss: 1.7031 |Train R²: 0.2754 |Train Speed: 13.30 iter/s |Val Loss: 1.6821 |Val R²: 0.2677 |Val Speed: 23.91 iter/s |FE LR: 1.00e-05 |SVGP LR: 1.00e-02 |Likelihood LR: 1.00e-02
[2025-03-06 02:35:28](00:11:09) Saving best model to checkpoints/best_model_epoch=15_val_loss=1.6821.pt...
[2025-03-06 02:35:28](00:11:09) ★ New best validation metrics!
[2025-03-06 02:36:08](00:11:50) Epoch: 16 |Train Loss: 1.6785 |Train R²: 0.3060 |Train Speed: 13.33 iter/s |Val Loss: 1.6694 |Val R²: 0.2974 |Val Speed: 24.30 iter/s |FE LR: 1.00e-05 |SVGP LR: 1.00e-02 |Likelihood LR: 1.00e-02
[2025-03-06 02:36:08](00:11:50) Saving best model to checkpoints/best_model_epoch=16_val_loss=1.6694.pt...
[2025-03-06 02:36:08](00:11:50) ★ New best validation metrics!
[2025-03-06 02:36:48](00:12:30) Epoch: 17 |Train Loss: 1.6589 |Train R²: 0.3322 |Train Speed: 13.39 iter/s |Val Loss: 1.6382 |Val R²: 0.3248 |Val Speed: 24.30 iter/s |FE LR: 1.00e-05 |SVGP LR: 1.00e-02 |Likelihood LR: 1.00e-02
[2025-03-06 02:36:48](00:12:30) Saving best model to checkpoints/best_model_epoch=17_val_loss=1.6382.pt...
[2025-03-06 02:36:48](00:12:30) ★ New best validation metrics!
[2025-03-06 02:37:28](00:13:10) Epoch: 18 |Train Loss: 1.6357 |Train R²: 0.3641 |Train Speed: 13.52 iter/s |Val Loss: 1.6109 |Val R²: 0.3685 |Val Speed: 24.35 iter/s |FE LR: 1.00e-05 |SVGP LR: 1.00e-02 |Likelihood LR: 1.00e-02
[2025-03-06 02:37:28](00:13:10) Saving best model to checkpoints/best_model_epoch=18_val_loss=1.6109.pt...
[2025-03-06 02:37:28](00:13:10) ★ New best validation metrics!
[2025-03-06 02:38:08](00:13:49) Epoch: 19 |Train Loss: 1.6073 |Train R²: 0.3996 |Train Speed: 13.70 iter/s |Val Loss: 1.6157 |Val R²: 0.3753 |Val Speed: 24.12 iter/s |FE LR: 1.00e-05 |SVGP LR: 1.00e-02 |Likelihood LR: 1.00e-02
[2025-03-06 02:38:08](00:13:49) Early stopping counter: 1/5 (Best val_loss: 1.6109)
[2025-03-06 02:38:47](00:14:29) Epoch: 20 |Train Loss: 1.5811 |Train R²: 0.4328 |Train Speed: 13.60 iter/s |Val Loss: 1.5648 |Val R²: 0.4353 |Val Speed: 24.57 iter/s |FE LR: 1.00e-05 |SVGP LR: 1.00e-02 |Likelihood LR: 1.00e-02
[2025-03-06 02:38:47](00:14:29) Saving best model to checkpoints/best_model_epoch=20_val_loss=1.5648.pt...
[2025-03-06 02:38:47](00:14:29) ★ New best validation metrics!
[2025-03-06 02:39:27](00:15:08) Epoch: 21 |Train Loss: 1.5620 |Train R²: 0.4542 |Train Speed: 13.67 iter/s |Val Loss: 1.5688 |Val R²: 0.4233 |Val Speed: 24.35 iter/s |FE LR: 1.00e-05 |SVGP LR: 1.00e-02 |Likelihood LR: 1.00e-02
[2025-03-06 02:39:27](00:15:08) Early stopping counter: 1/5 (Best val_loss: 1.5648)
[2025-03-06 02:40:05](00:15:47) Epoch: 22 |Train Loss: 1.5466 |Train R²: 0.4680 |Train Speed: 13.90 iter/s |Val Loss: 1.5368 |Val R²: 0.4539 |Val Speed: 23.99 iter/s |FE LR: 1.00e-05 |SVGP LR: 1.00e-02 |Likelihood LR: 1.00e-02
[2025-03-06 02:40:05](00:15:47) Saving best model to checkpoints/best_model_epoch=22_val_loss=1.5368.pt...
[2025-03-06 02:40:06](00:15:47) ★ New best validation metrics!
[2025-03-06 02:40:45](00:16:27) Epoch: 23 |Train Loss: 1.5361 |Train R²: 0.4798 |Train Speed: 13.56 iter/s |Val Loss: 1.5203 |Val R²: 0.4730 |Val Speed: 24.80 iter/s |FE LR: 1.00e-05 |SVGP LR: 1.00e-02 |Likelihood LR: 1.00e-02
[2025-03-06 02:40:45](00:16:27) Saving best model to checkpoints/best_model_epoch=23_val_loss=1.5203.pt...
[2025-03-06 02:40:45](00:16:27) ★ New best validation metrics!
[2025-03-06 02:41:26](00:17:07) Epoch: 24 |Train Loss: 1.5238 |Train R²: 0.4882 |Train Speed: 13.31 iter/s |Val Loss: 1.5045 |Val R²: 0.4836 |Val Speed: 24.40 iter/s |FE LR: 1.00e-05 |SVGP LR: 1.00e-02 |Likelihood LR: 1.00e-02
[2025-03-06 02:41:26](00:17:07) Saving best model to checkpoints/best_model_epoch=24_val_loss=1.5045.pt...
[2025-03-06 02:41:26](00:17:07) ★ New best validation metrics!
[2025-03-06 02:42:05](00:17:47) Epoch: 25 |Train Loss: 1.5097 |Train R²: 0.4991 |Train Speed: 13.54 iter/s |Val Loss: 1.4993 |Val R²: 0.4857 |Val Speed: 24.20 iter/s |FE LR: 1.00e-05 |SVGP LR: 1.00e-02 |Likelihood LR: 1.00e-02
[2025-03-06 02:42:05](00:17:47) Saving best model to checkpoints/best_model_epoch=25_val_loss=1.4993.pt...
[2025-03-06 02:42:06](00:17:47) ★ New best validation metrics!
[2025-03-06 02:42:46](00:18:28) Epoch: 26 |Train Loss: 1.5013 |Train R²: 0.5062 |Train Speed: 13.36 iter/s |Val Loss: 1.4951 |Val R²: 0.4903 |Val Speed: 24.76 iter/s |FE LR: 1.00e-05 |SVGP LR: 1.00e-02 |Likelihood LR: 1.00e-02
[2025-03-06 02:42:46](00:18:28) Saving best model to checkpoints/best_model_epoch=26_val_loss=1.4951.pt...
[2025-03-06 02:42:46](00:18:28) ★ New best validation metrics!
[2025-03-06 02:43:25](00:19:06) Epoch: 27 |Train Loss: 1.4929 |Train R²: 0.5106 |Train Speed: 13.88 iter/s |Val Loss: 1.4972 |Val R²: 0.4798 |Val Speed: 24.70 iter/s |FE LR: 1.00e-05 |SVGP LR: 1.00e-02 |Likelihood LR: 1.00e-02
[2025-03-06 02:43:25](00:19:06) Early stopping counter: 1/5 (Best val_loss: 1.4951)
[2025-03-06 02:44:04](00:19:45) Epoch: 28 |Train Loss: 1.4822 |Train R²: 0.5190 |Train Speed: 13.81 iter/s |Val Loss: 1.4741 |Val R²: 0.5059 |Val Speed: 24.83 iter/s |FE LR: 1.00e-05 |SVGP LR: 1.00e-02 |Likelihood LR: 1.00e-02
[2025-03-06 02:44:04](00:19:45) Saving best model to checkpoints/best_model_epoch=28_val_loss=1.4741.pt...
[2025-03-06 02:44:04](00:19:46) ★ New best validation metrics!
[2025-03-06 02:44:44](00:20:26) Epoch: 29 |Train Loss: 1.4740 |Train R²: 0.5249 |Train Speed: 13.35 iter/s |Val Loss: 1.5099 |Val R²: 0.4766 |Val Speed: 24.82 iter/s |FE LR: 1.00e-05 |SVGP LR: 1.00e-02 |Likelihood LR: 1.00e-02
[2025-03-06 02:44:44](00:20:26) Early stopping counter: 1/5 (Best val_loss: 1.4741)
[2025-03-06 02:45:24](00:21:06) Epoch: 30 |Train Loss: 1.4703 |Train R²: 0.5264 |Train Speed: 13.49 iter/s |Val Loss: 1.4604 |Val R²: 0.5156 |Val Speed: 24.17 iter/s |FE LR: 1.00e-05 |SVGP LR: 1.00e-02 |Likelihood LR: 1.00e-02
[2025-03-06 02:45:24](00:21:06) Saving best model to checkpoints/best_model_epoch=30_val_loss=1.4604.pt...
[2025-03-06 02:45:24](00:21:06) ★ New best validation metrics!
[2025-03-06 02:46:04](00:21:46) Epoch: 31 |Train Loss: 1.4598 |Train R²: 0.5333 |Train Speed: 13.29 iter/s |Val Loss: 1.4796 |Val R²: 0.4957 |Val Speed: 24.58 iter/s |FE LR: 1.00e-05 |SVGP LR: 1.00e-02 |Likelihood LR: 1.00e-02
[2025-03-06 02:46:04](00:21:46) Early stopping counter: 1/5 (Best val_loss: 1.4604)
[2025-03-06 02:46:45](00:22:26) Epoch: 32 |Train Loss: 1.4527 |Train R²: 0.5373 |Train Speed: 13.40 iter/s |Val Loss: 1.4549 |Val R²: 0.5177 |Val Speed: 24.35 iter/s |FE LR: 1.00e-05 |SVGP LR: 1.00e-02 |Likelihood LR: 1.00e-02
[2025-03-06 02:46:45](00:22:26) Saving best model to checkpoints/best_model_epoch=32_val_loss=1.4549.pt...
[2025-03-06 02:46:45](00:22:26) ★ New best validation metrics!
[2025-03-06 02:47:25](00:23:07) Epoch: 33 |Train Loss: 1.4467 |Train R²: 0.5405 |Train Speed: 13.37 iter/s |Val Loss: 1.4554 |Val R²: 0.5240 |Val Speed: 24.35 iter/s |FE LR: 1.00e-05 |SVGP LR: 1.00e-02 |Likelihood LR: 1.00e-02
[2025-03-06 02:47:25](00:23:07) Early stopping counter: 1/5 (Best val_loss: 1.4549)
[2025-03-06 02:48:05](00:23:47) Epoch: 34 |Train Loss: 1.4400 |Train R²: 0.5448 |Train Speed: 13.26 iter/s |Val Loss: 1.4521 |Val R²: 0.5142 |Val Speed: 24.36 iter/s |FE LR: 1.00e-05 |SVGP LR: 1.00e-02 |Likelihood LR: 1.00e-02
[2025-03-06 02:48:05](00:23:47) Saving best model to checkpoints/best_model_epoch=34_val_loss=1.4521.pt...
[2025-03-06 02:48:05](00:23:47) ★ New best validation metrics!
[2025-03-06 02:48:46](00:24:28) Epoch: 35 |Train Loss: 1.4315 |Train R²: 0.5503 |Train Speed: 13.15 iter/s |Val Loss: 1.4538 |Val R²: 0.5180 |Val Speed: 24.49 iter/s |FE LR: 1.00e-05 |SVGP LR: 1.00e-02 |Likelihood LR: 1.00e-02
[2025-03-06 02:48:46](00:24:28) Early stopping counter: 1/5 (Best val_loss: 1.4521)
[2025-03-06 02:49:27](00:25:08) Epoch: 36 |Train Loss: 1.4282 |Train R²: 0.5512 |Train Speed: 13.33 iter/s |Val Loss: 1.4315 |Val R²: 0.5315 |Val Speed: 24.68 iter/s |FE LR: 1.00e-05 |SVGP LR: 1.00e-02 |Likelihood LR: 1.00e-02
[2025-03-06 02:49:27](00:25:08) Saving best model to checkpoints/best_model_epoch=36_val_loss=1.4315.pt...
[2025-03-06 02:49:27](00:25:08) ★ New best validation metrics!
[2025-03-06 02:50:07](00:25:49) Epoch: 37 |Train Loss: 1.4241 |Train R²: 0.5550 |Train Speed: 13.25 iter/s |Val Loss: 1.4363 |Val R²: 0.5330 |Val Speed: 24.44 iter/s |FE LR: 1.00e-05 |SVGP LR: 1.00e-02 |Likelihood LR: 1.00e-02
[2025-03-06 02:50:07](00:25:49) Early stopping counter: 1/5 (Best val_loss: 1.4315)
[2025-03-06 02:50:48](00:26:30) Epoch: 38 |Train Loss: 1.4138 |Train R²: 0.5616 |Train Speed: 13.06 iter/s |Val Loss: 1.4191 |Val R²: 0.5417 |Val Speed: 24.54 iter/s |FE LR: 1.00e-05 |SVGP LR: 1.00e-02 |Likelihood LR: 1.00e-02
[2025-03-06 02:50:48](00:26:30) Saving best model to checkpoints/best_model_epoch=38_val_loss=1.4191.pt...
[2025-03-06 02:50:48](00:26:30) ★ New best validation metrics!
[2025-03-06 02:51:29](00:27:11) Epoch: 39 |Train Loss: 1.4071 |Train R²: 0.5649 |Train Speed: 13.25 iter/s |Val Loss: 1.4134 |Val R²: 0.5491 |Val Speed: 24.35 iter/s |FE LR: 1.00e-05 |SVGP LR: 1.00e-02 |Likelihood LR: 1.00e-02
[2025-03-06 02:51:29](00:27:11) Saving best model to checkpoints/best_model_epoch=39_val_loss=1.4134.pt...
[2025-03-06 02:51:29](00:27:11) ★ New best validation metrics!
[2025-03-06 02:52:10](00:27:51) Epoch: 40 |Train Loss: 1.4038 |Train R²: 0.5673 |Train Speed: 13.26 iter/s |Val Loss: 1.4280 |Val R²: 0.5359 |Val Speed: 24.35 iter/s |FE LR: 1.00e-05 |SVGP LR: 1.00e-02 |Likelihood LR: 1.00e-02
[2025-03-06 02:52:10](00:27:51) Early stopping counter: 1/5 (Best val_loss: 1.4134)
[2025-03-06 02:52:50](00:28:32) Epoch: 41 |Train Loss: 1.3964 |Train R²: 0.5712 |Train Speed: 13.37 iter/s |Val Loss: 1.4242 |Val R²: 0.5478 |Val Speed: 24.63 iter/s |FE LR: 1.00e-05 |SVGP LR: 1.00e-02 |Likelihood LR: 1.00e-02
[2025-03-06 02:52:50](00:28:32) Early stopping counter: 2/5 (Best val_loss: 1.4134)
[2025-03-06 02:53:30](00:29:12) Epoch: 42 |Train Loss: 1.3899 |Train R²: 0.5752 |Train Speed: 13.27 iter/s |Val Loss: 1.4144 |Val R²: 0.5460 |Val Speed: 24.50 iter/s |FE LR: 1.00e-05 |SVGP LR: 1.00e-02 |Likelihood LR: 1.00e-02
[2025-03-06 02:53:30](00:29:12) Early stopping counter: 3/5 (Best val_loss: 1.4134)
[2025-03-06 02:54:11](00:29:53) Epoch: 43 |Train Loss: 1.3815 |Train R²: 0.5800 |Train Speed: 13.25 iter/s |Val Loss: 1.3912 |Val R²: 0.5579 |Val Speed: 24.31 iter/s |FE LR: 1.00e-05 |SVGP LR: 1.00e-02 |Likelihood LR: 1.00e-02
[2025-03-06 02:54:11](00:29:53) Saving best model to checkpoints/best_model_epoch=43_val_loss=1.3912.pt...
[2025-03-06 02:54:11](00:29:53) ★ New best validation metrics!
[2025-03-06 02:54:51](00:30:33) Epoch: 44 |Train Loss: 1.3790 |Train R²: 0.5822 |Train Speed: 13.36 iter/s |Val Loss: 1.4374 |Val R²: 0.5297 |Val Speed: 24.45 iter/s |FE LR: 1.00e-05 |SVGP LR: 1.00e-02 |Likelihood LR: 1.00e-02
[2025-03-06 02:54:51](00:30:33) Early stopping counter: 1/5 (Best val_loss: 1.3912)
[2025-03-06 02:55:32](00:31:13) Epoch: 45 |Train Loss: 1.3745 |Train R²: 0.5847 |Train Speed: 13.31 iter/s |Val Loss: 1.3874 |Val R²: 0.5646 |Val Speed: 24.19 iter/s |FE LR: 1.00e-05 |SVGP LR: 1.00e-02 |Likelihood LR: 1.00e-02
[2025-03-06 02:55:32](00:31:13) Saving best model to checkpoints/best_model_epoch=45_val_loss=1.3874.pt...
[2025-03-06 02:55:32](00:31:13) ★ New best validation metrics!
[2025-03-06 02:56:12](00:31:54) Epoch: 46 |Train Loss: 1.3700 |Train R²: 0.5864 |Train Speed: 13.21 iter/s |Val Loss: 1.3786 |Val R²: 0.5625 |Val Speed: 24.56 iter/s |FE LR: 1.00e-05 |SVGP LR: 1.00e-02 |Likelihood LR: 1.00e-02
[2025-03-06 02:56:12](00:31:54) Saving best model to checkpoints/best_model_epoch=46_val_loss=1.3786.pt...
[2025-03-06 02:56:12](00:31:54) ★ New best validation metrics!
[2025-03-06 02:56:53](00:32:35) Epoch: 47 |Train Loss: 1.3640 |Train R²: 0.5891 |Train Speed: 13.24 iter/s |Val Loss: 1.3786 |Val R²: 0.5651 |Val Speed: 24.29 iter/s |FE LR: 1.00e-05 |SVGP LR: 1.00e-02 |Likelihood LR: 1.00e-02
[2025-03-06 02:56:53](00:32:35) Early stopping counter: 1/5 (Best val_loss: 1.3786)
[2025-03-06 02:57:34](00:33:16) Epoch: 48 |Train Loss: 1.3591 |Train R²: 0.5910 |Train Speed: 13.12 iter/s |Val Loss: 1.3694 |Val R²: 0.5743 |Val Speed: 23.99 iter/s |FE LR: 1.00e-05 |SVGP LR: 1.00e-02 |Likelihood LR: 1.00e-02
[2025-03-06 02:57:34](00:33:16) Saving best model to checkpoints/best_model_epoch=48_val_loss=1.3694.pt...
[2025-03-06 02:57:34](00:33:16) ★ New best validation metrics!
[2025-03-06 02:58:14](00:33:56) Epoch: 49 |Train Loss: 1.3499 |Train R²: 0.5979 |Train Speed: 13.29 iter/s |Val Loss: 1.3806 |Val R²: 0.5662 |Val Speed: 24.53 iter/s |FE LR: 1.00e-05 |SVGP LR: 1.00e-02 |Likelihood LR: 1.00e-02
[2025-03-06 02:58:14](00:33:56) Early stopping counter: 1/5 (Best val_loss: 1.3694)
[2025-03-06 02:58:55](00:34:36) Epoch: 50 |Train Loss: 1.3437 |Train R²: 0.5999 |Train Speed: 13.40 iter/s |Val Loss: 1.3891 |Val R²: 0.5693 |Val Speed: 24.44 iter/s |FE LR: 1.00e-05 |SVGP LR: 1.00e-02 |Likelihood LR: 1.00e-02
[2025-03-06 02:58:55](00:34:36) Early stopping counter: 2/5 (Best val_loss: 1.3694)
[2025-03-06 02:59:35](00:35:17) Epoch: 51 |Train Loss: 1.3384 |Train R²: 0.6028 |Train Speed: 13.25 iter/s |Val Loss: 1.3717 |Val R²: 0.5775 |Val Speed: 24.04 iter/s |FE LR: 1.00e-05 |SVGP LR: 1.00e-02 |Likelihood LR: 1.00e-02
[2025-03-06 02:59:35](00:35:17) Early stopping counter: 3/5 (Best val_loss: 1.3694)
[2025-03-06 03:00:15](00:35:57) Epoch: 52 |Train Loss: 1.3354 |Train R²: 0.6038 |Train Speed: 13.47 iter/s |Val Loss: 1.3697 |Val R²: 0.5762 |Val Speed: 25.00 iter/s |FE LR: 1.00e-05 |SVGP LR: 1.00e-02 |Likelihood LR: 1.00e-02
[2025-03-06 03:00:15](00:35:57) Early stopping counter: 4/5 (Best val_loss: 1.3694)
[2025-03-06 03:00:56](00:36:37) Epoch: 53 |Train Loss: 1.3301 |Train R²: 0.6055 |Train Speed: 13.24 iter/s |Val Loss: 1.3678 |Val R²: 0.5748 |Val Speed: 24.75 iter/s |FE LR: 1.00e-05 |SVGP LR: 1.00e-02 |Likelihood LR: 1.00e-02
[2025-03-06 03:00:56](00:36:37) Saving best model to checkpoints/best_model_epoch=53_val_loss=1.3678.pt...
[2025-03-06 03:00:56](00:36:37) ★ New best validation metrics!
[2025-03-06 03:01:36](00:37:18) Epoch: 54 |Train Loss: 1.3228 |Train R²: 0.6094 |Train Speed: 13.25 iter/s |Val Loss: 1.3799 |Val R²: 0.5652 |Val Speed: 24.58 iter/s |FE LR: 1.00e-05 |SVGP LR: 1.00e-02 |Likelihood LR: 1.00e-02
[2025-03-06 03:01:36](00:37:18) Early stopping counter: 1/5 (Best val_loss: 1.3678)
[2025-03-06 03:02:17](00:37:58) Epoch: 55 |Train Loss: 1.3128 |Train R²: 0.6128 |Train Speed: 13.27 iter/s |Val Loss: 1.3541 |Val R²: 0.5768 |Val Speed: 24.23 iter/s |FE LR: 1.00e-05 |SVGP LR: 1.00e-02 |Likelihood LR: 1.00e-02
[2025-03-06 03:02:17](00:37:58) Saving best model to checkpoints/best_model_epoch=55_val_loss=1.3541.pt...
[2025-03-06 03:02:17](00:37:59) ★ New best validation metrics!
[2025-03-06 03:02:58](00:38:39) Epoch: 56 |Train Loss: 1.3112 |Train R²: 0.6125 |Train Speed: 13.16 iter/s |Val Loss: 1.3486 |Val R²: 0.5821 |Val Speed: 24.16 iter/s |FE LR: 1.00e-05 |SVGP LR: 1.00e-02 |Likelihood LR: 1.00e-02
[2025-03-06 03:02:58](00:38:39) Saving best model to checkpoints/best_model_epoch=56_val_loss=1.3486.pt...
[2025-03-06 03:02:58](00:38:39) ★ New best validation metrics!
[2025-03-06 03:03:39](00:39:20) Epoch: 57 |Train Loss: 1.3022 |Train R²: 0.6155 |Train Speed: 13.18 iter/s |Val Loss: 1.3347 |Val R²: 0.5874 |Val Speed: 23.36 iter/s |FE LR: 1.00e-05 |SVGP LR: 1.00e-02 |Likelihood LR: 1.00e-02
[2025-03-06 03:03:39](00:39:20) Saving best model to checkpoints/best_model_epoch=57_val_loss=1.3347.pt...
[2025-03-06 03:03:39](00:39:20) ★ New best validation metrics!
[2025-03-06 03:04:20](00:40:01) Epoch: 58 |Train Loss: 1.2960 |Train R²: 0.6197 |Train Speed: 13.10 iter/s |Val Loss: 1.3426 |Val R²: 0.5892 |Val Speed: 23.91 iter/s |FE LR: 1.00e-05 |SVGP LR: 1.00e-02 |Likelihood LR: 1.00e-02
[2025-03-06 03:04:20](00:40:01) Early stopping counter: 1/5 (Best val_loss: 1.3347)
[2025-03-06 03:05:01](00:40:42) Epoch: 59 |Train Loss: 1.2914 |Train R²: 0.6200 |Train Speed: 13.14 iter/s |Val Loss: 1.3400 |Val R²: 0.5840 |Val Speed: 24.48 iter/s |FE LR: 1.00e-05 |SVGP LR: 1.00e-02 |Likelihood LR: 1.00e-02
[2025-03-06 03:05:01](00:40:42) Early stopping counter: 2/5 (Best val_loss: 1.3347)
[2025-03-06 03:05:41](00:41:23) Epoch: 60 |Train Loss: 1.2781 |Train R²: 0.6243 |Train Speed: 13.17 iter/s |Val Loss: 1.3372 |Val R²: 0.5971 |Val Speed: 24.43 iter/s |FE LR: 1.00e-05 |SVGP LR: 1.00e-02 |Likelihood LR: 1.00e-02
[2025-03-06 03:05:41](00:41:23) Early stopping counter: 3/5 (Best val_loss: 1.3347)
[2025-03-06 03:06:22](00:42:03) Epoch: 61 |Train Loss: 1.2761 |Train R²: 0.6241 |Train Speed: 13.36 iter/s |Val Loss: 1.3318 |Val R²: 0.5930 |Val Speed: 24.69 iter/s |FE LR: 1.00e-05 |SVGP LR: 1.00e-02 |Likelihood LR: 1.00e-02
[2025-03-06 03:06:22](00:42:03) Saving best model to checkpoints/best_model_epoch=61_val_loss=1.3318.pt...
[2025-03-06 03:06:22](00:42:03) ★ New best validation metrics!
[2025-03-06 03:07:02](00:42:44) Epoch: 62 |Train Loss: 1.2700 |Train R²: 0.6256 |Train Speed: 13.20 iter/s |Val Loss: 1.3366 |Val R²: 0.5908 |Val Speed: 24.42 iter/s |FE LR: 1.00e-05 |SVGP LR: 1.00e-02 |Likelihood LR: 1.00e-02
[2025-03-06 03:07:02](00:42:44) Early stopping counter: 1/5 (Best val_loss: 1.3318)
[2025-03-06 03:07:43](00:43:25) Epoch: 63 |Train Loss: 1.2661 |Train R²: 0.6274 |Train Speed: 13.26 iter/s |Val Loss: 1.3137 |Val R²: 0.5979 |Val Speed: 24.32 iter/s |FE LR: 1.00e-05 |SVGP LR: 1.00e-02 |Likelihood LR: 1.00e-02
[2025-03-06 03:07:43](00:43:25) Saving best model to checkpoints/best_model_epoch=63_val_loss=1.3137.pt...
[2025-03-06 03:07:43](00:43:25) ★ New best validation metrics!
[2025-03-06 03:08:23](00:44:05) Epoch: 64 |Train Loss: 1.2575 |Train R²: 0.6314 |Train Speed: 13.47 iter/s |Val Loss: 1.3410 |Val R²: 0.5942 |Val Speed: 24.47 iter/s |FE LR: 1.00e-05 |SVGP LR: 1.00e-02 |Likelihood LR: 1.00e-02
[2025-03-06 03:08:23](00:44:05) Early stopping counter: 1/5 (Best val_loss: 1.3137)
[2025-03-06 03:09:03](00:44:45) Epoch: 65 |Train Loss: 1.2462 |Train R²: 0.6341 |Train Speed: 13.27 iter/s |Val Loss: 1.3286 |Val R²: 0.5937 |Val Speed: 24.53 iter/s |FE LR: 1.00e-05 |SVGP LR: 1.00e-02 |Likelihood LR: 1.00e-02
[2025-03-06 03:09:03](00:44:45) Early stopping counter: 2/5 (Best val_loss: 1.3137)
[2025-03-06 03:09:44](00:45:26) Epoch: 66 |Train Loss: 1.2450 |Train R²: 0.6349 |Train Speed: 13.14 iter/s |Val Loss: 1.3083 |Val R²: 0.5993 |Val Speed: 24.46 iter/s |FE LR: 1.00e-05 |SVGP LR: 1.00e-02 |Likelihood LR: 1.00e-02
[2025-03-06 03:09:44](00:45:26) Saving best model to checkpoints/best_model_epoch=66_val_loss=1.3083.pt...
[2025-03-06 03:09:44](00:45:26) ★ New best validation metrics!
[2025-03-06 03:10:25](00:46:07) Epoch: 67 |Train Loss: 1.2393 |Train R²: 0.6376 |Train Speed: 13.24 iter/s |Val Loss: 1.2973 |Val R²: 0.6049 |Val Speed: 24.67 iter/s |FE LR: 1.00e-05 |SVGP LR: 1.00e-02 |Likelihood LR: 1.00e-02
[2025-03-06 03:10:25](00:46:07) Saving best model to checkpoints/best_model_epoch=67_val_loss=1.2973.pt...
[2025-03-06 03:10:25](00:46:07) ★ New best validation metrics!
[2025-03-06 03:11:06](00:46:48) Epoch: 68 |Train Loss: 1.2337 |Train R²: 0.6381 |Train Speed: 13.15 iter/s |Val Loss: 1.3291 |Val R²: 0.5939 |Val Speed: 24.21 iter/s |FE LR: 1.00e-05 |SVGP LR: 1.00e-02 |Likelihood LR: 1.00e-02
[2025-03-06 03:11:06](00:46:48) Early stopping counter: 1/5 (Best val_loss: 1.2973)
[2025-03-06 03:11:46](00:47:28) Epoch: 69 |Train Loss: 1.2302 |Train R²: 0.6384 |Train Speed: 13.21 iter/s |Val Loss: 1.3512 |Val R²: 0.5919 |Val Speed: 23.86 iter/s |FE LR: 1.00e-05 |SVGP LR: 1.00e-02 |Likelihood LR: 1.00e-02
[2025-03-06 03:11:46](00:47:28) Early stopping counter: 2/5 (Best val_loss: 1.2973)
[2025-03-06 03:12:28](00:48:09) Epoch: 70 |Train Loss: 1.2242 |Train R²: 0.6412 |Train Speed: 13.08 iter/s |Val Loss: 1.3043 |Val R²: 0.6094 |Val Speed: 24.22 iter/s |FE LR: 1.00e-05 |SVGP LR: 1.00e-02 |Likelihood LR: 1.00e-02
[2025-03-06 03:12:28](00:48:09) Early stopping counter: 3/5 (Best val_loss: 1.2973)
[2025-03-06 03:13:08](00:48:50) Epoch: 71 |Train Loss: 1.2156 |Train R²: 0.6427 |Train Speed: 13.35 iter/s |Val Loss: 1.3510 |Val R²: 0.6030 |Val Speed: 24.41 iter/s |FE LR: 1.00e-05 |SVGP LR: 1.00e-02 |Likelihood LR: 1.00e-02
[2025-03-06 03:13:08](00:48:50) Early stopping counter: 4/5 (Best val_loss: 1.2973)
[2025-03-06 03:13:48](00:49:30) Epoch: 72 |Train Loss: 1.2113 |Train R²: 0.6436 |Train Speed: 13.32 iter/s |Val Loss: 1.3461 |Val R²: 0.5900 |Val Speed: 24.42 iter/s |FE LR: 1.00e-05 |SVGP LR: 1.00e-02 |Likelihood LR: 1.00e-02
[2025-03-06 03:13:48](00:49:30) Early stopping counter: 5/5 (Best val_loss: 1.2973)
[2025-03-06 03:13:48](00:49:30) 
Early stopping triggered! No improvement in validation loss for 5 epochs.
[2025-03-06 03:13:48](00:49:30) 
Training stopped early at epoch 73/400
[2025-03-06 03:13:48](00:49:30) 
Saving final model...
[2025-03-06 03:13:50](00:49:32) ✓ Model saved to model.pt!
[2025-03-06 03:13:50](00:49:32) 
✓ Training completed successfully!
[2025-03-06 03:13:50](00:49:32) Best validation metrics:
• Loss: 1.2973
• R²: 0.6049
[2025-03-06 03:13:50](00:49:32) 
Evaluating train set...
[2025-03-06 03:14:09](00:49:51) • R²: 0.6453
[2025-03-06 03:14:09](00:49:51) • RMSE: 0.9122
[2025-03-06 03:14:09](00:49:51) 
Evaluating val set...
[2025-03-06 03:14:12](00:49:54) • R²: 0.6049
[2025-03-06 03:14:12](00:49:54) • RMSE: 0.9454
[2025-03-06 03:14:12](00:49:54) 
Evaluating test set...
[2025-03-06 03:14:17](00:49:59) • R²: 0.5930
[2025-03-06 03:14:17](00:49:59) • RMSE: 0.9839
[2025-03-06 03:14:17](00:49:59) 
✓ Results saved to results.pt!
