[2025-02-28 11:28:01](00:00:00) Strat ensemble training...
[2025-02-28 11:28:01](00:00:00) PyTorch Version: 2.4.0+cu121
[2025-02-28 11:28:01](00:00:00) Max epochs: 100, Seed: 23656
[2025-02-28 11:28:01](00:00:00) Hyperparameter tuning started...
[2025-02-28 16:11:50](04:43:48) Hyperparameter tuning finished.
[2025-02-28 16:11:50](04:43:48) Best config:  {'batch_size': 32, 'hidden_channels': 256, 'num_filters': 64, 'num_interactions': 6, 'cfconv_num_dense': 4, 'interaction_num_dense': 2, 'num_gaussians': 75, 'readout': 'mean', 'dropout': 0.1, 'activation': 'relu', 'optimizer': 'adamw', 'scheduler': 'cosine', 'learning_rate': 0.0003277299359237026}
[2025-02-28 16:11:50](04:43:48) Database path: /home/fs01/om235/CatUncertainty/data/catalysis_hub
[2025-02-28 16:11:50](04:43:48) Setting up data module...
[2025-02-28 16:11:50](04:43:48) Data module setup complete!
[2025-02-28 16:11:50](04:43:49) SchNet model created!
[2025-02-28 16:11:50](04:43:49) Lightning module created!
[2025-02-28 16:11:50](04:43:49) Training started...
[2025-02-28 16:57:14](05:29:13) Training completed!
[2025-02-28 16:57:15](05:29:13) Evaluating train set...
[2025-02-28 16:58:40](05:30:39) R²: 0.9978 | RMSE: 0.0899
[2025-02-28 16:58:40](05:30:39) Evaluating val set...
[2025-02-28 16:58:53](05:30:51) R²: 0.9870 | RMSE: 0.2176
[2025-02-28 16:58:53](05:30:51) Evaluating test set...
[2025-02-28 16:59:18](05:31:16) R²: 0.9869 | RMSE: 0.2192
[2025-02-28 16:59:18](05:31:16) ✓ Predictions saved to results.pt!
