[2025-02-22 10:20:56](00:00:00) Strat evidential training...
[2025-02-22 10:20:56](00:00:00) PyTorch Version: 2.4.0+cu121
[2025-02-22 10:20:56](00:00:00) Max epochs: 100, Seed: 93492
[2025-02-22 10:20:56](00:00:00) Hyperparameter tuning started...
[2025-02-22 14:23:16](04:02:19) Hyperparameter tuning finished.
[2025-02-22 14:23:16](04:02:19) Best config:  {'batch_size': 64, 'hidden_channels': 64, 'num_filters': 64, 'num_interactions': 4, 'cfconv_num_dense': 6, 'interaction_num_dense': 2, 'num_gaussians': 75, 'readout': 'mean', 'activation': 'silu', 'optimizer': 'rmsprop', 'scheduler': 'reduce_on_plateau', 'learning_rate': 0.0001288409773595652}
[2025-02-22 14:23:16](04:02:19) Database path: /expanse/lustre/scratch/omamun/temp_project/final_exp_catunc/CatUncertainty/data/catalysis_hub
[2025-02-22 14:23:16](04:02:19) Setting up data module...
[2025-02-22 14:23:16](04:02:19) Data module setup complete!
[2025-02-22 14:23:16](04:02:19) SchNet model created!
[2025-02-22 14:23:16](04:02:19) Lightning module created!
[2025-02-22 14:23:16](04:02:19) Training started...
[2025-02-22 14:45:34](04:24:37) Training completed!
[2025-02-22 14:45:34](04:24:37) Evaluating train set...
[2025-02-22 14:45:39](04:24:43) R²: 0.9942 | RMSE: 0.1460
[2025-02-22 14:45:39](04:24:43) Evaluating val set...
[2025-02-22 14:45:40](04:24:44) R²: 0.9849 | RMSE: 0.2409
[2025-02-22 14:45:40](04:24:44) Evaluating test set...
[2025-02-22 14:45:44](04:24:47) R²: 0.9863 | RMSE: 0.2236
[2025-02-22 14:45:44](04:24:47) ✓ Predictions saved to results.pt!
