[2025-02-19 07:22:26](00:00:00) Strat evidential training...
[2025-02-19 07:22:26](00:00:00) PyTorch Version: 2.4.0+cu121
[2025-02-19 07:22:26](00:00:00) Max epochs: 200, Seed: 31170
[2025-02-19 07:22:26](00:00:00) Hyperparameter tuning started...
[2025-02-19 13:51:09](06:28:42) Hyperparameter tuning finished.
[2025-02-19 13:51:10](06:28:43) Best config:  {'batch_size': 64, 'num_layers': 5, 'hidden_channels': 128, 'num_radial': 25, 'readout': 'add', 'activation': 'relu', 'optimizer': 'rmsprop', 'scheduler': 'step', 'learning_rate': 0.00021088909903703106}
[2025-02-19 13:51:10](06:28:43) Database path: /expanse/lustre/scratch/omamun/temp_project/final_exp_catunc/CatUncertainty/data/catalysis_hub
[2025-02-19 13:51:10](06:28:43) Setting up data module...
[2025-02-19 13:51:10](06:28:43) Data module setup complete!
[2025-02-19 13:51:10](06:28:43) PaiNN model created!
[2025-02-19 13:51:10](06:28:43) Lightning module created!
[2025-02-19 13:51:10](06:28:43) Training started...
[2025-02-19 14:38:34](07:16:08) Training completed!
[2025-02-19 14:38:35](07:16:08) Evaluating train set...
[2025-02-19 14:38:58](07:16:31) R²: 0.9955 | RMSE: 0.1283
[2025-02-19 14:38:58](07:16:31) Evaluating val set...
[2025-02-19 14:39:02](07:16:35) R²: 0.9896 | RMSE: 0.1973
[2025-02-19 14:39:02](07:16:35) Evaluating test set...
[2025-02-19 14:39:20](07:16:54) R²: 0.9884 | RMSE: 0.2057
[2025-02-19 14:39:20](07:16:54) ✓ Predictions saved to results.pt!
