[2025-02-22 06:59:16](00:00:00) Strat evidential training...
[2025-02-22 06:59:16](00:00:00) PyTorch Version: 2.4.0+cu121
[2025-02-22 06:59:16](00:00:00) Max epochs: 100, Seed: 64954
[2025-02-22 06:59:16](00:00:00) Hyperparameter tuning started...
[2025-02-22 22:55:59](15:56:42) Hyperparameter tuning finished.
[2025-02-22 22:55:59](15:56:42) Best config:  {'batch_size': 32, 'hidden_channels': 128, 'num_filters': 256, 'num_interactions': 2, 'cfconv_num_dense': 4, 'interaction_num_dense': 6, 'num_gaussians': 25, 'readout': 'mean', 'activation': 'gelu', 'optimizer': 'adamw', 'scheduler': 'step', 'learning_rate': 0.00027671589189157033}
[2025-02-22 22:55:59](15:56:42) Database path: /expanse/lustre/scratch/omamun/temp_project/final_exp_catunc/CatUncertainty/data/open_catalyst_20/eagle_split
[2025-02-22 22:55:59](15:56:42) Setting up data module...
[2025-02-22 22:55:59](15:56:42) Data module setup complete!
[2025-02-22 22:55:59](15:56:42) SchNet model created!
[2025-02-22 22:55:59](15:56:42) Lightning module created!
[2025-02-22 22:55:59](15:56:42) Training started...
[2025-02-23 00:09:22](17:10:05) Training completed!
[2025-02-23 00:09:22](17:10:05) Evaluating train set...
[2025-02-23 00:09:49](17:10:33) R²: 0.8424 | RMSE: 0.6091
[2025-02-23 00:09:49](17:10:33) Evaluating val set...
[2025-02-23 00:09:54](17:10:37) R²: 0.7863 | RMSE: 0.7103
[2025-02-23 00:09:54](17:10:37) Evaluating test set...
[2025-02-23 00:10:07](17:10:50) R²: 0.7771 | RMSE: 0.7160
[2025-02-23 00:10:07](17:10:50) ✓ Predictions saved to results.pt!
