[2025-02-28 20:18:24](00:00:00) Strat ensemble training...
[2025-02-28 20:18:24](00:00:00) PyTorch Version: 2.4.0+cu121
[2025-02-28 20:18:24](00:00:00) Max epochs: 100, Seed: 41545
[2025-02-28 20:18:24](00:00:00) Hyperparameter tuning started...
[2025-03-01 01:02:05](04:43:41) Hyperparameter tuning finished.
[2025-03-01 01:02:05](04:43:41) Best config:  {'batch_size': 32, 'hidden_channels': 128, 'num_filters': 32, 'num_interactions': 6, 'cfconv_num_dense': 2, 'interaction_num_dense': 2, 'num_gaussians': 25, 'readout': 'mean', 'dropout': 0.3, 'activation': 'gelu', 'optimizer': 'adam', 'scheduler': 'cosine', 'learning_rate': 0.0008633945491684079}
[2025-03-01 01:02:05](04:43:41) Database path: /home/fs01/om235/CatUncertainty/data/open_catalyst_20/eagle_split
[2025-03-01 01:02:05](04:43:41) Setting up data module...
[2025-03-01 01:02:05](04:43:41) Data module setup complete!
[2025-03-01 01:02:05](04:43:41) SchNet model created!
[2025-03-01 01:02:05](04:43:41) Lightning module created!
[2025-03-01 01:02:05](04:43:41) Training started...
[2025-03-01 01:42:23](05:23:59) Training completed!
[2025-03-01 01:42:23](05:23:59) Evaluating train set...
[2025-03-01 01:43:58](05:25:34) R²: 0.8562 | RMSE: 0.5805
[2025-03-01 01:43:58](05:25:34) Evaluating val set...
[2025-03-01 01:44:12](05:25:48) R²: 0.7867 | RMSE: 0.7084
[2025-03-01 01:44:12](05:25:48) Evaluating test set...
[2025-03-01 01:44:39](05:26:15) R²: 0.7881 | RMSE: 0.7049
[2025-03-01 01:44:39](05:26:15) ✓ Predictions saved to results.pt!
