[2025-02-21 02:38:52](00:00:00) Strat evidential training...
[2025-02-21 02:38:52](00:00:00) PyTorch Version: 2.4.0+cu121
[2025-02-21 02:38:52](00:00:00) Max epochs: 100, Seed: 64954
[2025-02-21 02:38:52](00:00:00) Hyperparameter tuning started...
[2025-02-21 07:29:14](04:50:22) Hyperparameter tuning finished.
[2025-02-21 07:29:14](04:50:22) Best config:  {'batch_size': 32, 'hidden_channels': 256, 'num_filters': 256, 'num_interactions': 2, 'cfconv_num_dense': 4, 'interaction_num_dense': 4, 'num_gaussians': 25, 'readout': 'mean', 'activation': 'gelu', 'optimizer': 'adam', 'scheduler': 'cosine', 'learning_rate': 0.00040184093304869846}
[2025-02-21 07:29:14](04:50:22) Database path: /expanse/lustre/scratch/omamun/temp_project/final_exp_catunc/CatUncertainty/data/catalysis_hub
[2025-02-21 07:29:14](04:50:22) Setting up data module...
[2025-02-21 07:29:14](04:50:22) Data module setup complete!
[2025-02-21 07:29:14](04:50:22) SchNet model created!
[2025-02-21 07:29:14](04:50:22) Lightning module created!
[2025-02-21 07:29:14](04:50:22) Training started...
[2025-02-21 07:55:34](05:16:42) Training completed!
[2025-02-21 07:55:34](05:16:42) Evaluating train set...
[2025-02-21 07:55:41](05:16:49) R²: 0.9951 | RMSE: 0.1344
[2025-02-21 07:55:41](05:16:49) Evaluating val set...
[2025-02-21 07:55:42](05:16:50) R²: 0.9880 | RMSE: 0.2120
[2025-02-21 07:55:42](05:16:50) Evaluating test set...
[2025-02-21 07:55:51](05:16:59) R²: 0.9873 | RMSE: 0.2143
[2025-02-21 07:55:51](05:16:59) ✓ Predictions saved to results.pt!
