[2025-02-22 09:58:17](00:00:00) Strat evidential training...
[2025-02-22 09:58:17](00:00:00) PyTorch Version: 2.4.0+cu121
[2025-02-22 09:58:17](00:00:00) Max epochs: 100, Seed: 97714
[2025-02-22 09:58:17](00:00:00) Hyperparameter tuning started...
[2025-02-22 21:11:36](11:13:18) Hyperparameter tuning finished.
[2025-02-22 21:11:36](11:13:18) Best config:  {'batch_size': 32, 'hidden_channels': 128, 'num_filters': 64, 'num_interactions': 2, 'cfconv_num_dense': 6, 'interaction_num_dense': 2, 'num_gaussians': 50, 'readout': 'mean', 'activation': 'silu', 'optimizer': 'adam', 'scheduler': 'cosine', 'learning_rate': 0.0005678982103288485}
[2025-02-22 21:11:36](11:13:18) Database path: /expanse/lustre/scratch/omamun/temp_project/final_exp_catunc/CatUncertainty/data/open_catalyst_20/eagle_split
[2025-02-22 21:11:36](11:13:18) Setting up data module...
[2025-02-22 21:11:36](11:13:18) Data module setup complete!
[2025-02-22 21:11:36](11:13:18) SchNet model created!
[2025-02-22 21:11:36](11:13:18) Lightning module created!
[2025-02-22 21:11:36](11:13:18) Training started...
[2025-02-22 22:18:13](12:19:56) Training completed!
[2025-02-22 22:18:13](12:19:56) Evaluating train set...
[2025-02-22 22:18:36](12:20:18) R²: 0.8469 | RMSE: 0.5980
[2025-02-22 22:18:36](12:20:18) Evaluating val set...
[2025-02-22 22:18:40](12:20:22) R²: 0.7944 | RMSE: 0.6892
[2025-02-22 22:18:40](12:20:22) Evaluating test set...
[2025-02-22 22:18:50](12:20:33) R²: 0.7917 | RMSE: 0.7058
[2025-02-22 22:18:50](12:20:33) ✓ Predictions saved to results.pt!
