[2025-02-28 07:45:22](00:00:00) Strat ensemble training...
[2025-02-28 07:45:22](00:00:00) PyTorch Version: 2.4.0+cu121
[2025-02-28 07:45:22](00:00:00) Max epochs: 100, Seed: 1055
[2025-02-28 07:45:22](00:00:00) Hyperparameter tuning started...
[2025-02-28 10:47:38](03:02:15) Hyperparameter tuning finished.
[2025-02-28 10:47:38](03:02:15) Best config:  {'batch_size': 32, 'hidden_channels': 128, 'num_filters': 64, 'num_interactions': 4, 'cfconv_num_dense': 2, 'interaction_num_dense': 4, 'num_gaussians': 75, 'readout': 'add', 'dropout': 0.3, 'activation': 'relu', 'optimizer': 'rmsprop', 'scheduler': 'cosine', 'learning_rate': 2.6187509406572116e-05}
[2025-02-28 10:47:38](03:02:15) Database path: /home/fs01/om235/CatUncertainty/data/catalysis_hub
[2025-02-28 10:47:38](03:02:15) Setting up data module...
[2025-02-28 10:47:38](03:02:15) Data module setup complete!
[2025-02-28 10:47:38](03:02:15) SchNet model created!
[2025-02-28 10:47:38](03:02:15) Lightning module created!
[2025-02-28 10:47:38](03:02:16) Training started...
[2025-02-28 11:43:06](03:57:43) Training completed!
[2025-02-28 11:43:06](03:57:43) Evaluating train set...
[2025-02-28 11:44:08](03:58:46) R²: 0.9979 | RMSE: 0.0889
[2025-02-28 11:44:08](03:58:46) Evaluating val set...
[2025-02-28 11:44:18](03:58:55) R²: 0.9857 | RMSE: 0.2289
[2025-02-28 11:44:18](03:58:55) Evaluating test set...
[2025-02-28 11:44:36](03:59:13) R²: 0.9832 | RMSE: 0.2469
[2025-02-28 11:44:36](03:59:13) ✓ Predictions saved to results.pt!
