[2025-02-28 16:28:11](00:00:00) Strat ensemble training...
[2025-02-28 16:28:11](00:00:00) PyTorch Version: 2.4.0+cu121
[2025-02-28 16:28:11](00:00:00) Max epochs: 100, Seed: 67057
[2025-02-28 16:28:11](00:00:00) Hyperparameter tuning started...
[2025-02-28 20:12:40](03:44:28) Hyperparameter tuning finished.
[2025-02-28 20:12:40](03:44:28) Best config:  {'batch_size': 32, 'hidden_channels': 256, 'num_filters': 128, 'num_interactions': 2, 'cfconv_num_dense': 2, 'interaction_num_dense': 2, 'num_gaussians': 25, 'readout': 'add', 'dropout': 0.6, 'activation': 'relu', 'optimizer': 'rmsprop', 'scheduler': 'cosine', 'learning_rate': 4.6850276064767e-05}
[2025-02-28 20:12:40](03:44:28) Database path: /home/fs01/om235/CatUncertainty/data/catalysis_hub
[2025-02-28 20:12:40](03:44:28) Setting up data module...
[2025-02-28 20:12:40](03:44:28) Data module setup complete!
[2025-02-28 20:12:40](03:44:28) SchNet model created!
[2025-02-28 20:12:40](03:44:28) Lightning module created!
[2025-02-28 20:12:40](03:44:28) Training started...
[2025-02-28 20:48:44](04:20:32) Training completed!
[2025-02-28 20:48:44](04:20:33) Evaluating train set...
[2025-02-28 20:49:19](04:21:07) R²: 0.9980 | RMSE: 0.0852
[2025-02-28 20:49:19](04:21:07) Evaluating val set...
[2025-02-28 20:49:24](04:21:13) R²: 0.9890 | RMSE: 0.1991
[2025-02-28 20:49:24](04:21:13) Evaluating test set...
[2025-02-28 20:49:35](04:21:23) R²: 0.9870 | RMSE: 0.2142
[2025-02-28 20:49:35](04:21:23) ✓ Predictions saved to results.pt!
