[2025-03-07 15:42:47](00:00:00) Strat ensemble training...
[2025-03-07 15:42:47](00:00:00) PyTorch Version: 2.4.0+cu121
[2025-03-07 15:42:47](00:00:00) Max epochs: 400, Seed: 234054
[2025-03-07 15:42:48](00:00:00) Database path: /home/fs01/om235/CatUncertainty/data/catalysis_hub
[2025-03-07 15:42:48](00:00:00) Setting up data module...
[2025-03-07 15:42:48](00:00:00) Data module setup complete!
[2025-03-07 15:42:48](00:00:01) Feature extractor created!
[2025-03-07 15:43:17](00:00:29) Inducing points created!
[2025-03-07 15:43:17](00:00:29) Optimizer created!
[2025-03-07 15:43:17](00:00:29) Scheduler created!
[2025-03-07 15:43:17](00:00:29) Starting training...
[2025-03-07 15:44:03](00:01:16) Epoch: 0 |Train Loss: 2.0689 |Train R²: 0.0057 |Train Speed: 9.74 iter/s |Val Loss: 2.0040 |Val R²: 0.0353 |Val Speed: 12.95 iter/s |FE LR: 1.00e-05 |SVGP LR: 1.00e-02 |Likelihood LR: 1.00e-02
[2025-03-07 15:44:03](00:01:16) Saving best model to checkpoints/best_model_epoch=0_val_loss=2.0040.pt...
[2025-03-07 15:44:03](00:01:16) ★ New best validation metrics!
[2025-03-07 15:44:49](00:02:02) Epoch: 1 |Train Loss: 1.9771 |Train R²: 0.1195 |Train Speed: 10.01 iter/s |Val Loss: 1.9206 |Val R²: 0.2358 |Val Speed: 12.66 iter/s |FE LR: 1.00e-05 |SVGP LR: 1.00e-02 |Likelihood LR: 1.00e-02
[2025-03-07 15:44:49](00:02:02) Saving best model to checkpoints/best_model_epoch=1_val_loss=1.9206.pt...
[2025-03-07 15:44:49](00:02:02) ★ New best validation metrics!
[2025-03-07 15:45:37](00:02:49) Epoch: 2 |Train Loss: 1.8783 |Train R²: 0.2737 |Train Speed: 9.48 iter/s |Val Loss: 1.8572 |Val R²: 0.2960 |Val Speed: 12.81 iter/s |FE LR: 1.00e-05 |SVGP LR: 1.00e-02 |Likelihood LR: 1.00e-02
[2025-03-07 15:45:37](00:02:49) Saving best model to checkpoints/best_model_epoch=2_val_loss=1.8572.pt...
[2025-03-07 15:45:37](00:02:49) ★ New best validation metrics!
[2025-03-07 15:46:24](00:03:37) Epoch: 3 |Train Loss: 1.8099 |Train R²: 0.3407 |Train Speed: 9.60 iter/s |Val Loss: 1.7636 |Val R²: 0.3928 |Val Speed: 12.76 iter/s |FE LR: 1.00e-05 |SVGP LR: 1.00e-02 |Likelihood LR: 1.00e-02
[2025-03-07 15:46:24](00:03:37) Saving best model to checkpoints/best_model_epoch=3_val_loss=1.7636.pt...
[2025-03-07 15:46:24](00:03:37) ★ New best validation metrics!
[2025-03-07 15:47:11](00:04:24) Epoch: 4 |Train Loss: 1.6833 |Train R²: 0.4493 |Train Speed: 9.69 iter/s |Val Loss: 1.6360 |Val R²: 0.5068 |Val Speed: 12.71 iter/s |FE LR: 1.00e-05 |SVGP LR: 1.00e-02 |Likelihood LR: 1.00e-02
[2025-03-07 15:47:11](00:04:24) Saving best model to checkpoints/best_model_epoch=4_val_loss=1.6360.pt...
[2025-03-07 15:47:11](00:04:24) ★ New best validation metrics!
[2025-03-07 15:47:59](00:05:12) Epoch: 5 |Train Loss: 1.5584 |Train R²: 0.5717 |Train Speed: 9.41 iter/s |Val Loss: 1.4700 |Val R²: 0.6256 |Val Speed: 12.72 iter/s |FE LR: 1.00e-05 |SVGP LR: 1.00e-02 |Likelihood LR: 1.00e-02
[2025-03-07 15:47:59](00:05:12) Saving best model to checkpoints/best_model_epoch=5_val_loss=1.4700.pt...
[2025-03-07 15:47:59](00:05:12) ★ New best validation metrics!
[2025-03-07 15:48:47](00:05:59) Epoch: 6 |Train Loss: 1.4632 |Train R²: 0.6504 |Train Speed: 9.56 iter/s |Val Loss: 1.4010 |Val R²: 0.6685 |Val Speed: 12.96 iter/s |FE LR: 1.00e-05 |SVGP LR: 1.00e-02 |Likelihood LR: 1.00e-02
[2025-03-07 15:48:47](00:05:59) Saving best model to checkpoints/best_model_epoch=6_val_loss=1.4010.pt...
[2025-03-07 15:48:47](00:05:59) ★ New best validation metrics!
[2025-03-07 15:49:34](00:06:47) Epoch: 7 |Train Loss: 1.4092 |Train R²: 0.6830 |Train Speed: 9.68 iter/s |Val Loss: 1.4046 |Val R²: 0.6938 |Val Speed: 12.09 iter/s |FE LR: 1.00e-05 |SVGP LR: 1.00e-02 |Likelihood LR: 1.00e-02
[2025-03-07 15:49:34](00:06:47) Early stopping counter: 1/5 (Best val_loss: 1.4010)
[2025-03-07 15:50:22](00:07:34) Epoch: 8 |Train Loss: 1.3749 |Train R²: 0.7018 |Train Speed: 9.54 iter/s |Val Loss: 1.3354 |Val R²: 0.7115 |Val Speed: 12.52 iter/s |FE LR: 1.00e-05 |SVGP LR: 1.00e-02 |Likelihood LR: 1.00e-02
[2025-03-07 15:50:22](00:07:34) Saving best model to checkpoints/best_model_epoch=8_val_loss=1.3354.pt...
[2025-03-07 15:50:22](00:07:34) ★ New best validation metrics!
[2025-03-07 15:51:09](00:08:21) Epoch: 9 |Train Loss: 1.3457 |Train R²: 0.7152 |Train Speed: 9.64 iter/s |Val Loss: 1.3088 |Val R²: 0.7211 |Val Speed: 12.84 iter/s |FE LR: 1.00e-05 |SVGP LR: 1.00e-02 |Likelihood LR: 1.00e-02
[2025-03-07 15:51:09](00:08:21) Saving best model to checkpoints/best_model_epoch=9_val_loss=1.3088.pt...
[2025-03-07 15:51:09](00:08:22) ★ New best validation metrics!
[2025-03-07 15:51:56](00:09:08) Epoch: 10 |Train Loss: 1.3270 |Train R²: 0.7230 |Train Speed: 9.72 iter/s |Val Loss: 1.2950 |Val R²: 0.7267 |Val Speed: 12.64 iter/s |FE LR: 1.00e-05 |SVGP LR: 1.00e-02 |Likelihood LR: 1.00e-02
[2025-03-07 15:51:56](00:09:08) Saving best model to checkpoints/best_model_epoch=10_val_loss=1.2950.pt...
[2025-03-07 15:51:56](00:09:08) ★ New best validation metrics!
[2025-03-07 15:52:43](00:09:56) Epoch: 11 |Train Loss: 1.3088 |Train R²: 0.7287 |Train Speed: 9.59 iter/s |Val Loss: 1.3058 |Val R²: 0.7316 |Val Speed: 12.86 iter/s |FE LR: 1.00e-05 |SVGP LR: 1.00e-02 |Likelihood LR: 1.00e-02
[2025-03-07 15:52:43](00:09:56) Early stopping counter: 1/5 (Best val_loss: 1.2950)
[2025-03-07 15:53:30](00:10:43) Epoch: 12 |Train Loss: 1.2916 |Train R²: 0.7364 |Train Speed: 9.59 iter/s |Val Loss: 1.2709 |Val R²: 0.7375 |Val Speed: 13.05 iter/s |FE LR: 1.00e-05 |SVGP LR: 1.00e-02 |Likelihood LR: 1.00e-02
[2025-03-07 15:53:30](00:10:43) Saving best model to checkpoints/best_model_epoch=12_val_loss=1.2709.pt...
[2025-03-07 15:53:30](00:10:43) ★ New best validation metrics!
[2025-03-07 15:54:17](00:11:30) Epoch: 13 |Train Loss: 1.2703 |Train R²: 0.7429 |Train Speed: 9.68 iter/s |Val Loss: 1.2966 |Val R²: 0.7444 |Val Speed: 12.86 iter/s |FE LR: 1.00e-05 |SVGP LR: 1.00e-02 |Likelihood LR: 1.00e-02
[2025-03-07 15:54:17](00:11:30) Early stopping counter: 1/5 (Best val_loss: 1.2709)
[2025-03-07 15:55:04](00:12:17) Epoch: 14 |Train Loss: 1.2559 |Train R²: 0.7489 |Train Speed: 9.60 iter/s |Val Loss: 1.2967 |Val R²: 0.7327 |Val Speed: 12.86 iter/s |FE LR: 1.00e-05 |SVGP LR: 1.00e-02 |Likelihood LR: 1.00e-02
[2025-03-07 15:55:04](00:12:17) Early stopping counter: 2/5 (Best val_loss: 1.2709)
[2025-03-07 15:55:51](00:13:04) Epoch: 15 |Train Loss: 1.2344 |Train R²: 0.7544 |Train Speed: 9.65 iter/s |Val Loss: 1.2674 |Val R²: 0.7512 |Val Speed: 12.96 iter/s |FE LR: 1.00e-05 |SVGP LR: 1.00e-02 |Likelihood LR: 1.00e-02
[2025-03-07 15:55:51](00:13:04) Saving best model to checkpoints/best_model_epoch=15_val_loss=1.2674.pt...
[2025-03-07 15:55:51](00:13:04) ★ New best validation metrics!
[2025-03-07 15:56:39](00:13:51) Epoch: 16 |Train Loss: 1.2133 |Train R²: 0.7601 |Train Speed: 9.60 iter/s |Val Loss: 1.2428 |Val R²: 0.7558 |Val Speed: 12.23 iter/s |FE LR: 1.00e-05 |SVGP LR: 1.00e-02 |Likelihood LR: 1.00e-02
[2025-03-07 15:56:39](00:13:51) Saving best model to checkpoints/best_model_epoch=16_val_loss=1.2428.pt...
[2025-03-07 15:56:39](00:13:52) ★ New best validation metrics!
[2025-03-07 15:57:26](00:14:39) Epoch: 17 |Train Loss: 1.1938 |Train R²: 0.7661 |Train Speed: 9.65 iter/s |Val Loss: 1.2574 |Val R²: 0.7590 |Val Speed: 12.89 iter/s |FE LR: 1.00e-05 |SVGP LR: 1.00e-02 |Likelihood LR: 1.00e-02
[2025-03-07 15:57:26](00:14:39) Early stopping counter: 1/5 (Best val_loss: 1.2428)
[2025-03-07 15:58:13](00:15:26) Epoch: 18 |Train Loss: 1.1806 |Train R²: 0.7703 |Train Speed: 9.64 iter/s |Val Loss: 1.1639 |Val R²: 0.7750 |Val Speed: 12.72 iter/s |FE LR: 1.00e-05 |SVGP LR: 1.00e-02 |Likelihood LR: 1.00e-02
[2025-03-07 15:58:13](00:15:26) Saving best model to checkpoints/best_model_epoch=18_val_loss=1.1639.pt...
[2025-03-07 15:58:13](00:15:26) ★ New best validation metrics!
[2025-03-07 15:59:00](00:16:13) Epoch: 19 |Train Loss: 1.1544 |Train R²: 0.7764 |Train Speed: 9.60 iter/s |Val Loss: 1.2232 |Val R²: 0.7686 |Val Speed: 12.74 iter/s |FE LR: 1.00e-05 |SVGP LR: 1.00e-02 |Likelihood LR: 1.00e-02
[2025-03-07 15:59:00](00:16:13) Early stopping counter: 1/5 (Best val_loss: 1.1639)
[2025-03-07 15:59:47](00:17:00) Epoch: 20 |Train Loss: 1.1395 |Train R²: 0.7825 |Train Speed: 9.71 iter/s |Val Loss: 1.1245 |Val R²: 0.7813 |Val Speed: 12.88 iter/s |FE LR: 1.00e-05 |SVGP LR: 1.00e-02 |Likelihood LR: 1.00e-02
[2025-03-07 15:59:47](00:17:00) Saving best model to checkpoints/best_model_epoch=20_val_loss=1.1245.pt...
[2025-03-07 15:59:47](00:17:00) ★ New best validation metrics!
[2025-03-07 16:00:34](00:17:47) Epoch: 21 |Train Loss: 1.1157 |Train R²: 0.7864 |Train Speed: 9.68 iter/s |Val Loss: 1.1456 |Val R²: 0.7793 |Val Speed: 12.19 iter/s |FE LR: 1.00e-05 |SVGP LR: 1.00e-02 |Likelihood LR: 1.00e-02
[2025-03-07 16:00:34](00:17:47) Early stopping counter: 1/5 (Best val_loss: 1.1245)
[2025-03-07 16:01:22](00:18:35) Epoch: 22 |Train Loss: 1.0922 |Train R²: 0.7919 |Train Speed: 9.53 iter/s |Val Loss: 1.1269 |Val R²: 0.7879 |Val Speed: 12.51 iter/s |FE LR: 1.00e-05 |SVGP LR: 1.00e-02 |Likelihood LR: 1.00e-02
[2025-03-07 16:01:22](00:18:35) Early stopping counter: 2/5 (Best val_loss: 1.1245)
[2025-03-07 16:02:09](00:19:22) Epoch: 23 |Train Loss: 1.0827 |Train R²: 0.7951 |Train Speed: 9.64 iter/s |Val Loss: 1.0872 |Val R²: 0.7946 |Val Speed: 12.96 iter/s |FE LR: 1.00e-05 |SVGP LR: 1.00e-02 |Likelihood LR: 1.00e-02
[2025-03-07 16:02:09](00:19:22) Saving best model to checkpoints/best_model_epoch=23_val_loss=1.0872.pt...
[2025-03-07 16:02:09](00:19:22) ★ New best validation metrics!
[2025-03-07 16:02:56](00:20:09) Epoch: 24 |Train Loss: 1.0612 |Train R²: 0.7997 |Train Speed: 9.68 iter/s |Val Loss: 1.1115 |Val R²: 0.7952 |Val Speed: 12.81 iter/s |FE LR: 1.00e-05 |SVGP LR: 1.00e-02 |Likelihood LR: 1.00e-02
[2025-03-07 16:02:56](00:20:09) Early stopping counter: 1/5 (Best val_loss: 1.0872)
[2025-03-07 16:03:43](00:20:55) Epoch: 25 |Train Loss: 1.0477 |Train R²: 0.8034 |Train Speed: 9.75 iter/s |Val Loss: 1.0400 |Val R²: 0.8034 |Val Speed: 13.01 iter/s |FE LR: 1.00e-05 |SVGP LR: 1.00e-02 |Likelihood LR: 1.00e-02
[2025-03-07 16:03:43](00:20:55) Saving best model to checkpoints/best_model_epoch=25_val_loss=1.0400.pt...
[2025-03-07 16:03:43](00:20:55) ★ New best validation metrics!
[2025-03-07 16:04:30](00:21:42) Epoch: 26 |Train Loss: 1.0196 |Train R²: 0.8082 |Train Speed: 9.60 iter/s |Val Loss: 1.0387 |Val R²: 0.8054 |Val Speed: 12.88 iter/s |FE LR: 1.00e-05 |SVGP LR: 1.00e-02 |Likelihood LR: 1.00e-02
[2025-03-07 16:04:30](00:21:42) Saving best model to checkpoints/best_model_epoch=26_val_loss=1.0387.pt...
[2025-03-07 16:04:30](00:21:42) ★ New best validation metrics!
[2025-03-07 16:05:17](00:22:29) Epoch: 27 |Train Loss: 1.0039 |Train R²: 0.8122 |Train Speed: 9.69 iter/s |Val Loss: 1.0319 |Val R²: 0.8079 |Val Speed: 12.68 iter/s |FE LR: 1.00e-05 |SVGP LR: 1.00e-02 |Likelihood LR: 1.00e-02
[2025-03-07 16:05:17](00:22:29) Saving best model to checkpoints/best_model_epoch=27_val_loss=1.0319.pt...
[2025-03-07 16:05:17](00:22:29) ★ New best validation metrics!
[2025-03-07 16:06:04](00:23:16) Epoch: 28 |Train Loss: 0.9876 |Train R²: 0.8157 |Train Speed: 9.66 iter/s |Val Loss: 1.0648 |Val R²: 0.8044 |Val Speed: 12.78 iter/s |FE LR: 1.00e-05 |SVGP LR: 1.00e-02 |Likelihood LR: 1.00e-02
[2025-03-07 16:06:04](00:23:16) Early stopping counter: 1/5 (Best val_loss: 1.0319)
[2025-03-07 16:06:51](00:24:03) Epoch: 29 |Train Loss: 0.9716 |Train R²: 0.8181 |Train Speed: 9.65 iter/s |Val Loss: 1.0601 |Val R²: 0.8061 |Val Speed: 12.88 iter/s |FE LR: 1.00e-05 |SVGP LR: 1.00e-02 |Likelihood LR: 1.00e-02
[2025-03-07 16:06:51](00:24:03) Early stopping counter: 2/5 (Best val_loss: 1.0319)
[2025-03-07 16:07:37](00:24:50) Epoch: 30 |Train Loss: 0.9489 |Train R²: 0.8221 |Train Speed: 9.77 iter/s |Val Loss: 1.0385 |Val R²: 0.8150 |Val Speed: 12.40 iter/s |FE LR: 1.00e-05 |SVGP LR: 1.00e-02 |Likelihood LR: 1.00e-02
[2025-03-07 16:07:37](00:24:50) Early stopping counter: 3/5 (Best val_loss: 1.0319)
[2025-03-07 16:08:24](00:25:37) Epoch: 31 |Train Loss: 0.9302 |Train R²: 0.8251 |Train Speed: 9.72 iter/s |Val Loss: 0.9496 |Val R²: 0.8281 |Val Speed: 12.94 iter/s |FE LR: 1.00e-05 |SVGP LR: 1.00e-02 |Likelihood LR: 1.00e-02
[2025-03-07 16:08:24](00:25:37) Saving best model to checkpoints/best_model_epoch=31_val_loss=0.9496.pt...
[2025-03-07 16:08:24](00:25:37) ★ New best validation metrics!
[2025-03-07 16:09:12](00:26:24) Epoch: 32 |Train Loss: 0.9086 |Train R²: 0.8291 |Train Speed: 9.56 iter/s |Val Loss: 0.9781 |Val R²: 0.8241 |Val Speed: 12.82 iter/s |FE LR: 1.00e-05 |SVGP LR: 1.00e-02 |Likelihood LR: 1.00e-02
[2025-03-07 16:09:12](00:26:24) Early stopping counter: 1/5 (Best val_loss: 0.9496)
[2025-03-07 16:09:59](00:27:12) Epoch: 33 |Train Loss: 0.8874 |Train R²: 0.8324 |Train Speed: 9.58 iter/s |Val Loss: 0.9422 |Val R²: 0.8333 |Val Speed: 12.75 iter/s |FE LR: 1.00e-05 |SVGP LR: 1.00e-02 |Likelihood LR: 1.00e-02
[2025-03-07 16:09:59](00:27:12) Saving best model to checkpoints/best_model_epoch=33_val_loss=0.9422.pt...
[2025-03-07 16:09:59](00:27:12) ★ New best validation metrics!
[2025-03-07 16:10:46](00:27:59) Epoch: 34 |Train Loss: 0.8714 |Train R²: 0.8353 |Train Speed: 9.58 iter/s |Val Loss: 1.0152 |Val R²: 0.8301 |Val Speed: 12.83 iter/s |FE LR: 1.00e-05 |SVGP LR: 1.00e-02 |Likelihood LR: 1.00e-02
[2025-03-07 16:10:46](00:27:59) Early stopping counter: 1/5 (Best val_loss: 0.9422)
[2025-03-07 16:11:33](00:28:46) Epoch: 35 |Train Loss: 0.8577 |Train R²: 0.8386 |Train Speed: 9.63 iter/s |Val Loss: 0.9093 |Val R²: 0.8357 |Val Speed: 12.75 iter/s |FE LR: 1.00e-05 |SVGP LR: 1.00e-02 |Likelihood LR: 1.00e-02
[2025-03-07 16:11:33](00:28:46) Saving best model to checkpoints/best_model_epoch=35_val_loss=0.9093.pt...
[2025-03-07 16:11:34](00:28:46) ★ New best validation metrics!
[2025-03-07 16:12:21](00:29:33) Epoch: 36 |Train Loss: 0.8346 |Train R²: 0.8419 |Train Speed: 9.64 iter/s |Val Loss: 0.8953 |Val R²: 0.8434 |Val Speed: 12.80 iter/s |FE LR: 1.00e-05 |SVGP LR: 1.00e-02 |Likelihood LR: 1.00e-02
[2025-03-07 16:12:21](00:29:33) Saving best model to checkpoints/best_model_epoch=36_val_loss=0.8953.pt...
[2025-03-07 16:12:21](00:29:33) ★ New best validation metrics!
[2025-03-07 16:13:08](00:30:20) Epoch: 37 |Train Loss: 0.8178 |Train R²: 0.8453 |Train Speed: 9.64 iter/s |Val Loss: 0.8676 |Val R²: 0.8463 |Val Speed: 12.43 iter/s |FE LR: 1.00e-05 |SVGP LR: 1.00e-02 |Likelihood LR: 1.00e-02
[2025-03-07 16:13:08](00:30:20) Saving best model to checkpoints/best_model_epoch=37_val_loss=0.8676.pt...
[2025-03-07 16:13:08](00:30:21) ★ New best validation metrics!
[2025-03-07 16:13:55](00:31:08) Epoch: 38 |Train Loss: 0.7957 |Train R²: 0.8477 |Train Speed: 9.62 iter/s |Val Loss: 0.8149 |Val R²: 0.8511 |Val Speed: 12.99 iter/s |FE LR: 1.00e-05 |SVGP LR: 1.00e-02 |Likelihood LR: 1.00e-02
[2025-03-07 16:13:55](00:31:08) Saving best model to checkpoints/best_model_epoch=38_val_loss=0.8149.pt...
[2025-03-07 16:13:55](00:31:08) ★ New best validation metrics!
[2025-03-07 16:14:42](00:31:55) Epoch: 39 |Train Loss: 0.7870 |Train R²: 0.8499 |Train Speed: 9.62 iter/s |Val Loss: 0.8484 |Val R²: 0.8509 |Val Speed: 12.73 iter/s |FE LR: 1.00e-05 |SVGP LR: 1.00e-02 |Likelihood LR: 1.00e-02
[2025-03-07 16:14:42](00:31:55) Early stopping counter: 1/5 (Best val_loss: 0.8149)
[2025-03-07 16:15:30](00:32:43) Epoch: 40 |Train Loss: 0.7686 |Train R²: 0.8532 |Train Speed: 9.48 iter/s |Val Loss: 0.8711 |Val R²: 0.8488 |Val Speed: 12.83 iter/s |FE LR: 1.00e-05 |SVGP LR: 1.00e-02 |Likelihood LR: 1.00e-02
[2025-03-07 16:15:30](00:32:43) Early stopping counter: 2/5 (Best val_loss: 0.8149)
[2025-03-07 16:16:17](00:33:30) Epoch: 41 |Train Loss: 0.7472 |Train R²: 0.8570 |Train Speed: 9.60 iter/s |Val Loss: 0.7839 |Val R²: 0.8610 |Val Speed: 12.86 iter/s |FE LR: 1.00e-05 |SVGP LR: 1.00e-02 |Likelihood LR: 1.00e-02
[2025-03-07 16:16:17](00:33:30) Saving best model to checkpoints/best_model_epoch=41_val_loss=0.7839.pt...
[2025-03-07 16:16:17](00:33:30) ★ New best validation metrics!
[2025-03-07 16:17:04](00:34:17) Epoch: 42 |Train Loss: 0.7338 |Train R²: 0.8597 |Train Speed: 9.66 iter/s |Val Loss: 0.7887 |Val R²: 0.8588 |Val Speed: 12.87 iter/s |FE LR: 1.00e-05 |SVGP LR: 1.00e-02 |Likelihood LR: 1.00e-02
[2025-03-07 16:17:04](00:34:17) Early stopping counter: 1/5 (Best val_loss: 0.7839)
[2025-03-07 16:17:51](00:35:04) Epoch: 43 |Train Loss: 0.7181 |Train R²: 0.8619 |Train Speed: 9.67 iter/s |Val Loss: 0.7636 |Val R²: 0.8608 |Val Speed: 12.87 iter/s |FE LR: 1.00e-05 |SVGP LR: 1.00e-02 |Likelihood LR: 1.00e-02
[2025-03-07 16:17:51](00:35:04) Saving best model to checkpoints/best_model_epoch=43_val_loss=0.7636.pt...
[2025-03-07 16:17:51](00:35:04) ★ New best validation metrics!
[2025-03-07 16:18:38](00:35:51) Epoch: 44 |Train Loss: 0.6986 |Train R²: 0.8645 |Train Speed: 9.64 iter/s |Val Loss: 0.7688 |Val R²: 0.8652 |Val Speed: 12.87 iter/s |FE LR: 1.00e-05 |SVGP LR: 1.00e-02 |Likelihood LR: 1.00e-02
[2025-03-07 16:18:38](00:35:51) Early stopping counter: 1/5 (Best val_loss: 0.7636)
[2025-03-07 16:19:25](00:36:38) Epoch: 45 |Train Loss: 0.6936 |Train R²: 0.8659 |Train Speed: 9.62 iter/s |Val Loss: 0.7321 |Val R²: 0.8677 |Val Speed: 12.93 iter/s |FE LR: 1.00e-05 |SVGP LR: 1.00e-02 |Likelihood LR: 1.00e-02
[2025-03-07 16:19:25](00:36:38) Saving best model to checkpoints/best_model_epoch=45_val_loss=0.7321.pt...
[2025-03-07 16:19:26](00:36:38) ★ New best validation metrics!
[2025-03-07 16:20:12](00:37:25) Epoch: 46 |Train Loss: 0.6784 |Train R²: 0.8687 |Train Speed: 9.68 iter/s |Val Loss: 0.8608 |Val R²: 0.8605 |Val Speed: 12.93 iter/s |FE LR: 1.00e-05 |SVGP LR: 1.00e-02 |Likelihood LR: 1.00e-02
[2025-03-07 16:20:12](00:37:25) Early stopping counter: 1/5 (Best val_loss: 0.7321)
[2025-03-07 16:20:59](00:38:12) Epoch: 47 |Train Loss: 0.6659 |Train R²: 0.8710 |Train Speed: 9.75 iter/s |Val Loss: 0.8411 |Val R²: 0.8680 |Val Speed: 12.96 iter/s |FE LR: 1.00e-05 |SVGP LR: 1.00e-02 |Likelihood LR: 1.00e-02
[2025-03-07 16:20:59](00:38:12) Early stopping counter: 2/5 (Best val_loss: 0.7321)
[2025-03-07 16:21:46](00:38:59) Epoch: 48 |Train Loss: 0.6454 |Train R²: 0.8723 |Train Speed: 9.64 iter/s |Val Loss: 0.7159 |Val R²: 0.8704 |Val Speed: 12.87 iter/s |FE LR: 1.00e-05 |SVGP LR: 1.00e-02 |Likelihood LR: 1.00e-02
[2025-03-07 16:21:46](00:38:59) Saving best model to checkpoints/best_model_epoch=48_val_loss=0.7159.pt...
[2025-03-07 16:21:46](00:38:59) ★ New best validation metrics!
[2025-03-07 16:22:33](00:39:46) Epoch: 49 |Train Loss: 0.6422 |Train R²: 0.8737 |Train Speed: 9.56 iter/s |Val Loss: 0.7850 |Val R²: 0.8699 |Val Speed: 12.93 iter/s |FE LR: 1.00e-05 |SVGP LR: 1.00e-02 |Likelihood LR: 1.00e-02
[2025-03-07 16:22:33](00:39:46) Early stopping counter: 1/5 (Best val_loss: 0.7159)
[2025-03-07 16:23:20](00:40:33) Epoch: 50 |Train Loss: 0.6341 |Train R²: 0.8764 |Train Speed: 9.67 iter/s |Val Loss: 0.6708 |Val R²: 0.8779 |Val Speed: 12.77 iter/s |FE LR: 1.00e-05 |SVGP LR: 1.00e-02 |Likelihood LR: 1.00e-02
[2025-03-07 16:23:20](00:40:33) Saving best model to checkpoints/best_model_epoch=50_val_loss=0.6708.pt...
[2025-03-07 16:23:20](00:40:33) ★ New best validation metrics!
[2025-03-07 16:24:07](00:41:20) Epoch: 51 |Train Loss: 0.6251 |Train R²: 0.8781 |Train Speed: 9.68 iter/s |Val Loss: 0.6659 |Val R²: 0.8761 |Val Speed: 12.63 iter/s |FE LR: 1.00e-05 |SVGP LR: 1.00e-02 |Likelihood LR: 1.00e-02
[2025-03-07 16:24:07](00:41:20) Saving best model to checkpoints/best_model_epoch=51_val_loss=0.6659.pt...
[2025-03-07 16:24:07](00:41:20) ★ New best validation metrics!
[2025-03-07 16:24:55](00:42:07) Epoch: 52 |Train Loss: 0.6150 |Train R²: 0.8790 |Train Speed: 9.61 iter/s |Val Loss: 0.6622 |Val R²: 0.8806 |Val Speed: 12.94 iter/s |FE LR: 1.00e-05 |SVGP LR: 1.00e-02 |Likelihood LR: 1.00e-02
[2025-03-07 16:24:55](00:42:07) Saving best model to checkpoints/best_model_epoch=52_val_loss=0.6622.pt...
[2025-03-07 16:24:55](00:42:07) ★ New best validation metrics!
[2025-03-07 16:25:42](00:42:54) Epoch: 53 |Train Loss: 0.5913 |Train R²: 0.8823 |Train Speed: 9.69 iter/s |Val Loss: 0.6448 |Val R²: 0.8811 |Val Speed: 12.11 iter/s |FE LR: 1.00e-05 |SVGP LR: 1.00e-02 |Likelihood LR: 1.00e-02
[2025-03-07 16:25:42](00:42:54) Saving best model to checkpoints/best_model_epoch=53_val_loss=0.6448.pt...
[2025-03-07 16:25:42](00:42:55) ★ New best validation metrics!
[2025-03-07 16:26:29](00:43:42) Epoch: 54 |Train Loss: 0.5867 |Train R²: 0.8832 |Train Speed: 9.64 iter/s |Val Loss: 0.6343 |Val R²: 0.8822 |Val Speed: 12.57 iter/s |FE LR: 1.00e-05 |SVGP LR: 1.00e-02 |Likelihood LR: 1.00e-02
[2025-03-07 16:26:29](00:43:42) Saving best model to checkpoints/best_model_epoch=54_val_loss=0.6343.pt...
[2025-03-07 16:26:29](00:43:42) ★ New best validation metrics!
[2025-03-07 16:27:16](00:44:29) Epoch: 55 |Train Loss: 0.5777 |Train R²: 0.8840 |Train Speed: 9.66 iter/s |Val Loss: 0.6463 |Val R²: 0.8842 |Val Speed: 12.75 iter/s |FE LR: 1.00e-05 |SVGP LR: 1.00e-02 |Likelihood LR: 1.00e-02
[2025-03-07 16:27:16](00:44:29) Early stopping counter: 1/5 (Best val_loss: 0.6343)
[2025-03-07 16:28:03](00:45:16) Epoch: 56 |Train Loss: 0.5759 |Train R²: 0.8858 |Train Speed: 9.67 iter/s |Val Loss: 0.7242 |Val R²: 0.8811 |Val Speed: 12.97 iter/s |FE LR: 1.00e-05 |SVGP LR: 1.00e-02 |Likelihood LR: 1.00e-02
[2025-03-07 16:28:03](00:45:16) Early stopping counter: 2/5 (Best val_loss: 0.6343)
[2025-03-07 16:28:50](00:46:03) Epoch: 57 |Train Loss: 0.5583 |Train R²: 0.8877 |Train Speed: 9.67 iter/s |Val Loss: 0.6294 |Val R²: 0.8865 |Val Speed: 12.65 iter/s |FE LR: 1.00e-05 |SVGP LR: 1.00e-02 |Likelihood LR: 1.00e-02
[2025-03-07 16:28:50](00:46:03) Saving best model to checkpoints/best_model_epoch=57_val_loss=0.6294.pt...
[2025-03-07 16:28:50](00:46:03) ★ New best validation metrics!
[2025-03-07 16:29:37](00:46:50) Epoch: 58 |Train Loss: 0.5480 |Train R²: 0.8895 |Train Speed: 9.58 iter/s |Val Loss: 0.6189 |Val R²: 0.8870 |Val Speed: 12.71 iter/s |FE LR: 1.00e-05 |SVGP LR: 1.00e-02 |Likelihood LR: 1.00e-02
[2025-03-07 16:29:37](00:46:50) Saving best model to checkpoints/best_model_epoch=58_val_loss=0.6189.pt...
[2025-03-07 16:29:38](00:46:50) ★ New best validation metrics!
[2025-03-07 16:30:25](00:47:37) Epoch: 59 |Train Loss: 0.5399 |Train R²: 0.8912 |Train Speed: 9.64 iter/s |Val Loss: 0.6610 |Val R²: 0.8891 |Val Speed: 12.90 iter/s |FE LR: 1.00e-05 |SVGP LR: 1.00e-02 |Likelihood LR: 1.00e-02
[2025-03-07 16:30:25](00:47:37) Early stopping counter: 1/5 (Best val_loss: 0.6189)
[2025-03-07 16:31:12](00:48:24) Epoch: 60 |Train Loss: 0.5299 |Train R²: 0.8925 |Train Speed: 9.70 iter/s |Val Loss: 0.6211 |Val R²: 0.8916 |Val Speed: 12.06 iter/s |FE LR: 1.00e-05 |SVGP LR: 1.00e-02 |Likelihood LR: 1.00e-02
[2025-03-07 16:31:12](00:48:24) Early stopping counter: 2/5 (Best val_loss: 0.6189)
[2025-03-07 16:31:59](00:49:11) Epoch: 61 |Train Loss: 0.5234 |Train R²: 0.8941 |Train Speed: 9.70 iter/s |Val Loss: 0.5941 |Val R²: 0.8931 |Val Speed: 11.58 iter/s |FE LR: 1.00e-05 |SVGP LR: 1.00e-02 |Likelihood LR: 1.00e-02
[2025-03-07 16:31:59](00:49:11) Saving best model to checkpoints/best_model_epoch=61_val_loss=0.5941.pt...
[2025-03-07 16:31:59](00:49:12) ★ New best validation metrics!
[2025-03-07 16:32:46](00:49:58) Epoch: 62 |Train Loss: 0.5017 |Train R²: 0.8958 |Train Speed: 9.68 iter/s |Val Loss: 0.5838 |Val R²: 0.8921 |Val Speed: 12.64 iter/s |FE LR: 1.00e-05 |SVGP LR: 1.00e-02 |Likelihood LR: 1.00e-02
[2025-03-07 16:32:46](00:49:59) Saving best model to checkpoints/best_model_epoch=62_val_loss=0.5838.pt...
[2025-03-07 16:32:46](00:49:59) ★ New best validation metrics!
[2025-03-07 16:33:33](00:50:46) Epoch: 63 |Train Loss: 0.4965 |Train R²: 0.8974 |Train Speed: 9.63 iter/s |Val Loss: 0.5704 |Val R²: 0.8974 |Val Speed: 12.72 iter/s |FE LR: 1.00e-05 |SVGP LR: 1.00e-02 |Likelihood LR: 1.00e-02
[2025-03-07 16:33:33](00:50:46) Saving best model to checkpoints/best_model_epoch=63_val_loss=0.5704.pt...
[2025-03-07 16:33:33](00:50:46) ★ New best validation metrics!
[2025-03-07 16:34:21](00:51:33) Epoch: 64 |Train Loss: 0.5008 |Train R²: 0.8985 |Train Speed: 9.55 iter/s |Val Loss: 0.6209 |Val R²: 0.8955 |Val Speed: 12.37 iter/s |FE LR: 1.00e-05 |SVGP LR: 1.00e-02 |Likelihood LR: 1.00e-02
[2025-03-07 16:34:21](00:51:33) Early stopping counter: 1/5 (Best val_loss: 0.5704)
[2025-03-07 16:35:08](00:52:21) Epoch: 65 |Train Loss: 0.4812 |Train R²: 0.9007 |Train Speed: 9.63 iter/s |Val Loss: 0.6526 |Val R²: 0.8943 |Val Speed: 12.15 iter/s |FE LR: 1.00e-05 |SVGP LR: 1.00e-02 |Likelihood LR: 1.00e-02
[2025-03-07 16:35:08](00:52:21) Early stopping counter: 2/5 (Best val_loss: 0.5704)
[2025-03-07 16:35:55](00:53:08) Epoch: 66 |Train Loss: 0.4735 |Train R²: 0.9017 |Train Speed: 9.65 iter/s |Val Loss: 0.6302 |Val R²: 0.8988 |Val Speed: 12.34 iter/s |FE LR: 1.00e-05 |SVGP LR: 1.00e-02 |Likelihood LR: 1.00e-02
[2025-03-07 16:35:55](00:53:08) Early stopping counter: 3/5 (Best val_loss: 0.5704)
[2025-03-07 16:36:42](00:53:55) Epoch: 67 |Train Loss: 0.4614 |Train R²: 0.9025 |Train Speed: 9.67 iter/s |Val Loss: 0.6259 |Val R²: 0.8971 |Val Speed: 12.84 iter/s |FE LR: 1.00e-05 |SVGP LR: 1.00e-02 |Likelihood LR: 1.00e-02
[2025-03-07 16:36:42](00:53:55) Early stopping counter: 4/5 (Best val_loss: 0.5704)
[2025-03-07 16:37:29](00:54:42) Epoch: 68 |Train Loss: 0.4512 |Train R²: 0.9048 |Train Speed: 9.64 iter/s |Val Loss: 0.5293 |Val R²: 0.9047 |Val Speed: 12.92 iter/s |FE LR: 1.00e-05 |SVGP LR: 1.00e-02 |Likelihood LR: 1.00e-02
[2025-03-07 16:37:29](00:54:42) Saving best model to checkpoints/best_model_epoch=68_val_loss=0.5293.pt...
[2025-03-07 16:37:29](00:54:42) ★ New best validation metrics!
[2025-03-07 16:38:17](00:55:29) Epoch: 69 |Train Loss: 0.4484 |Train R²: 0.9067 |Train Speed: 9.57 iter/s |Val Loss: 0.5397 |Val R²: 0.9049 |Val Speed: 12.63 iter/s |FE LR: 1.00e-05 |SVGP LR: 1.00e-02 |Likelihood LR: 1.00e-02
[2025-03-07 16:38:17](00:55:29) Early stopping counter: 1/5 (Best val_loss: 0.5293)
[2025-03-07 16:39:06](00:56:19) Epoch: 70 |Train Loss: 0.4484 |Train R²: 0.9067 |Train Speed: 9.19 iter/s |Val Loss: 0.5621 |Val R²: 0.9051 |Val Speed: 12.64 iter/s |FE LR: 1.00e-05 |SVGP LR: 1.00e-02 |Likelihood LR: 1.00e-02
[2025-03-07 16:39:06](00:56:19) Early stopping counter: 2/5 (Best val_loss: 0.5293)
[2025-03-07 16:39:55](00:57:08) Epoch: 71 |Train Loss: 0.4275 |Train R²: 0.9088 |Train Speed: 9.22 iter/s |Val Loss: 0.5884 |Val R²: 0.9059 |Val Speed: 12.41 iter/s |FE LR: 1.00e-05 |SVGP LR: 1.00e-02 |Likelihood LR: 1.00e-02
[2025-03-07 16:39:55](00:57:08) Early stopping counter: 3/5 (Best val_loss: 0.5293)
[2025-03-07 16:40:42](00:57:55) Epoch: 72 |Train Loss: 0.4207 |Train R²: 0.9100 |Train Speed: 9.60 iter/s |Val Loss: 0.5209 |Val R²: 0.9097 |Val Speed: 12.63 iter/s |FE LR: 1.00e-05 |SVGP LR: 1.00e-02 |Likelihood LR: 1.00e-02
[2025-03-07 16:40:42](00:57:55) Saving best model to checkpoints/best_model_epoch=72_val_loss=0.5209.pt...
[2025-03-07 16:40:43](00:57:55) ★ New best validation metrics!
[2025-03-07 16:41:30](00:58:42) Epoch: 73 |Train Loss: 0.4207 |Train R²: 0.9111 |Train Speed: 9.66 iter/s |Val Loss: 0.5456 |Val R²: 0.9072 |Val Speed: 12.47 iter/s |FE LR: 1.00e-05 |SVGP LR: 1.00e-02 |Likelihood LR: 1.00e-02
[2025-03-07 16:41:30](00:58:42) Early stopping counter: 1/5 (Best val_loss: 0.5209)
[2025-03-07 16:42:17](00:59:29) Epoch: 74 |Train Loss: 0.4144 |Train R²: 0.9123 |Train Speed: 9.69 iter/s |Val Loss: 0.5215 |Val R²: 0.9081 |Val Speed: 12.04 iter/s |FE LR: 1.00e-05 |SVGP LR: 1.00e-02 |Likelihood LR: 1.00e-02
[2025-03-07 16:42:17](00:59:29) Early stopping counter: 2/5 (Best val_loss: 0.5209)
[2025-03-07 16:43:05](01:00:17) Epoch: 75 |Train Loss: 0.4009 |Train R²: 0.9133 |Train Speed: 9.52 iter/s |Val Loss: 0.5327 |Val R²: 0.9103 |Val Speed: 12.21 iter/s |FE LR: 1.00e-05 |SVGP LR: 1.00e-02 |Likelihood LR: 1.00e-02
[2025-03-07 16:43:05](01:00:17) Early stopping counter: 3/5 (Best val_loss: 0.5209)
[2025-03-07 16:43:51](01:01:04) Epoch: 76 |Train Loss: 0.3912 |Train R²: 0.9147 |Train Speed: 9.69 iter/s |Val Loss: 0.5410 |Val R²: 0.9111 |Val Speed: 12.83 iter/s |FE LR: 1.00e-05 |SVGP LR: 1.00e-02 |Likelihood LR: 1.00e-02
[2025-03-07 16:43:51](01:01:04) Early stopping counter: 4/5 (Best val_loss: 0.5209)
[2025-03-07 16:44:39](01:01:51) Epoch: 77 |Train Loss: 0.3791 |Train R²: 0.9153 |Train Speed: 9.63 iter/s |Val Loss: 0.5865 |Val R²: 0.9079 |Val Speed: 12.64 iter/s |FE LR: 1.00e-05 |SVGP LR: 1.00e-02 |Likelihood LR: 1.00e-02
[2025-03-07 16:44:39](01:01:51) Early stopping counter: 5/5 (Best val_loss: 0.5209)
[2025-03-07 16:44:39](01:01:51) 
Early stopping triggered! No improvement in validation loss for 5 epochs.
[2025-03-07 16:44:39](01:01:51) 
Training stopped early at epoch 78/400
[2025-03-07 16:44:39](01:01:51) 
Saving final model...
[2025-03-07 16:44:40](01:01:53) ✓ Model saved to model.pt!
[2025-03-07 16:44:40](01:01:53) 
✓ Training completed successfully!
[2025-03-07 16:44:40](01:01:53) Best validation metrics:
• Loss: 0.5209
• R²: 0.9097
[2025-03-07 16:44:40](01:01:53) 
Evaluating train set...
[2025-03-07 16:45:10](01:02:23) • R²: 0.9142
[2025-03-07 16:45:10](01:02:23) • RMSE: 0.5618
[2025-03-07 16:45:10](01:02:23) 
Evaluating val set...
[2025-03-07 16:45:15](01:02:27) • R²: 0.9097
[2025-03-07 16:45:15](01:02:27) • RMSE: 0.5589
[2025-03-07 16:45:15](01:02:27) 
Evaluating test set...
[2025-03-07 16:45:23](01:02:36) • R²: 0.8969
[2025-03-07 16:45:23](01:02:36) • RMSE: 0.6195
[2025-03-07 16:45:23](01:02:36) 
✓ Results saved to results.pt!
