[2025-02-22 06:59:16](00:00:00) Strat evidential training...
[2025-02-22 06:59:16](00:00:00) PyTorch Version: 2.4.0+cu121
[2025-02-22 06:59:16](00:00:00) Max epochs: 100, Seed: 93492
[2025-02-22 06:59:16](00:00:00) Hyperparameter tuning started...
[2025-02-22 14:35:04](07:35:47) Hyperparameter tuning finished.
[2025-02-22 14:35:04](07:35:47) Best config:  {'batch_size': 64, 'hidden_channels': 64, 'num_filters': 128, 'num_interactions': 2, 'cfconv_num_dense': 4, 'interaction_num_dense': 2, 'num_gaussians': 75, 'readout': 'mean', 'activation': 'gelu', 'optimizer': 'adam', 'scheduler': 'step', 'learning_rate': 0.00069608721663848}
[2025-02-22 14:35:04](07:35:47) Database path: /expanse/lustre/scratch/omamun/temp_project/final_exp_catunc/CatUncertainty/data/open_catalyst_20/eagle_split
[2025-02-22 14:35:04](07:35:47) Setting up data module...
[2025-02-22 14:35:04](07:35:47) Data module setup complete!
[2025-02-22 14:35:04](07:35:47) SchNet model created!
[2025-02-22 14:35:04](07:35:47) Lightning module created!
[2025-02-22 14:35:04](07:35:47) Training started...
[2025-02-22 15:14:39](08:15:22) Training completed!
[2025-02-22 15:14:39](08:15:22) Evaluating train set...
[2025-02-22 15:14:57](08:15:40) R²: 0.8226 | RMSE: 0.6431
[2025-02-22 15:14:57](08:15:40) Evaluating val set...
[2025-02-22 15:15:00](08:15:43) R²: 0.7885 | RMSE: 0.7138
[2025-02-22 15:15:00](08:15:43) Evaluating test set...
[2025-02-22 15:15:19](08:16:02) R²: 0.7919 | RMSE: 0.7003
[2025-02-22 15:15:19](08:16:02) ✓ Predictions saved to results.pt!
