[2025-02-19 07:22:26](00:00:00) Strat evidential training...
[2025-02-19 07:22:26](00:00:00) PyTorch Version: 2.4.0+cu121
[2025-02-19 07:22:26](00:00:00) Max epochs: 200, Seed: 40994
[2025-02-19 07:22:26](00:00:00) Hyperparameter tuning started...
[2025-02-19 10:34:15](03:11:48) Hyperparameter tuning finished.
[2025-02-19 10:34:15](03:11:48) Best config:  {'batch_size': 64, 'num_layers': 6, 'hidden_channels': 256, 'num_radial': 25, 'readout': 'mean', 'activation': 'gelu', 'optimizer': 'rmsprop', 'scheduler': 'cosine', 'learning_rate': 0.00024290420460717086}
[2025-02-19 10:34:15](03:11:48) Database path: /expanse/lustre/scratch/omamun/temp_project/final_exp_catunc/CatUncertainty/data/catalysis_hub
[2025-02-19 10:34:15](03:11:48) Setting up data module...
[2025-02-19 10:34:15](03:11:48) Data module setup complete!
[2025-02-19 10:34:15](03:11:48) PaiNN model created!
[2025-02-19 10:34:15](03:11:48) Lightning module created!
[2025-02-19 10:34:15](03:11:48) Training started...
[2025-02-19 11:53:20](04:30:53) Training completed!
[2025-02-19 11:53:20](04:30:54) Evaluating train set...
[2025-02-19 11:53:44](04:31:17) R²: 0.9885 | RMSE: 0.2044
[2025-02-19 11:53:44](04:31:17) Evaluating val set...
[2025-02-19 11:53:47](04:31:21) R²: 0.9803 | RMSE: 0.2706
[2025-02-19 11:53:47](04:31:21) Evaluating test set...
[2025-02-19 11:53:54](04:31:28) R²: 0.9802 | RMSE: 0.2709
[2025-02-19 11:53:54](04:31:28) ✓ Predictions saved to results.pt!
