[2025-02-28 10:21:47](00:00:00) Strat ensemble training...
[2025-02-28 10:21:47](00:00:00) PyTorch Version: 2.4.0+cu121
[2025-02-28 10:21:47](00:00:00) Max epochs: 100, Seed: 22781
[2025-02-28 10:21:47](00:00:00) Hyperparameter tuning started...
[2025-02-28 13:59:29](03:37:42) Hyperparameter tuning finished.
[2025-02-28 13:59:29](03:37:42) Best config:  {'batch_size': 32, 'hidden_channels': 256, 'num_filters': 128, 'num_interactions': 2, 'cfconv_num_dense': 6, 'interaction_num_dense': 2, 'num_gaussians': 25, 'readout': 'mean', 'dropout': 0.5, 'activation': 'gelu', 'optimizer': 'adamw', 'scheduler': 'cosine', 'learning_rate': 0.0007207349177412113}
[2025-02-28 13:59:29](03:37:42) Database path: /home/fs01/om235/CatUncertainty/data/catalysis_hub
[2025-02-28 13:59:29](03:37:42) Setting up data module...
[2025-02-28 13:59:29](03:37:42) Data module setup complete!
[2025-02-28 13:59:29](03:37:42) SchNet model created!
[2025-02-28 13:59:29](03:37:42) Lightning module created!
[2025-02-28 13:59:29](03:37:42) Training started...
[2025-02-28 14:43:36](04:21:48) Training completed!
[2025-02-28 14:43:36](04:21:49) Evaluating train set...
[2025-02-28 14:44:21](04:22:34) R²: 0.9994 | RMSE: 0.0450
[2025-02-28 14:44:21](04:22:34) Evaluating val set...
[2025-02-28 14:44:27](04:22:40) R²: 0.9890 | RMSE: 0.1994
[2025-02-28 14:44:27](04:22:40) Evaluating test set...
[2025-02-28 14:44:41](04:22:53) R²: 0.9904 | RMSE: 0.1887
[2025-02-28 14:44:41](04:22:53) ✓ Predictions saved to results.pt!
