[2025-02-22 09:31:27](00:00:00) Strat evidential training...
[2025-02-22 09:31:27](00:00:00) PyTorch Version: 2.4.0+cu121
[2025-02-22 09:31:27](00:00:00) Max epochs: 100, Seed: 87374
[2025-02-22 09:31:27](00:00:00) Hyperparameter tuning started...
[2025-02-22 14:21:01](04:49:33) Hyperparameter tuning finished.
[2025-02-22 14:21:01](04:49:33) Best config:  {'batch_size': 32, 'hidden_channels': 128, 'num_filters': 256, 'num_interactions': 6, 'cfconv_num_dense': 4, 'interaction_num_dense': 2, 'num_gaussians': 50, 'readout': 'mean', 'activation': 'gelu', 'optimizer': 'rmsprop', 'scheduler': 'step', 'learning_rate': 5.018118262923564e-05}
[2025-02-22 14:21:01](04:49:33) Database path: /expanse/lustre/scratch/omamun/temp_project/final_exp_catunc/CatUncertainty/data/catalysis_hub
[2025-02-22 14:21:01](04:49:33) Setting up data module...
[2025-02-22 14:21:01](04:49:33) Data module setup complete!
[2025-02-22 14:21:01](04:49:34) SchNet model created!
[2025-02-22 14:21:01](04:49:34) Lightning module created!
[2025-02-22 14:21:01](04:49:34) Training started...
[2025-02-22 14:55:03](05:23:36) Training completed!
[2025-02-22 14:55:03](05:23:36) Evaluating train set...
[2025-02-22 14:55:14](05:23:46) R²: 0.9939 | RMSE: 0.1496
[2025-02-22 14:55:14](05:23:46) Evaluating val set...
[2025-02-22 14:55:15](05:23:48) R²: 0.9871 | RMSE: 0.2159
[2025-02-22 14:55:15](05:23:48) Evaluating test set...
[2025-02-22 14:55:19](05:23:52) R²: 0.9881 | RMSE: 0.2109
[2025-02-22 14:55:19](05:23:52) ✓ Predictions saved to results.pt!
